[OPTRACE]|140471899895808|1|OPTraceCPP|cpp|1603418928260|START|xocc|ROLLUP_0
[OPTRACE]|140471899895808|2|OPTraceCPP|cpp|1603418928260|START|Validate Kernels|
[OPTRACE]|140471899895808|3|OPTraceCPP|cpp|1603418928486|END|Validate Kernels|
[OPTRACE]|140471899895808|4|OPTraceCPP|cpp|1603418928542|START|OCL_LINK|
[OPTRACE]|140471899895808|5|OPTraceCPP|cpp|1603418928542|START|CreateSolution|
[OPTRACE]|140471899895808|6|OPTraceCPP|cpp|1603418929514|END|CreateSolution|
[OPTRACE]|140471899895808|7|OPTraceCPP|cpp|1603418929514|START|AddDevice|
[OPTRACE]|140471899895808|8|OPTraceCPP|cpp|1603418929514|START|Find & load device|
[OPTRACE]|140471899895808|9|OPTraceCPP|cpp|1603418929896|END|Find & load device|
[OPTRACE]|140471899895808|10|OPTraceCPP|cpp|1603418936507|END|AddDevice|
[OPTRACE]|140471899895808|11|OPTraceCPP|cpp|1603418936508|START|CreateBinary|
[OPTRACE]|140471899895808|12|OPTraceCPP|cpp|1603418936508|END|CreateBinary|
[OPTRACE]|140471899895808|13|OPTraceCPP|cpp|1603418936508|START|Extract Kernels|
[OPTRACE]|140471899895808|14|OPTraceCPP|cpp|1603418936601|END|Extract Kernels|
[OPTRACE]|140471899895808|15|OPTraceCPP|cpp|1603418936684|START|Launch Step: sdx_link|
[OPTRACE]|140471899895808|16|OPTraceCPP|cpp|1603418946293|END|Launch Step: sdx_link|
[OPTRACE]|140471899895808|17|OPTraceCPP|cpp|1603418946294|START|Launch Step: vpl|
[OPTRACE]|140471899895808|18|OPTraceCPP|cpp|1603419121068|END|Launch Step: vpl|
[OPTRACE]|140471899895808|19|OPTraceCPP|cpp|1603419121068|START|Launch Step: rtdgen|
[OPTRACE]|140471899895808|20|OPTraceCPP|cpp|1603419121082|START|Launch cf2sw|
[OPTRACE]|140471899895808|21|OPTraceCPP|cpp|1603419122309|END|Launch cf2sw|
[OPTRACE]|140471899895808|22|OPTraceCPP|cpp|1603419124607|END|Launch Step: rtdgen|
[OPTRACE]|140471899895808|23|OPTraceCPP|cpp|1603419124607|START|Launch Step: xclbinutil|
[OPTRACE]|140471899895808|24|OPTraceCPP|cpp|1603419124730|END|Launch Step: xclbinutil|
[OPTRACE]|140471899895808|25|OPTraceCPP|cpp|1603419124730|START|Launch Step: xclbinutilinfo|
[OPTRACE]|140471899895808|26|OPTraceCPP|cpp|1603419125011|END|Launch Step: xclbinutilinfo|
[OPTRACE]|140471899895808|27|OPTraceCPP|cpp|1603419125012|END|OCL_LINK|
[OPTRACE]|140471899895808|28|OPTraceCPP|cpp|1603419125162|END|xocc|
