

================================================================
== Vivado HLS Report for 'exp_generic_double_s'
================================================================
* Date:           Thu Jan  7 00:23:40 2021

* Version:        2019.2 (Build 2704478 on Wed Nov 06 22:10:23 MST 2019)
* Project:        final
* Solution:       solution_final
* Product family: virtexuplus
* Target device:  xcvu9p-flgb2104-2-i


================================================================
== Performance Estimates
================================================================
+ Timing: 
    * Summary: 
    +--------+---------+----------+------------+
    |  Clock |  Target | Estimated| Uncertainty|
    +--------+---------+----------+------------+
    |ap_clk  | 3.33 ns | 2.426 ns |   0.90 ns  |
    +--------+---------+----------+------------+

+ Latency: 
    * Summary: 
    +---------+---------+-----------+-----------+-----+-----+----------+
    |  Latency (cycles) |   Latency (absolute)  |  Interval | Pipeline |
    |   min   |   max   |    min    |    max    | min | max |   Type   |
    +---------+---------+-----------+-----------+-----+-----+----------+
    |       29|       29| 96.570 ns | 96.570 ns |    1|    1| function |
    +---------+---------+-----------+-----------+-----+-----+----------+

    + Detail: 
        * Instance: 
        N/A

        * Loop: 
        N/A



================================================================
== Utilization Estimates
================================================================
* Summary: 
+---------------------+---------+-------+---------+---------+-----+
|         Name        | BRAM_18K| DSP48E|    FF   |   LUT   | URAM|
+---------------------+---------+-------+---------+---------+-----+
|DSP                  |        -|      1|        -|        -|    -|
|Expression           |        -|      -|        0|     2319|    -|
|FIFO                 |        -|      -|        -|        -|    -|
|Instance             |        -|     23|     1314|      511|    -|
|Memory               |        5|      -|        0|        0|    -|
|Multiplexer          |        -|      -|        -|        -|    -|
|Register             |       10|      -|     1637|      326|    -|
+---------------------+---------+-------+---------+---------+-----+
|Total                |       15|     24|     2951|     3156|    0|
+---------------------+---------+-------+---------+---------+-----+
|Available SLR        |     1440|   2280|   788160|   394080|  320|
+---------------------+---------+-------+---------+---------+-----+
|Utilization SLR (%)  |        1|      1|    ~0   |    ~0   |    0|
+---------------------+---------+-------+---------+---------+-----+
|Available            |     4320|   6840|  2364480|  1182240|  960|
+---------------------+---------+-------+---------+---------+-----+
|Utilization (%)      |    ~0   |   ~0  |    ~0   |    ~0   |    0|
+---------------------+---------+-------+---------+---------+-----+

+ Detail: 
    * Instance: 
    +-----------------------------------+--------------------------------+---------+-------+-----+-----+-----+
    |              Instance             |             Module             | BRAM_18K| DSP48E|  FF | LUT | URAM|
    +-----------------------------------+--------------------------------+---------+-------+-----+-----+-----+
    |kerneldl_mul_36ns_43ns_79_4_1_U2   |kerneldl_mul_36ns_43ns_79_4_1   |        0|      5|  297|   89|    0|
    |kerneldl_mul_44ns_49ns_93_5_1_U3   |kerneldl_mul_44ns_49ns_93_5_1   |        0|      6|  236|   87|    0|
    |kerneldl_mul_50ns_50ns_100_5_1_U4  |kerneldl_mul_50ns_50ns_100_5_1  |        0|      8|  340|   86|    0|
    |kerneldl_mul_72ns_13s_84_5_1_U1    |kerneldl_mul_72ns_13s_84_5_1    |        0|      4|  441|  249|    0|
    +-----------------------------------+--------------------------------+---------+-------+-----+-----+-----+
    |Total                              |                                |        0|     23| 1314|  511|    0|
    +-----------------------------------+--------------------------------+---------+-------+-----+-----+-----+

    * DSP48E: 
    +--------------------------------------------+-----------------------------------------+--------------+
    |                  Instance                  |                  Module                 |  Expression  |
    +--------------------------------------------+-----------------------------------------+--------------+
    |kerneldl_mac_muladd_16ns_16s_19s_31_4_1_U5  |kerneldl_mac_muladd_16ns_16s_19s_31_4_1  | i0 * i1 + i2 |
    +--------------------------------------------+-----------------------------------------+--------------+

    * Memory: 
    +-----------------------------------------------------------------+----------------------------------------------------------------------------------+---------+---+----+-----+------+-----+------+-------------+
    |                              Memory                             |                                      Module                                      | BRAM_18K| FF| LUT| URAM| Words| Bits| Banks| W*Bits*Banks|
    +-----------------------------------------------------------------+----------------------------------------------------------------------------------+---------+---+----+-----+------+-----+------+-------------+
    |table_exp_Z1_ap_ufixed_58_1_ap_q_mode_5_ap_o_mode_3_0_array_V_U  |exp_generic_double_s_table_exp_Z1_ap_ufixed_58_1_ap_q_mode_5_ap_o_mode_3_0_arbkb  |        2|  0|   0|    0|   256|   58|     1|        14848|
    |table_f_Z2_ap_ufixed_59_0_ap_q_mode_5_ap_o_mode_3_0_array_V_U    |exp_generic_double_s_table_f_Z2_ap_ufixed_59_0_ap_q_mode_5_ap_o_mode_3_0_arradEe  |        2|  0|   0|    0|   256|   42|     1|        10752|
    |table_f_Z3_ap_ufixed_59_0_ap_q_mode_5_ap_o_mode_3_0_array_V_U    |exp_generic_double_s_table_f_Z3_ap_ufixed_59_0_ap_q_mode_5_ap_o_mode_3_0_arracud  |        1|  0|   0|    0|   256|   26|     1|         6656|
    +-----------------------------------------------------------------+----------------------------------------------------------------------------------+---------+---+----+-----+------+-----+------+-------------+
    |Total                                                            |                                                                                  |        5|  0|   0|    0|   768|  126|     3|        32256|
    +-----------------------------------------------------------------+----------------------------------------------------------------------------------+---------+---+----+-----+------+-----+------+-------------+

    * FIFO: 
    N/A

    * Expression: 
    +-----------------------------+----------+-------+---+-----+------------+------------+
    |        Variable Name        | Operation| DSP48E| FF| LUT | Bitwidth P0| Bitwidth P1|
    +-----------------------------+----------+-------+---+-----+------------+------------+
    |add_ln1146_1_fu_858_p2       |     +    |      0|  0|  107|         107|         107|
    |add_ln657_2_fu_787_p2        |     +    |      0|  0|   44|          44|          44|
    |add_ln657_fu_710_p2          |     +    |      0|  0|   36|          36|          36|
    |add_ln805_fu_531_p2          |     +    |      0|  0|   13|           1|          13|
    |exp_Z1P_m_1_l_V_fu_796_p2    |     +    |      0|  0|   52|          52|          52|
    |exp_Z2P_m_1_V_fu_719_p2      |     +    |      0|  0|   44|          44|          44|
    |m_exp_fu_321_p2              |     +    |      0|  0|   12|          11|          12|
    |out_exp_V_fu_1006_p2         |     +    |      0|  0|   11|          10|          11|
    |r_exp_V_fu_922_p2            |     +    |      0|  0|   13|           2|          13|
    |ret_V_20_fu_663_p2           |     +    |      0|  0|   36|          36|          36|
    |ret_V_22_fu_837_p2           |     +    |      0|  0|   59|           5|          59|
    |ret_V_23_fu_916_p2           |     +    |      0|  0|  108|         108|         108|
    |e_frac_V_fu_335_p2           |     -    |      0|  0|   54|           1|          54|
    |ret_V_19_fu_586_p2           |     -    |      0|  0|   73|          73|          73|
    |sub_ln1311_fu_357_p2         |     -    |      0|  0|   11|          10|          11|
    |and_ln18_fu_311_p2           |    and   |      0|  0|    2|           1|           1|
    |and_ln209_fu_299_p2          |    and   |      0|  0|    2|           1|           1|
    |and_ln338_1_fu_1082_p2       |    and   |      0|  0|    2|           1|           1|
    |and_ln338_fu_1032_p2         |    and   |      0|  0|    2|           1|           1|
    |and_ln849_fu_1042_p2         |    and   |      0|  0|    2|           1|           1|
    |ap_block_pp0_stage0_11001    |    and   |      0|  0|    2|           1|           1|
    |sel_tmp16_fu_1110_p2         |    and   |      0|  0|    2|           1|           1|
    |sel_tmp5_fu_1054_p2          |    and   |      0|  0|    2|           1|           1|
    |tmp19_fu_1104_p2             |    and   |      0|  0|    2|           1|           1|
    |x_is_pinf_fu_877_p2          |    and   |      0|  0|    2|           1|           1|
    |r_V_41_fu_446_p2             |   ashr   |      0|  0|  182|          64|          64|
    |r_V_fu_403_p2                |   ashr   |      0|  0|  176|          61|          61|
    |icmp_ln338_1_fu_489_p2       |   icmp   |      0|  0|   50|          71|          71|
    |icmp_ln338_fu_375_p2         |   icmp   |      0|  0|   13|          12|           1|
    |icmp_ln805_fu_525_p2         |   icmp   |      0|  0|   20|          18|           1|
    |icmp_ln833_3_fu_305_p2       |   icmp   |      0|  0|   29|          52|           1|
    |icmp_ln833_fu_287_p2         |   icmp   |      0|  0|   13|          11|           2|
    |icmp_ln837_fu_293_p2         |   icmp   |      0|  0|   29|          52|           1|
    |icmp_ln849_fu_943_p2         |   icmp   |      0|  0|    9|           3|           1|
    |icmp_ln853_fu_969_p2         |   icmp   |      0|  0|   13|          13|          11|
    |ap_block_pp0_stage0_subdone  |    or    |      0|  0|    2|           1|           1|
    |or_ln214_1_fu_894_p2         |    or    |      0|  0|    2|           1|           1|
    |or_ln214_fu_882_p2           |    or    |      0|  0|    2|           1|           1|
    |or_ln338_fu_949_p2           |    or    |      0|  0|    2|           1|           1|
    |or_ln849_1_fu_1087_p2        |    or    |      0|  0|    2|           1|           1|
    |or_ln849_2_fu_1098_p2        |    or    |      0|  0|    2|           1|           1|
    |or_ln849_fu_1048_p2          |    or    |      0|  0|    2|           1|           1|
    |ap_return                    |  select  |      0|  0|   63|           1|           1|
    |m_exp_2_fu_367_p3            |  select  |      0|  0|   12|           1|          12|
    |r_V_50_fu_419_p3             |  select  |      0|  0|   75|           1|          71|
    |r_exp_V_2_fu_927_p3          |  select  |      0|  0|   13|           1|          13|
    |r_exp_V_3_fu_545_p3          |  select  |      0|  0|   13|           1|          13|
    |sel_tmp6_fu_1060_p3          |  select  |      0|  0|   63|           1|          64|
    |select_ln1322_fu_474_p3      |  select  |      0|  0|   63|           1|          64|
    |select_ln214_1_fu_898_p3     |  select  |      0|  0|   63|           1|          64|
    |select_ln214_2_fu_1068_p3    |  select  |      0|  0|   63|           1|          64|
    |select_ln214_fu_887_p3       |  select  |      0|  0|   63|           1|          63|
    |select_ln253_fu_341_p3       |  select  |      0|  0|   54|           1|          54|
    |select_ln339_fu_961_p3       |  select  |      0|  0|   63|           1|           1|
    |select_ln805_fu_537_p3       |  select  |      0|  0|   13|           1|          13|
    |tmp_V_50_fu_995_p3           |  select  |      0|  0|   52|           1|          52|
    |r_V_38_fu_413_p2             |    shl   |      0|  0|  211|          71|          71|
    |r_V_40_fu_440_p2             |    shl   |      0|  0|  182|          64|          64|
    |ap_enable_pp0                |    xor   |      0|  0|    2|           1|           2|
    |xor_ln214_fu_1026_p2         |    xor   |      0|  0|    2|           1|           2|
    |xor_ln338_1_fu_1076_p2       |    xor   |      0|  0|    2|           1|           2|
    |xor_ln338_fu_1037_p2         |    xor   |      0|  0|    2|           1|           2|
    |xor_ln849_fu_1092_p2         |    xor   |      0|  0|    2|           1|           2|
    |xor_ln936_fu_872_p2          |    xor   |      0|  0|    2|           1|           2|
    +-----------------------------+----------+-------+---+-----+------------+------------+
    |Total                        |          |      0|  0| 2319|        1069|        1600|
    +-----------------------------+----------+-------+---+-----+------------+------------+

    * Multiplexer: 
    N/A

    * Register: 
    +-------------------------------------+-----+----+-----+-----------+
    |                 Name                |  FF | LUT| Bits| Const Bits|
    +-------------------------------------+-----+----+-----+-----------+
    |Z2_V_reg_1225                        |    8|   0|    8|          0|
    |Z3_V_reg_1232                        |    8|   0|    8|          0|
    |Z3_V_reg_1232_pp0_iter11_reg         |    8|   0|    8|          0|
    |Z4_V_reg_1237                        |   35|   0|   35|          0|
    |and_ln18_reg_1147                    |    1|   0|    1|          0|
    |and_ln209_reg_1140                   |    1|   0|    1|          0|
    |ap_CS_fsm                            |    1|   0|    1|          0|
    |ap_enable_reg_pp0_iter1              |    1|   0|    1|          0|
    |ap_enable_reg_pp0_iter10             |    1|   0|    1|          0|
    |ap_enable_reg_pp0_iter11             |    1|   0|    1|          0|
    |ap_enable_reg_pp0_iter12             |    1|   0|    1|          0|
    |ap_enable_reg_pp0_iter13             |    1|   0|    1|          0|
    |ap_enable_reg_pp0_iter14             |    1|   0|    1|          0|
    |ap_enable_reg_pp0_iter15             |    1|   0|    1|          0|
    |ap_enable_reg_pp0_iter16             |    1|   0|    1|          0|
    |ap_enable_reg_pp0_iter17             |    1|   0|    1|          0|
    |ap_enable_reg_pp0_iter18             |    1|   0|    1|          0|
    |ap_enable_reg_pp0_iter19             |    1|   0|    1|          0|
    |ap_enable_reg_pp0_iter2              |    1|   0|    1|          0|
    |ap_enable_reg_pp0_iter20             |    1|   0|    1|          0|
    |ap_enable_reg_pp0_iter21             |    1|   0|    1|          0|
    |ap_enable_reg_pp0_iter22             |    1|   0|    1|          0|
    |ap_enable_reg_pp0_iter23             |    1|   0|    1|          0|
    |ap_enable_reg_pp0_iter24             |    1|   0|    1|          0|
    |ap_enable_reg_pp0_iter25             |    1|   0|    1|          0|
    |ap_enable_reg_pp0_iter26             |    1|   0|    1|          0|
    |ap_enable_reg_pp0_iter27             |    1|   0|    1|          0|
    |ap_enable_reg_pp0_iter28             |    1|   0|    1|          0|
    |ap_enable_reg_pp0_iter29             |    1|   0|    1|          0|
    |ap_enable_reg_pp0_iter3              |    1|   0|    1|          0|
    |ap_enable_reg_pp0_iter4              |    1|   0|    1|          0|
    |ap_enable_reg_pp0_iter5              |    1|   0|    1|          0|
    |ap_enable_reg_pp0_iter6              |    1|   0|    1|          0|
    |ap_enable_reg_pp0_iter7              |    1|   0|    1|          0|
    |ap_enable_reg_pp0_iter8              |    1|   0|    1|          0|
    |ap_enable_reg_pp0_iter9              |    1|   0|    1|          0|
    |exp_Z1P_m_1_V_reg_1325               |   50|   0|   50|          0|
    |exp_Z1_V_reg_1320                    |   58|   0|   58|          0|
    |exp_Z1_hi_V_reg_1330                 |   50|   0|   50|          0|
    |exp_Z2P_m_1_V_reg_1288               |   44|   0|   44|          0|
    |icmp_ln338_1_reg_1193                |    1|   0|    1|          0|
    |icmp_ln338_reg_1170                  |    1|   0|    1|          0|
    |isNeg_reg_1159                       |    1|   0|    1|          0|
    |m_diff_hi_V_reg_1220                 |    8|   0|    8|          0|
    |m_exp_2_reg_1165                     |   12|   0|   12|          0|
    |p_Result_275_reg_1135                |    1|   0|    1|          0|
    |p_Result_276_reg_1183                |    1|   0|    1|          0|
    |p_Result_276_reg_1183_pp0_iter2_reg  |    1|   0|    1|          0|
    |p_Val2_251_reg_1258                  |   26|   0|   26|          0|
    |r_V_50_reg_1178                      |   71|   0|   71|          0|
    |r_V_55_reg_1345                      |  100|   0|  100|          0|
    |r_V_55_reg_1345_pp0_iter28_reg       |  100|   0|  100|          0|
    |r_exp_V_3_reg_1203                   |   13|   0|   13|          0|
    |ret_V_20_reg_1252                    |   36|   0|   36|          0|
    |ret_V_22_reg_1351                    |   59|   0|   59|          0|
    |select_ln253_reg_1153                |   54|   0|   54|          0|
    |tmp_436_reg_1356                     |    1|   0|    1|          0|
    |tmp_76_reg_1278                      |   20|   0|   20|          0|
    |tmp_77_reg_1294                      |   40|   0|   40|          0|
    |tmp_78_reg_1315                      |   36|   0|   36|          0|
    |tmp_i_reg_1263                       |   34|   0|   43|          9|
    |tmp_s_reg_1215                       |   71|   0|   71|          0|
    |Z2_V_reg_1225                        |   64|  32|    8|          0|
    |and_ln18_reg_1147                    |   64|  32|    1|          0|
    |and_ln209_reg_1140                   |   64|  32|    1|          0|
    |exp_Z1_V_reg_1320                    |    3|   1|   58|          0|
    |exp_Z2P_m_1_V_reg_1288               |    3|   1|   44|          0|
    |icmp_ln338_1_reg_1193                |   64|  32|    1|          0|
    |icmp_ln338_reg_1170                  |   64|  32|    1|          0|
    |m_diff_hi_V_reg_1220                 |   64|  32|    8|          0|
    |p_Result_275_reg_1135                |   64|  32|    1|          0|
    |r_V_50_reg_1178                      |    3|   1|   71|          0|
    |r_exp_V_3_reg_1203                   |   64|  32|   13|          0|
    |ret_V_20_reg_1252                    |   64|  32|   36|          0|
    |select_ln253_reg_1153                |    5|   2|   54|          0|
    |tmp_77_reg_1294                      |    3|   1|   40|          0|
    |tmp_i_reg_1263                       |   64|  32|   43|          9|
    +-------------------------------------+-----+----+-----+-----------+
    |Total                                | 1637| 326| 1369|         18|
    +-------------------------------------+-----+----+-----+-----------+



================================================================
== Interface
================================================================
* Summary: 
+-----------+-----+-----+------------+---------------------+--------------+
| RTL Ports | Dir | Bits|  Protocol  |    Source Object    |    C Type    |
+-----------+-----+-----+------------+---------------------+--------------+
|ap_clk     |  in |    1| ap_ctrl_hs | exp_generic<double> | return value |
|ap_rst     |  in |    1| ap_ctrl_hs | exp_generic<double> | return value |
|ap_start   |  in |    1| ap_ctrl_hs | exp_generic<double> | return value |
|ap_done    | out |    1| ap_ctrl_hs | exp_generic<double> | return value |
|ap_idle    | out |    1| ap_ctrl_hs | exp_generic<double> | return value |
|ap_ready   | out |    1| ap_ctrl_hs | exp_generic<double> | return value |
|ap_ce      |  in |    1| ap_ctrl_hs | exp_generic<double> | return value |
|ap_return  | out |   64| ap_ctrl_hs | exp_generic<double> | return value |
|x          |  in |   64|   ap_none  |          x          |    scalar    |
+-----------+-----+-----+------------+---------------------+--------------+

