

================================================================
== Vivado HLS Report for 'predict'
================================================================
* Date:           Thu Jan  7 00:23:53 2021

* Version:        2019.2 (Build 2704478 on Wed Nov 06 22:10:23 MST 2019)
* Project:        final
* Solution:       solution_final
* Product family: virtexuplus
* Target device:  xcvu9p-flgb2104-2-i


================================================================
== Performance Estimates
================================================================
+ Timing: 
    * Summary: 
    +--------+---------+----------+------------+
    |  Clock |  Target | Estimated| Uncertainty|
    +--------+---------+----------+------------+
    |ap_clk  | 3.33 ns | 2.426 ns |   0.90 ns  |
    +--------+---------+----------+------------+

+ Latency: 
    * Summary: 
    +----------+----------+-----------+-----------+----------+----------+---------+
    |   Latency (cycles)  |   Latency (absolute)  |       Interval      | Pipeline|
    |    min   |    max   |    min    |    max    |    min   |    max   |   Type  |
    +----------+----------+-----------+-----------+----------+----------+---------+
    |  47699746|  47699746| 0.159 sec | 0.159 sec |  47699746|  47699746|   none  |
    +----------+----------+-----------+-----------+----------+----------+---------+

    + Detail: 
        * Instance: 
        +--------------------+---------+---------+---------+----------+----------+--------+--------+---------+
        |                    |         |  Latency (cycles) |  Latency (absolute) |     Interval    | Pipeline|
        |      Instance      |  Module |   min   |   max   |    min   |    max   |   min  |   max  |   Type  |
        +--------------------+---------+---------+---------+----------+----------+--------+--------+---------+
        |grp_forward_fu_224  |forward  |   317992|   317992| 1.059 ms | 1.059 ms |  317992|  317992|   none  |
        +--------------------+---------+---------+---------+----------+----------+--------+--------+---------+

        * Loop: 
        +----------+----------+----------+----------+-----------+-----------+------+----------+
        |          |   Latency (cycles)  | Iteration|  Initiation Interval  | Trip |          |
        | Loop Name|    min   |    max   |  Latency |  achieved |   target  | Count| Pipelined|
        +----------+----------+----------+----------+-----------+-----------+------+----------+
        |- Loop 1  |       320|       320|         1|          1|          1|   320|    yes   |
        |- Loop 2  |  23849550|  23849550|    317994|          -|          -|    75|    no    |
        |- Loop 3  |       320|       320|         1|          1|          1|   320|    yes   |
        |- Loop 4  |  23849550|  23849550|    317994|          -|          -|    75|    no    |
        +----------+----------+----------+----------+-----------+-----------+------+----------+



================================================================
== Utilization Estimates
================================================================
* Summary: 
+---------------------+---------+-------+---------+---------+-----+
|         Name        | BRAM_18K| DSP48E|    FF   |   LUT   | URAM|
+---------------------+---------+-------+---------+---------+-----+
|DSP                  |        -|      -|        -|        -|    -|
|Expression           |        -|      -|        0|       80|    -|
|FIFO                 |        -|      -|        -|        -|    -|
|Instance             |       26|     94|    35279|    35479|    0|
|Memory               |        2|      -|        0|        0|    0|
|Multiplexer          |        -|      -|        -|     1178|    -|
|Register             |        -|      -|       56|        -|    -|
+---------------------+---------+-------+---------+---------+-----+
|Total                |       28|     94|    35335|    36737|    0|
+---------------------+---------+-------+---------+---------+-----+
|Available SLR        |     1440|   2280|   788160|   394080|  320|
+---------------------+---------+-------+---------+---------+-----+
|Utilization SLR (%)  |        1|      4|        4|        9|    0|
+---------------------+---------+-------+---------+---------+-----+
|Available            |     4320|   6840|  2364480|  1182240|  960|
+---------------------+---------+-------+---------+---------+-----+
|Utilization (%)      |    ~0   |      1|        1|        3|    0|
+---------------------+---------+-------+---------+---------+-----+

+ Detail: 
    * Instance: 
    +--------------------+---------+---------+-------+-------+-------+-----+
    |      Instance      |  Module | BRAM_18K| DSP48E|   FF  |  LUT  | URAM|
    +--------------------+---------+---------+-------+-------+-------+-----+
    |grp_forward_fu_224  |forward  |       26|     94|  35279|  35479|    0|
    +--------------------+---------+---------+-------+-------+-------+-----+
    |Total               |         |       26|     94|  35279|  35479|    0|
    +--------------------+---------+---------+-------+-------+-------+-----+

    * DSP48E: 
    N/A

    * Memory: 
    +------------+---------------+---------+---+----+-----+------+-----+------+-------------+
    |   Memory   |     Module    | BRAM_18K| FF| LUT| URAM| Words| Bits| Banks| W*Bits*Banks|
    +------------+---------------+---------+---+----+-----+------+-----+------+-------------+
    |h_next_V_U  |backward_di_V  |        1|  0|   0|    0|   320|   16|     1|         5120|
    |c_next_V_U  |backward_di_V  |        1|  0|   0|    0|   320|   16|     1|         5120|
    +------------+---------------+---------+---+----+-----+------+-----+------+-------------+
    |Total       |               |        2|  0|   0|    0|   640|   32|     2|        10240|
    +------------+---------------+---------+---+----+-----+------+-----+------+-------------+

    * FIFO: 
    N/A

    * Expression: 
    +----------------------+----------+-------+---+----+------------+------------+
    |     Variable Name    | Operation| DSP48E| FF| LUT| Bitwidth P0| Bitwidth P1|
    +----------------------+----------+-------+---+----+------------+------------+
    |i_1_fu_348_p2         |     +    |      0|  0|   9|           9|           1|
    |i_fu_318_p2           |     +    |      0|  0|   9|           9|           1|
    |t_1_fu_366_p2         |     +    |      0|  0|   7|           7|           1|
    |t_fu_336_p2           |     +    |      0|  0|   7|           7|           1|
    |icmp_ln522_fu_312_p2  |   icmp   |      0|  0|  13|           9|           9|
    |icmp_ln532_fu_330_p2  |   icmp   |      0|  0|  11|           7|           7|
    |icmp_ln543_fu_342_p2  |   icmp   |      0|  0|  13|           9|           9|
    |icmp_ln551_fu_360_p2  |   icmp   |      0|  0|  11|           7|           7|
    +----------------------+----------+-------+---+----+------------+------------+
    |Total                 |          |      0|  0|  80|          64|          36|
    +----------------------+----------+-------+---+----+------------+------------+

    * Multiplexer: 
    +----------------------------------------+----+-----------+-----+-----------+
    |                  Name                  | LUT| Input Size| Bits| Total Bits|
    +----------------------------------------+----+-----------+-----+-----------+
    |ap_NS_fsm                               |  47|         10|    1|         10|
    |bf2_V_ce0                               |   9|          2|    1|          2|
    |bf_V_ce0                                |   9|          2|    1|          2|
    |bg2_V_ce0                               |   9|          2|    1|          2|
    |bg_V_ce0                                |   9|          2|    1|          2|
    |bi2_V_ce0                               |   9|          2|    1|          2|
    |bi_V_ce0                                |   9|          2|    1|          2|
    |bo2_V_ce0                               |   9|          2|    1|          2|
    |bo_V_ce0                                |   9|          2|    1|          2|
    |c_next_V_address0                       |  21|          4|    9|         36|
    |c_next_V_ce0                            |  15|          3|    1|          3|
    |c_next_V_d0                             |  15|          3|   16|         48|
    |c_next_V_we0                            |  15|          3|    1|          3|
    |cnn_lstm2_cache_V_ce0                   |   9|          2|    1|          2|
    |cnn_lstm2_cache_V_ce1                   |   9|          2|    1|          2|
    |cnn_lstm2_cache_V_we0                   |   9|          2|    1|          2|
    |cnn_lstm2_cache_V_we1                   |   9|          2|    1|          2|
    |cnn_lstm2_f_V_ce0                       |   9|          2|    1|          2|
    |cnn_lstm2_f_V_ce1                       |   9|          2|    1|          2|
    |cnn_lstm2_f_V_we0                       |   9|          2|    1|          2|
    |cnn_lstm2_f_V_we1                       |   9|          2|    1|          2|
    |cnn_lstm2_g_V_ce0                       |   9|          2|    1|          2|
    |cnn_lstm2_g_V_ce1                       |   9|          2|    1|          2|
    |cnn_lstm2_g_V_we0                       |   9|          2|    1|          2|
    |cnn_lstm2_g_V_we1                       |   9|          2|    1|          2|
    |cnn_lstm2_i_V_ce0                       |   9|          2|    1|          2|
    |cnn_lstm2_i_V_ce1                       |   9|          2|    1|          2|
    |cnn_lstm2_i_V_we0                       |   9|          2|    1|          2|
    |cnn_lstm2_i_V_we1                       |   9|          2|    1|          2|
    |cnn_lstm2_o_V_ce0                       |   9|          2|    1|          2|
    |cnn_lstm2_o_V_ce1                       |   9|          2|    1|          2|
    |cnn_lstm2_o_V_we0                       |   9|          2|    1|          2|
    |cnn_lstm2_o_V_we1                       |   9|          2|    1|          2|
    |cnn_lstm_cache_V_ce0                    |   9|          2|    1|          2|
    |cnn_lstm_cache_V_ce1                    |   9|          2|    1|          2|
    |cnn_lstm_cache_V_we0                    |   9|          2|    1|          2|
    |cnn_lstm_cache_V_we1                    |   9|          2|    1|          2|
    |cnn_lstm_f_V_ce0                        |   9|          2|    1|          2|
    |cnn_lstm_f_V_ce1                        |   9|          2|    1|          2|
    |cnn_lstm_f_V_we0                        |   9|          2|    1|          2|
    |cnn_lstm_f_V_we1                        |   9|          2|    1|          2|
    |cnn_lstm_g_V_ce0                        |   9|          2|    1|          2|
    |cnn_lstm_g_V_ce1                        |   9|          2|    1|          2|
    |cnn_lstm_g_V_we0                        |   9|          2|    1|          2|
    |cnn_lstm_g_V_we1                        |   9|          2|    1|          2|
    |cnn_lstm_i_V_ce0                        |   9|          2|    1|          2|
    |cnn_lstm_i_V_ce1                        |   9|          2|    1|          2|
    |cnn_lstm_i_V_we0                        |   9|          2|    1|          2|
    |cnn_lstm_i_V_we1                        |   9|          2|    1|          2|
    |cnn_lstm_o_V_ce0                        |   9|          2|    1|          2|
    |cnn_lstm_o_V_ce1                        |   9|          2|    1|          2|
    |cnn_lstm_o_V_we0                        |   9|          2|    1|          2|
    |cnn_lstm_o_V_we1                        |   9|          2|    1|          2|
    |grp_forward_fu_224_LSTM_cache_V_offset  |  15|          3|    7|         21|
    |grp_forward_fu_224_LSTM_f_V_offset      |  15|          3|    7|         21|
    |grp_forward_fu_224_LSTM_f_V_q0          |  15|          3|   16|         48|
    |grp_forward_fu_224_LSTM_g_V_offset      |  15|          3|    7|         21|
    |grp_forward_fu_224_LSTM_g_V_q0          |  15|          3|   16|         48|
    |grp_forward_fu_224_LSTM_i_V_offset      |  15|          3|    7|         21|
    |grp_forward_fu_224_LSTM_i_V_q0          |  15|          3|   16|         48|
    |grp_forward_fu_224_LSTM_o_V_offset      |  15|          3|    7|         21|
    |grp_forward_fu_224_LSTM_o_V_q0          |  15|          3|   16|         48|
    |grp_forward_fu_224_LSTM_o_V_q1          |  15|          3|   16|         48|
    |grp_forward_fu_224_bf_V_q0              |  15|          3|   16|         48|
    |grp_forward_fu_224_bg_V_q0              |  15|          3|   16|         48|
    |grp_forward_fu_224_bi_V_q0              |  15|          3|   16|         48|
    |grp_forward_fu_224_bo_V_q0              |  15|          3|   16|         48|
    |grp_forward_fu_224_flag                 |  15|          3|    8|         24|
    |grp_forward_fu_224_t                    |  15|          3|    7|         21|
    |grp_forward_fu_224_whf_V_q0             |  15|          3|   16|         48|
    |grp_forward_fu_224_whg_V_q0             |  15|          3|   16|         48|
    |grp_forward_fu_224_whi_V_q0             |  15|          3|   16|         48|
    |grp_forward_fu_224_who_V_q0             |  15|          3|   16|         48|
    |grp_forward_fu_224_wxf_V_q0             |  15|          3|   16|         48|
    |grp_forward_fu_224_wxg_V_q0             |  15|          3|   16|         48|
    |grp_forward_fu_224_wxi_V_q0             |  15|          3|   16|         48|
    |grp_forward_fu_224_wxo_V_q0             |  15|          3|   16|         48|
    |h_next_V_address0                       |  21|          4|    9|         36|
    |h_next_V_ce0                            |  15|          3|    1|          3|
    |h_next_V_d0                             |  15|          3|   16|         48|
    |h_next_V_we0                            |  15|          3|    1|          3|
    |i2_0_reg_201                            |   9|          2|    9|         18|
    |i_0_reg_178                             |   9|          2|    9|         18|
    |t3_0_reg_212                            |   9|          2|    7|         14|
    |t_0_reg_189                             |   9|          2|    7|         14|
    |whf2_V_ce0                              |   9|          2|    1|          2|
    |whf_V_ce0                               |   9|          2|    1|          2|
    |whg2_V_ce0                              |   9|          2|    1|          2|
    |whg_V_ce0                               |   9|          2|    1|          2|
    |whi2_V_ce0                              |   9|          2|    1|          2|
    |whi_V_ce0                               |   9|          2|    1|          2|
    |who2_V_ce0                              |   9|          2|    1|          2|
    |who_V_ce0                               |   9|          2|    1|          2|
    |wxf2_V_ce0                              |   9|          2|    1|          2|
    |wxf_V_ce0                               |   9|          2|    1|          2|
    |wxg2_V_ce0                              |   9|          2|    1|          2|
    |wxg_V_ce0                               |   9|          2|    1|          2|
    |wxi2_V_ce0                              |   9|          2|    1|          2|
    |wxi_V_ce0                               |   9|          2|    1|          2|
    |wxo2_V_ce0                              |   9|          2|    1|          2|
    |wxo_V_ce0                               |   9|          2|    1|          2|
    |x_V_ce0                                 |   9|          2|    1|          2|
    |y_V_ce0                                 |   9|          2|    1|          2|
    |y_V_we0                                 |   9|          2|    1|          2|
    +----------------------------------------+----+-----------+-----+-----------+
    |Total                                   |1178|        250|  476|       1354|
    +----------------------------------------+----+-----------+-----+-----------+

    * Register: 
    +---------------------------------+---+----+-----+-----------+
    |               Name              | FF| LUT| Bits| Const Bits|
    +---------------------------------+---+----+-----+-----------+
    |ap_CS_fsm                        |  9|   0|    9|          0|
    |grp_forward_fu_224_ap_start_reg  |  1|   0|    1|          0|
    |i2_0_reg_201                     |  9|   0|    9|          0|
    |i_0_reg_178                      |  9|   0|    9|          0|
    |t3_0_reg_212                     |  7|   0|    7|          0|
    |t_0_reg_189                      |  7|   0|    7|          0|
    |t_1_reg_400                      |  7|   0|    7|          0|
    |t_reg_384                        |  7|   0|    7|          0|
    +---------------------------------+---+----+-----+-----------+
    |Total                            | 56|   0|   56|          0|
    +---------------------------------+---+----+-----+-----------+



================================================================
== Interface
================================================================
* Summary: 
+----------------------------+-----+-----+------------+-------------------+--------------+
|          RTL Ports         | Dir | Bits|  Protocol  |   Source Object   |    C Type    |
+----------------------------+-----+-----+------------+-------------------+--------------+
|ap_clk                      |  in |    1| ap_ctrl_hs |      predict      | return value |
|ap_rst                      |  in |    1| ap_ctrl_hs |      predict      | return value |
|ap_start                    |  in |    1| ap_ctrl_hs |      predict      | return value |
|ap_done                     | out |    1| ap_ctrl_hs |      predict      | return value |
|ap_idle                     | out |    1| ap_ctrl_hs |      predict      | return value |
|ap_ready                    | out |    1| ap_ctrl_hs |      predict      | return value |
|cnn_lstm_f_V_address0       | out |   15|  ap_memory |    cnn_lstm_f_V   |     array    |
|cnn_lstm_f_V_ce0            | out |    1|  ap_memory |    cnn_lstm_f_V   |     array    |
|cnn_lstm_f_V_we0            | out |    1|  ap_memory |    cnn_lstm_f_V   |     array    |
|cnn_lstm_f_V_d0             | out |   16|  ap_memory |    cnn_lstm_f_V   |     array    |
|cnn_lstm_f_V_q0             |  in |   16|  ap_memory |    cnn_lstm_f_V   |     array    |
|cnn_lstm_f_V_address1       | out |   15|  ap_memory |    cnn_lstm_f_V   |     array    |
|cnn_lstm_f_V_ce1            | out |    1|  ap_memory |    cnn_lstm_f_V   |     array    |
|cnn_lstm_f_V_we1            | out |    1|  ap_memory |    cnn_lstm_f_V   |     array    |
|cnn_lstm_f_V_d1             | out |   16|  ap_memory |    cnn_lstm_f_V   |     array    |
|cnn_lstm_g_V_address0       | out |   15|  ap_memory |    cnn_lstm_g_V   |     array    |
|cnn_lstm_g_V_ce0            | out |    1|  ap_memory |    cnn_lstm_g_V   |     array    |
|cnn_lstm_g_V_we0            | out |    1|  ap_memory |    cnn_lstm_g_V   |     array    |
|cnn_lstm_g_V_d0             | out |   16|  ap_memory |    cnn_lstm_g_V   |     array    |
|cnn_lstm_g_V_q0             |  in |   16|  ap_memory |    cnn_lstm_g_V   |     array    |
|cnn_lstm_g_V_address1       | out |   15|  ap_memory |    cnn_lstm_g_V   |     array    |
|cnn_lstm_g_V_ce1            | out |    1|  ap_memory |    cnn_lstm_g_V   |     array    |
|cnn_lstm_g_V_we1            | out |    1|  ap_memory |    cnn_lstm_g_V   |     array    |
|cnn_lstm_g_V_d1             | out |   16|  ap_memory |    cnn_lstm_g_V   |     array    |
|cnn_lstm_i_V_address0       | out |   15|  ap_memory |    cnn_lstm_i_V   |     array    |
|cnn_lstm_i_V_ce0            | out |    1|  ap_memory |    cnn_lstm_i_V   |     array    |
|cnn_lstm_i_V_we0            | out |    1|  ap_memory |    cnn_lstm_i_V   |     array    |
|cnn_lstm_i_V_d0             | out |   16|  ap_memory |    cnn_lstm_i_V   |     array    |
|cnn_lstm_i_V_q0             |  in |   16|  ap_memory |    cnn_lstm_i_V   |     array    |
|cnn_lstm_i_V_address1       | out |   15|  ap_memory |    cnn_lstm_i_V   |     array    |
|cnn_lstm_i_V_ce1            | out |    1|  ap_memory |    cnn_lstm_i_V   |     array    |
|cnn_lstm_i_V_we1            | out |    1|  ap_memory |    cnn_lstm_i_V   |     array    |
|cnn_lstm_i_V_d1             | out |   16|  ap_memory |    cnn_lstm_i_V   |     array    |
|cnn_lstm_o_V_address0       | out |   15|  ap_memory |    cnn_lstm_o_V   |     array    |
|cnn_lstm_o_V_ce0            | out |    1|  ap_memory |    cnn_lstm_o_V   |     array    |
|cnn_lstm_o_V_we0            | out |    1|  ap_memory |    cnn_lstm_o_V   |     array    |
|cnn_lstm_o_V_d0             | out |   16|  ap_memory |    cnn_lstm_o_V   |     array    |
|cnn_lstm_o_V_q0             |  in |   16|  ap_memory |    cnn_lstm_o_V   |     array    |
|cnn_lstm_o_V_address1       | out |   15|  ap_memory |    cnn_lstm_o_V   |     array    |
|cnn_lstm_o_V_ce1            | out |    1|  ap_memory |    cnn_lstm_o_V   |     array    |
|cnn_lstm_o_V_we1            | out |    1|  ap_memory |    cnn_lstm_o_V   |     array    |
|cnn_lstm_o_V_d1             | out |   16|  ap_memory |    cnn_lstm_o_V   |     array    |
|cnn_lstm_o_V_q1             |  in |   16|  ap_memory |    cnn_lstm_o_V   |     array    |
|cnn_lstm_cache_V_address0   | out |   18|  ap_memory |  cnn_lstm_cache_V |     array    |
|cnn_lstm_cache_V_ce0        | out |    1|  ap_memory |  cnn_lstm_cache_V |     array    |
|cnn_lstm_cache_V_we0        | out |    1|  ap_memory |  cnn_lstm_cache_V |     array    |
|cnn_lstm_cache_V_d0         | out |   16|  ap_memory |  cnn_lstm_cache_V |     array    |
|cnn_lstm_cache_V_address1   | out |   18|  ap_memory |  cnn_lstm_cache_V |     array    |
|cnn_lstm_cache_V_ce1        | out |    1|  ap_memory |  cnn_lstm_cache_V |     array    |
|cnn_lstm_cache_V_we1        | out |    1|  ap_memory |  cnn_lstm_cache_V |     array    |
|cnn_lstm_cache_V_d1         | out |   16|  ap_memory |  cnn_lstm_cache_V |     array    |
|cnn_lstm2_f_V_address0      | out |   15|  ap_memory |   cnn_lstm2_f_V   |     array    |
|cnn_lstm2_f_V_ce0           | out |    1|  ap_memory |   cnn_lstm2_f_V   |     array    |
|cnn_lstm2_f_V_we0           | out |    1|  ap_memory |   cnn_lstm2_f_V   |     array    |
|cnn_lstm2_f_V_d0            | out |   16|  ap_memory |   cnn_lstm2_f_V   |     array    |
|cnn_lstm2_f_V_q0            |  in |   16|  ap_memory |   cnn_lstm2_f_V   |     array    |
|cnn_lstm2_f_V_address1      | out |   15|  ap_memory |   cnn_lstm2_f_V   |     array    |
|cnn_lstm2_f_V_ce1           | out |    1|  ap_memory |   cnn_lstm2_f_V   |     array    |
|cnn_lstm2_f_V_we1           | out |    1|  ap_memory |   cnn_lstm2_f_V   |     array    |
|cnn_lstm2_f_V_d1            | out |   16|  ap_memory |   cnn_lstm2_f_V   |     array    |
|cnn_lstm2_g_V_address0      | out |   15|  ap_memory |   cnn_lstm2_g_V   |     array    |
|cnn_lstm2_g_V_ce0           | out |    1|  ap_memory |   cnn_lstm2_g_V   |     array    |
|cnn_lstm2_g_V_we0           | out |    1|  ap_memory |   cnn_lstm2_g_V   |     array    |
|cnn_lstm2_g_V_d0            | out |   16|  ap_memory |   cnn_lstm2_g_V   |     array    |
|cnn_lstm2_g_V_q0            |  in |   16|  ap_memory |   cnn_lstm2_g_V   |     array    |
|cnn_lstm2_g_V_address1      | out |   15|  ap_memory |   cnn_lstm2_g_V   |     array    |
|cnn_lstm2_g_V_ce1           | out |    1|  ap_memory |   cnn_lstm2_g_V   |     array    |
|cnn_lstm2_g_V_we1           | out |    1|  ap_memory |   cnn_lstm2_g_V   |     array    |
|cnn_lstm2_g_V_d1            | out |   16|  ap_memory |   cnn_lstm2_g_V   |     array    |
|cnn_lstm2_i_V_address0      | out |   15|  ap_memory |   cnn_lstm2_i_V   |     array    |
|cnn_lstm2_i_V_ce0           | out |    1|  ap_memory |   cnn_lstm2_i_V   |     array    |
|cnn_lstm2_i_V_we0           | out |    1|  ap_memory |   cnn_lstm2_i_V   |     array    |
|cnn_lstm2_i_V_d0            | out |   16|  ap_memory |   cnn_lstm2_i_V   |     array    |
|cnn_lstm2_i_V_q0            |  in |   16|  ap_memory |   cnn_lstm2_i_V   |     array    |
|cnn_lstm2_i_V_address1      | out |   15|  ap_memory |   cnn_lstm2_i_V   |     array    |
|cnn_lstm2_i_V_ce1           | out |    1|  ap_memory |   cnn_lstm2_i_V   |     array    |
|cnn_lstm2_i_V_we1           | out |    1|  ap_memory |   cnn_lstm2_i_V   |     array    |
|cnn_lstm2_i_V_d1            | out |   16|  ap_memory |   cnn_lstm2_i_V   |     array    |
|cnn_lstm2_o_V_address0      | out |   15|  ap_memory |   cnn_lstm2_o_V   |     array    |
|cnn_lstm2_o_V_ce0           | out |    1|  ap_memory |   cnn_lstm2_o_V   |     array    |
|cnn_lstm2_o_V_we0           | out |    1|  ap_memory |   cnn_lstm2_o_V   |     array    |
|cnn_lstm2_o_V_d0            | out |   16|  ap_memory |   cnn_lstm2_o_V   |     array    |
|cnn_lstm2_o_V_q0            |  in |   16|  ap_memory |   cnn_lstm2_o_V   |     array    |
|cnn_lstm2_o_V_address1      | out |   15|  ap_memory |   cnn_lstm2_o_V   |     array    |
|cnn_lstm2_o_V_ce1           | out |    1|  ap_memory |   cnn_lstm2_o_V   |     array    |
|cnn_lstm2_o_V_we1           | out |    1|  ap_memory |   cnn_lstm2_o_V   |     array    |
|cnn_lstm2_o_V_d1            | out |   16|  ap_memory |   cnn_lstm2_o_V   |     array    |
|cnn_lstm2_o_V_q1            |  in |   16|  ap_memory |   cnn_lstm2_o_V   |     array    |
|cnn_lstm2_cache_V_address0  | out |   18|  ap_memory | cnn_lstm2_cache_V |     array    |
|cnn_lstm2_cache_V_ce0       | out |    1|  ap_memory | cnn_lstm2_cache_V |     array    |
|cnn_lstm2_cache_V_we0       | out |    1|  ap_memory | cnn_lstm2_cache_V |     array    |
|cnn_lstm2_cache_V_d0        | out |   16|  ap_memory | cnn_lstm2_cache_V |     array    |
|cnn_lstm2_cache_V_address1  | out |   18|  ap_memory | cnn_lstm2_cache_V |     array    |
|cnn_lstm2_cache_V_ce1       | out |    1|  ap_memory | cnn_lstm2_cache_V |     array    |
|cnn_lstm2_cache_V_we1       | out |    1|  ap_memory | cnn_lstm2_cache_V |     array    |
|cnn_lstm2_cache_V_d1        | out |   16|  ap_memory | cnn_lstm2_cache_V |     array    |
|x_V_address0                | out |   15|  ap_memory |        x_V        |     array    |
|x_V_ce0                     | out |    1|  ap_memory |        x_V        |     array    |
|x_V_q0                      |  in |   16|  ap_memory |        x_V        |     array    |
|y_V_address0                | out |   16|  ap_memory |        y_V        |     array    |
|y_V_ce0                     | out |    1|  ap_memory |        y_V        |     array    |
|y_V_we0                     | out |    1|  ap_memory |        y_V        |     array    |
|y_V_d0                      | out |   16|  ap_memory |        y_V        |     array    |
|wxf_V_address0              | out |   17|  ap_memory |       wxf_V       |     array    |
|wxf_V_ce0                   | out |    1|  ap_memory |       wxf_V       |     array    |
|wxf_V_q0                    |  in |   16|  ap_memory |       wxf_V       |     array    |
|wxg_V_address0              | out |   17|  ap_memory |       wxg_V       |     array    |
|wxg_V_ce0                   | out |    1|  ap_memory |       wxg_V       |     array    |
|wxg_V_q0                    |  in |   16|  ap_memory |       wxg_V       |     array    |
|wxi_V_address0              | out |   17|  ap_memory |       wxi_V       |     array    |
|wxi_V_ce0                   | out |    1|  ap_memory |       wxi_V       |     array    |
|wxi_V_q0                    |  in |   16|  ap_memory |       wxi_V       |     array    |
|wxo_V_address0              | out |   17|  ap_memory |       wxo_V       |     array    |
|wxo_V_ce0                   | out |    1|  ap_memory |       wxo_V       |     array    |
|wxo_V_q0                    |  in |   16|  ap_memory |       wxo_V       |     array    |
|whf_V_address0              | out |   17|  ap_memory |       whf_V       |     array    |
|whf_V_ce0                   | out |    1|  ap_memory |       whf_V       |     array    |
|whf_V_q0                    |  in |   16|  ap_memory |       whf_V       |     array    |
|whg_V_address0              | out |   17|  ap_memory |       whg_V       |     array    |
|whg_V_ce0                   | out |    1|  ap_memory |       whg_V       |     array    |
|whg_V_q0                    |  in |   16|  ap_memory |       whg_V       |     array    |
|whi_V_address0              | out |   17|  ap_memory |       whi_V       |     array    |
|whi_V_ce0                   | out |    1|  ap_memory |       whi_V       |     array    |
|whi_V_q0                    |  in |   16|  ap_memory |       whi_V       |     array    |
|who_V_address0              | out |   17|  ap_memory |       who_V       |     array    |
|who_V_ce0                   | out |    1|  ap_memory |       who_V       |     array    |
|who_V_q0                    |  in |   16|  ap_memory |       who_V       |     array    |
|wxf2_V_address0             | out |   17|  ap_memory |       wxf2_V      |     array    |
|wxf2_V_ce0                  | out |    1|  ap_memory |       wxf2_V      |     array    |
|wxf2_V_q0                   |  in |   16|  ap_memory |       wxf2_V      |     array    |
|wxg2_V_address0             | out |   17|  ap_memory |       wxg2_V      |     array    |
|wxg2_V_ce0                  | out |    1|  ap_memory |       wxg2_V      |     array    |
|wxg2_V_q0                   |  in |   16|  ap_memory |       wxg2_V      |     array    |
|wxi2_V_address0             | out |   17|  ap_memory |       wxi2_V      |     array    |
|wxi2_V_ce0                  | out |    1|  ap_memory |       wxi2_V      |     array    |
|wxi2_V_q0                   |  in |   16|  ap_memory |       wxi2_V      |     array    |
|wxo2_V_address0             | out |   17|  ap_memory |       wxo2_V      |     array    |
|wxo2_V_ce0                  | out |    1|  ap_memory |       wxo2_V      |     array    |
|wxo2_V_q0                   |  in |   16|  ap_memory |       wxo2_V      |     array    |
|whf2_V_address0             | out |   17|  ap_memory |       whf2_V      |     array    |
|whf2_V_ce0                  | out |    1|  ap_memory |       whf2_V      |     array    |
|whf2_V_q0                   |  in |   16|  ap_memory |       whf2_V      |     array    |
|whg2_V_address0             | out |   17|  ap_memory |       whg2_V      |     array    |
|whg2_V_ce0                  | out |    1|  ap_memory |       whg2_V      |     array    |
|whg2_V_q0                   |  in |   16|  ap_memory |       whg2_V      |     array    |
|whi2_V_address0             | out |   17|  ap_memory |       whi2_V      |     array    |
|whi2_V_ce0                  | out |    1|  ap_memory |       whi2_V      |     array    |
|whi2_V_q0                   |  in |   16|  ap_memory |       whi2_V      |     array    |
|who2_V_address0             | out |   17|  ap_memory |       who2_V      |     array    |
|who2_V_ce0                  | out |    1|  ap_memory |       who2_V      |     array    |
|who2_V_q0                   |  in |   16|  ap_memory |       who2_V      |     array    |
|bf_V_address0               | out |    9|  ap_memory |        bf_V       |     array    |
|bf_V_ce0                    | out |    1|  ap_memory |        bf_V       |     array    |
|bf_V_q0                     |  in |   16|  ap_memory |        bf_V       |     array    |
|bg_V_address0               | out |    9|  ap_memory |        bg_V       |     array    |
|bg_V_ce0                    | out |    1|  ap_memory |        bg_V       |     array    |
|bg_V_q0                     |  in |   16|  ap_memory |        bg_V       |     array    |
|bi_V_address0               | out |    9|  ap_memory |        bi_V       |     array    |
|bi_V_ce0                    | out |    1|  ap_memory |        bi_V       |     array    |
|bi_V_q0                     |  in |   16|  ap_memory |        bi_V       |     array    |
|bo_V_address0               | out |    9|  ap_memory |        bo_V       |     array    |
|bo_V_ce0                    | out |    1|  ap_memory |        bo_V       |     array    |
|bo_V_q0                     |  in |   16|  ap_memory |        bo_V       |     array    |
|bf2_V_address0              | out |    9|  ap_memory |       bf2_V       |     array    |
|bf2_V_ce0                   | out |    1|  ap_memory |       bf2_V       |     array    |
|bf2_V_q0                    |  in |   16|  ap_memory |       bf2_V       |     array    |
|bg2_V_address0              | out |    9|  ap_memory |       bg2_V       |     array    |
|bg2_V_ce0                   | out |    1|  ap_memory |       bg2_V       |     array    |
|bg2_V_q0                    |  in |   16|  ap_memory |       bg2_V       |     array    |
|bi2_V_address0              | out |    9|  ap_memory |       bi2_V       |     array    |
|bi2_V_ce0                   | out |    1|  ap_memory |       bi2_V       |     array    |
|bi2_V_q0                    |  in |   16|  ap_memory |       bi2_V       |     array    |
|bo2_V_address0              | out |    9|  ap_memory |       bo2_V       |     array    |
|bo2_V_ce0                   | out |    1|  ap_memory |       bo2_V       |     array    |
|bo2_V_q0                    |  in |   16|  ap_memory |       bo2_V       |     array    |
+----------------------------+-----+-----+------------+-------------------+--------------+

