

================================================================
== Vivado HLS Report for 'updateb'
================================================================
* Date:           Thu Jan  7 00:23:46 2021

* Version:        2019.2 (Build 2704478 on Wed Nov 06 22:10:23 MST 2019)
* Project:        final
* Solution:       solution_final
* Product family: virtexuplus
* Target device:  xcvu9p-flgb2104-2-i


================================================================
== Performance Estimates
================================================================
+ Timing: 
    * Summary: 
    +--------+---------+----------+------------+
    |  Clock |  Target | Estimated| Uncertainty|
    +--------+---------+----------+------------+
    |ap_clk  | 3.33 ns | 2.421 ns |   0.90 ns  |
    +--------+---------+----------+------------+

+ Latency: 
    * Summary: 
    +---------+---------+----------+----------+-----+-----+---------+
    |  Latency (cycles) |  Latency (absolute) |  Interval | Pipeline|
    |   min   |   max   |    min   |    max   | min | max |   Type  |
    +---------+---------+----------+----------+-----+-----+---------+
    |      408|      408| 1.359 us | 1.359 us |  408|  408|   none  |
    +---------+---------+----------+----------+-----+-----+---------+

    + Detail: 
        * Instance: 
        N/A

        * Loop: 
        +----------+---------+---------+----------+-----------+-----------+------+----------+
        |          |  Latency (cycles) | Iteration|  Initiation Interval  | Trip |          |
        | Loop Name|   min   |   max   |  Latency |  achieved |   target  | Count| Pipelined|
        +----------+---------+---------+----------+-----------+-----------+------+----------+
        |- Loop 1  |      406|      406|        88|          1|          1|   320|    yes   |
        +----------+---------+---------+----------+-----------+-----------+------+----------+



================================================================
== Utilization Estimates
================================================================
* Summary: 
+---------------------+---------+-------+---------+---------+-----+
|         Name        | BRAM_18K| DSP48E|    FF   |   LUT   | URAM|
+---------------------+---------+-------+---------+---------+-----+
|DSP                  |        -|      3|        -|        -|    -|
|Expression           |        -|      -|       40|     2766|    -|
|FIFO                 |        -|      -|        -|        -|    -|
|Instance             |        -|      0|     4769|     3933|    -|
|Memory               |        -|      -|        -|        -|    -|
|Multiplexer          |        -|      -|        -|       48|    -|
|Register             |        0|      -|     1436|      420|    -|
+---------------------+---------+-------+---------+---------+-----+
|Total                |        0|      3|     6245|     7167|    0|
+---------------------+---------+-------+---------+---------+-----+
|Available SLR        |     1440|   2280|   788160|   394080|  320|
+---------------------+---------+-------+---------+---------+-----+
|Utilization SLR (%)  |        0|   ~0  |    ~0   |        1|    0|
+---------------------+---------+-------+---------+---------+-----+
|Available            |     4320|   6840|  2364480|  1182240|  960|
+---------------------+---------+-------+---------+---------+-----+
|Utilization (%)      |        0|   ~0  |    ~0   |    ~0   |    0|
+---------------------+---------+-------+---------+---------+-----+

+ Detail: 
    * Instance: 
    +---------------------------------------+----------------------------------+---------+-------+------+------+-----+
    |                Instance               |              Module              | BRAM_18K| DSP48E|  FF  |  LUT | URAM|
    +---------------------------------------+----------------------------------+---------+-------+------+------+-----+
    |kerneldl_dsqrt_64ns_64ns_64_30_1_U175  |kerneldl_dsqrt_64ns_64ns_64_30_1  |        0|      0|  1782|  1713|    0|
    |kerneldl_fpext_32ns_64_2_1_U174        |kerneldl_fpext_32ns_64_2_1        |        0|      0|   100|    18|    0|
    |kerneldl_sdiv_36s_16s_36_40_1_U176     |kerneldl_sdiv_36s_16s_36_40_1     |        0|      0|  2887|  2202|    0|
    +---------------------------------------+----------------------------------+---------+-------+------+------+-----+
    |Total                                  |                                  |        0|      0|  4769|  3933|    0|
    +---------------------------------------+----------------------------------+---------+-------+------+------+-----+

    * DSP48E: 
    +---------------------------------------+----------------------------------+-----------+
    |                Instance               |              Module              | Expression|
    +---------------------------------------+----------------------------------+-----------+
    |kerneldl_mul_mul_13ns_16s_29_4_1_U178  |kerneldl_mul_mul_13ns_16s_29_4_1  |  i0 * i1  |
    |kerneldl_mul_mul_23s_16s_39_4_1_U179   |kerneldl_mul_mul_23s_16s_39_4_1   |  i0 * i1  |
    |kerneldl_mul_mul_7ns_16s_23_4_1_U177   |kerneldl_mul_mul_7ns_16s_23_4_1   |  i0 * i1  |
    +---------------------------------------+----------------------------------+-----------+

    * Memory: 
    N/A

    * FIFO: 
    N/A

    * Expression: 
    +-------------------------------+----------+-------+----+-----+------------+------------+
    |         Variable Name         | Operation| DSP48E| FF | LUT | Bitwidth P0| Bitwidth P1|
    +-------------------------------+----------+-------+----+-----+------------+------------+
    |add_ln581_fu_1097_p2           |     +    |      0|   0|   12|           5|          12|
    |add_ln591_fu_1222_p2           |     +    |      0|   0|   12|           5|          12|
    |add_ln949_fu_856_p2            |     +    |      0|   0|   16|           6|          16|
    |add_ln958_fu_895_p2            |     +    |      0|   0|   32|           6|          32|
    |add_ln964_fu_982_p2            |     +    |      0|   0|   19|           8|           8|
    |empty_59_fu_1147_p2            |     +    |      0|   0|   19|          12|          12|
    |exp_V_fu_1051_p2               |     +    |      0|   0|   19|          11|          12|
    |i_fu_268_p2                    |     +    |      0|   0|    9|           9|           1|
    |lsb_index_fu_783_p2            |     +    |      0|   0|   32|           6|          32|
    |m_2_fu_941_p2                  |     +    |      0|   0|   64|          64|          64|
    |p_Val2_18_fu_1257_p2           |     +    |      0|   0|   16|          16|          16|
    |p_Val2_25_fu_1899_p2           |     +    |      0|   0|   16|          16|          16|
    |p_Val2_4_fu_329_p2             |     +    |      0|   0|   16|          16|          16|
    |p_Val2_9_fu_550_p2             |     +    |      0|   0|   16|          16|          16|
    |pos1_fu_1281_p2                |     +    |      0|   0|   12|           3|          12|
    |pos2_fu_1290_p2                |     +    |      0|   0|   12|           3|          12|
    |ret_V_fu_507_p2                |     +    |      0|   0|   41|          41|          41|
    |F2_fu_1085_p2                  |     -    |      0|   0|   12|          11|          12|
    |man_V_1_fu_1073_p2             |     -    |      0|   0|   54|           1|          54|
    |ret_V_1_fu_1855_p2             |     -    |      0|   0|   37|          37|          37|
    |sub_ln581_fu_1103_p2           |     -    |      0|   0|   12|           4|          12|
    |sub_ln944_fu_774_p2            |     -    |      0|   0|   32|           5|          32|
    |sub_ln947_fu_809_p2            |     -    |      0|   0|    6|           4|           5|
    |sub_ln958_fu_901_p2            |     -    |      0|   0|   32|           5|          32|
    |sub_ln964_fu_977_p2            |     -    |      0|   0|   19|           3|           8|
    |tmp_V_fu_730_p2                |     -    |      0|   0|   16|           1|          16|
    |Range1_all_ones_2_fu_1532_p2   |    and   |      0|   0|    2|           1|           1|
    |Range1_all_ones_3_fu_1339_p2   |    and   |      0|   0|    2|           1|           1|
    |a_fu_836_p2                    |    and   |      0|   0|    2|           1|           1|
    |and_ln340_1_fu_1779_p2         |    and   |      0|   0|    2|           1|           1|
    |and_ln340_fu_1773_p2           |    and   |      0|   0|    2|           1|           1|
    |and_ln403_1_fu_1445_p2         |    and   |      0|   0|    2|           1|           1|
    |and_ln403_2_fu_1470_p2         |    and   |      0|   0|    2|           1|           1|
    |and_ln403_fu_1428_p2           |    and   |      0|   0|    2|           1|           1|
    |and_ln557_fu_1683_p2           |    and   |      0|   0|    2|           1|           1|
    |and_ln578_fu_1423_p2           |    and   |      0|   0|    2|           1|           1|
    |and_ln603_1_fu_1476_p2         |    and   |      0|   0|    2|           1|           1|
    |and_ln603_2_fu_1486_p2         |    and   |      0|   0|    2|           1|           1|
    |and_ln603_fu_1458_p2           |    and   |      0|   0|    2|           1|           1|
    |and_ln621_2_fu_1672_p2         |    and   |      0|   0|    2|           1|           1|
    |and_ln621_3_fu_1678_p2         |    and   |      0|   0|    2|           1|           1|
    |and_ln621_fu_1333_p2           |    and   |      0|   0|    2|           1|           1|
    |and_ln631_fu_1505_p2           |    and   |      0|   0|    2|           1|           1|
    |and_ln639_fu_1528_p2           |    and   |      0|   0|    2|           1|           1|
    |and_ln641_fu_1547_p2           |    and   |      0|   0|    2|           1|           1|
    |and_ln642_fu_1393_p2           |    and   |      0|   0|    2|           1|           1|
    |and_ln652_fu_1622_p2           |    and   |      0|   0|    2|           1|           1|
    |and_ln654_fu_1649_p2           |    and   |      0|   0|    2|           1|           1|
    |and_ln658_fu_1701_p2           |    and   |      0|   0|    2|           1|           1|
    |and_ln659_fu_1723_p2           |    and   |      0|   0|    2|           1|           1|
    |and_ln779_fu_1993_p2           |    and   |      0|   0|    2|           1|           1|
    |and_ln781_1_fu_636_p2          |    and   |      0|   0|    2|           1|           1|
    |and_ln781_2_fu_2007_p2         |    and   |      0|   0|    2|           1|           1|
    |and_ln781_fu_413_p2            |    and   |      0|   0|    2|           1|           1|
    |and_ln786_2_fu_630_p2          |    and   |      0|   0|    2|           1|           1|
    |and_ln786_4_fu_2037_p2         |    and   |      0|   0|    2|           1|           1|
    |and_ln786_fu_407_p2            |    and   |      0|   0|    2|           1|           1|
    |and_ln949_fu_869_p2            |    and   |      0|   0|    2|           1|           1|
    |carry_1_fu_349_p2              |    and   |      0|   0|    2|           1|           1|
    |carry_3_fu_570_p2              |    and   |      0|   0|    2|           1|           1|
    |carry_6_fu_1919_p2             |    and   |      0|   0|    2|           1|           1|
    |deleted_ones_1_fu_624_p2       |    and   |      0|   0|    2|           1|           1|
    |deleted_ones_fu_401_p2         |    and   |      0|   0|    2|           1|           1|
    |overflow_1_fu_654_p2           |    and   |      0|   0|    2|           1|           1|
    |overflow_2_fu_1717_p2          |    and   |      0|   0|    2|           1|           1|
    |overflow_3_fu_2031_p2          |    and   |      0|   0|    2|           1|           1|
    |overflow_fu_431_p2             |    and   |      0|   0|    2|           1|           1|
    |p_Result_11_fu_825_p2          |    and   |      0|   0|   16|          16|          16|
    |underflow_1_fu_671_p2          |    and   |      0|   0|    2|           1|           1|
    |underflow_2_fu_1734_p2         |    and   |      0|   0|    2|           1|           1|
    |underflow_3_fu_2055_p2         |    and   |      0|   0|    2|           1|           1|
    |underflow_fu_448_p2            |    and   |      0|   0|    2|           1|           1|
    |ashr_ln586_fu_1189_p2          |   ashr   |      0|   0|  162|          54|          54|
    |ashr_ln623_fu_1323_p2          |   ashr   |      0|   0|  162|          54|          54|
    |l_fu_762_p3                    |   cttz   |      0|  40|   36|          32|           0|
    |QUAN_INC_fu_1091_p2            |   icmp   |      0|   0|   13|          12|           4|
    |Range1_all_ones_4_fu_1959_p2   |   icmp   |      0|   0|   13|           9|           2|
    |Range1_all_zeros_1_fu_1375_p2  |   icmp   |      0|   0|   29|          54|           1|
    |Range1_all_zeros_2_fu_1965_p2  |   icmp   |      0|   0|   13|           9|           1|
    |Range2_all_ones_4_fu_1943_p2   |   icmp   |      0|   0|   11|           8|           2|
    |Range2_all_ones_fu_1515_p2     |   icmp   |      0|   0|   29|          54|          54|
    |icmp45_fu_1276_p2              |   icmp   |      0|   0|   13|          10|           1|
    |icmp_ln49_fu_262_p2            |   icmp   |      0|   0|   13|           9|           9|
    |icmp_ln571_fu_1079_p2          |   icmp   |      0|   0|   29|          63|           1|
    |icmp_ln578_fu_1271_p2          |   icmp   |      0|   0|   13|          12|           4|
    |icmp_ln582_fu_1171_p2          |   icmp   |      0|   0|   13|          12|           4|
    |icmp_ln585_fu_1180_p2          |   icmp   |      0|   0|   13|          12|           6|
    |icmp_ln591_fu_1133_p2          |   icmp   |      0|   0|   13|          12|           6|
    |icmp_ln603_fu_1127_p2          |   icmp   |      0|   0|   11|           8|           1|
    |icmp_ln621_fu_1299_p2          |   icmp   |      0|   0|   13|          12|           6|
    |icmp_ln631_fu_1353_p2          |   icmp   |      0|   0|   13|          12|           6|
    |icmp_ln641_fu_1537_p2          |   icmp   |      0|   0|   29|          54|           1|
    |icmp_ln642_fu_1369_p2          |   icmp   |      0|   0|   13|          12|           6|
    |icmp_ln935_fu_716_p2           |   icmp   |      0|   0|   13|          16|           1|
    |icmp_ln947_1_fu_830_p2         |   icmp   |      0|   0|   13|          16|           1|
    |icmp_ln947_fu_799_p2           |   icmp   |      0|   0|   20|          31|           1|
    |icmp_ln958_fu_889_p2           |   icmp   |      0|   0|   20|          32|           1|
    |Range2_V_1_fu_1363_p2          |   lshr   |      0|   0|  162|          54|          54|
    |lshr_ln947_fu_819_p2           |   lshr   |      0|   0|   35|           2|          16|
    |lshr_ln958_fu_913_p2           |   lshr   |      0|   0|   92|          32|          32|
    |r_V_2_fu_1510_p2               |   lshr   |      0|   0|  162|           2|          54|
    |or_ln340_10_fu_1754_p2         |    or    |      0|   0|    2|           1|           1|
    |or_ln340_11_fu_2067_p2         |    or    |      0|   0|    2|           1|           1|
    |or_ln340_1_fu_464_p2           |    or    |      0|   0|    2|           1|           1|
    |or_ln340_2_fu_459_p2           |    or    |      0|   0|    2|           1|           1|
    |or_ln340_3_fu_676_p2           |    or    |      0|   0|    2|           1|           1|
    |or_ln340_4_fu_687_p2           |    or    |      0|   0|    2|           1|           1|
    |or_ln340_5_fu_682_p2           |    or    |      0|   0|    2|           1|           1|
    |or_ln340_6_fu_1739_p2          |    or    |      0|   0|    2|           1|           1|
    |or_ln340_7_fu_2061_p2          |    or    |      0|   0|    2|           1|           1|
    |or_ln340_8_fu_2071_p2          |    or    |      0|   0|    2|           1|           1|
    |or_ln340_9_fu_1749_p2          |    or    |      0|   0|    2|           1|           1|
    |or_ln340_fu_453_p2             |    or    |      0|   0|    2|           1|           1|
    |or_ln416_1_fu_618_p2           |    or    |      0|   0|    2|           1|           1|
    |or_ln416_2_fu_389_p2           |    or    |      0|   0|    2|           1|           1|
    |or_ln416_3_fu_612_p2           |    or    |      0|   0|    2|           1|           1|
    |or_ln416_fu_395_p2             |    or    |      0|   0|    2|           1|           1|
    |or_ln557_fu_1666_p2            |    or    |      0|   0|    2|           1|           1|
    |or_ln571_fu_1759_p2            |    or    |      0|   0|    2|           1|           1|
    |or_ln639_fu_1387_p2            |    or    |      0|   0|    2|           1|           1|
    |or_ln645_fu_1553_p2            |    or    |      0|   0|    2|           1|           1|
    |or_ln652_1_fu_1635_p2          |    or    |      0|   0|    2|           1|           1|
    |or_ln652_2_fu_1604_p2          |    or    |      0|   0|    2|           1|           1|
    |or_ln652_3_fu_1599_p2          |    or    |      0|   0|    2|           1|           1|
    |or_ln652_fu_1616_p2            |    or    |      0|   0|    2|           1|           1|
    |or_ln658_fu_1706_p2            |    or    |      0|   0|    2|           1|           1|
    |or_ln785_1_fu_644_p2           |    or    |      0|   0|    2|           1|           1|
    |or_ln785_2_fu_2019_p2          |    or    |      0|   0|    2|           1|           1|
    |or_ln785_fu_421_p2             |    or    |      0|   0|    2|           1|           1|
    |or_ln786_1_fu_660_p2           |    or    |      0|   0|    2|           1|           1|
    |or_ln786_2_fu_2043_p2          |    or    |      0|   0|    2|           1|           1|
    |or_ln786_fu_437_p2             |    or    |      0|   0|    2|           1|           1|
    |or_ln949_fu_875_p2             |    or    |      0|   0|    2|           1|           1|
    |sel_tmp57_demorgan_fu_1764_p2  |    or    |      0|   0|    2|           1|           1|
    |deleted_ones_2_fu_1641_p3      |  select  |      0|   0|    2|           1|           1|
    |deleted_ones_3_fu_1999_p3      |  select  |      0|   0|    2|           1|           1|
    |deleted_zeros_1_fu_1971_p3     |  select  |      0|   0|    2|           1|           1|
    |deleted_zeros_fu_1585_p3       |  select  |      0|   0|    2|           1|           1|
    |empty_61_fu_1816_p3            |  select  |      0|   0|   16|           1|          16|
    |m_1_fu_931_p3                  |  select  |      0|   0|   63|           1|          64|
    |p_Val2_17_fu_1214_p3           |  select  |      0|   0|   16|           1|          16|
    |p_Val2_19_fu_1462_p3           |  select  |      0|   0|   16|           1|          16|
    |p_Val2_s_fu_1163_p3            |  select  |      0|   0|   54|           1|          54|
    |params_V_d1                    |  select  |      0|   0|   16|           1|          16|
    |qb_fu_1239_p3                  |  select  |      0|   0|    2|           1|           1|
    |select_ln340_1_fu_693_p3       |  select  |      0|   0|   16|           1|          15|
    |select_ln340_2_fu_2076_p3      |  select  |      0|   0|   16|           1|          15|
    |select_ln340_3_fu_484_p3       |  select  |      0|   0|   16|           1|          16|
    |select_ln340_5_fu_1795_p3      |  select  |      0|   0|   16|           1|          15|
    |select_ln340_6_fu_1823_p3      |  select  |      0|   0|   16|           1|          16|
    |select_ln340_fu_470_p3         |  select  |      0|   0|   16|           1|          15|
    |select_ln388_1_fu_700_p3       |  select  |      0|   0|   17|           1|          17|
    |select_ln388_2_fu_2082_p3      |  select  |      0|   0|   17|           1|          17|
    |select_ln388_fu_477_p3         |  select  |      0|   0|   17|           1|          17|
    |select_ln403_1_fu_1451_p3      |  select  |      0|   0|   16|           1|          16|
    |select_ln403_fu_1433_p3        |  select  |      0|   0|   16|           1|          16|
    |select_ln557_fu_1687_p3        |  select  |      0|   0|    2|           1|           1|
    |select_ln571_1_fu_1809_p3      |  select  |      0|   0|   16|           1|          16|
    |select_ln571_fu_1802_p3        |  select  |      0|   0|   17|           1|           1|
    |select_ln582_fu_1412_p3        |  select  |      0|   0|   16|           1|          16|
    |select_ln588_fu_1206_p3        |  select  |      0|   0|    2|           1|           2|
    |select_ln631_fu_1520_p3        |  select  |      0|   0|    2|           1|           1|
    |select_ln639_1_fu_1577_p3      |  select  |      0|   0|    2|           1|           1|
    |select_ln639_fu_1562_p3        |  select  |      0|   0|    2|           1|           1|
    |select_ln642_1_fu_1570_p3      |  select  |      0|   0|    2|           1|           1|
    |select_ln642_fu_1557_p3        |  select  |      0|   0|    2|           1|           1|
    |select_ln66_fu_1015_p3         |  select  |      0|   0|   63|           1|           1|
    |select_ln964_fu_969_p3         |  select  |      0|   0|    7|           1|           7|
    |sh_amt_fu_1109_p3              |  select  |      0|   0|   12|           1|          12|
    |tmp70_cast_cast_fu_1139_p3     |  select  |      0|   0|    2|           1|           2|
    |tmp_V_3_fu_707_p3              |  select  |      0|   0|   16|           1|          16|
    |tmp_V_4_fu_736_p3              |  select  |      0|   0|   16|           1|          16|
    |shl_ln604_fu_1402_p2           |    shl   |      0|   0|   35|          16|          16|
    |shl_ln958_fu_925_p2            |    shl   |      0|   0|  182|          64|          64|
    |Range1_all_zeros_fu_1542_p2    |    xor   |      0|   0|    2|           2|           1|
    |ap_enable_pp0                  |    xor   |      0|   0|    2|           1|           2|
    |ap_enable_reg_pp0_iter1        |    xor   |      0|   0|    2|           2|           1|
    |empty_60_fu_1655_p2            |    xor   |      0|   0|    2|           2|           1|
    |xor_ln340_fu_1744_p2           |    xor   |      0|   0|    2|           1|           2|
    |xor_ln403_fu_1440_p2           |    xor   |      0|   0|    2|           1|           2|
    |xor_ln416_2_fu_343_p2          |    xor   |      0|   0|    2|           1|           2|
    |xor_ln416_3_fu_383_p2          |    xor   |      0|   0|    2|           1|           2|
    |xor_ln416_4_fu_606_p2          |    xor   |      0|   0|    2|           1|           2|
    |xor_ln416_5_fu_1407_p2         |    xor   |      0|   0|    2|           1|           2|
    |xor_ln416_6_fu_1913_p2         |    xor   |      0|   0|    2|           1|           2|
    |xor_ln416_fu_564_p2            |    xor   |      0|   0|    2|           1|           2|
    |xor_ln571_fu_1768_p2           |    xor   |      0|   0|    2|           1|           2|
    |xor_ln582_fu_1418_p2           |    xor   |      0|   0|    2|           1|           2|
    |xor_ln603_fu_1480_p2           |    xor   |      0|   0|    2|           2|           1|
    |xor_ln621_1_fu_1313_p2         |    xor   |      0|   0|    2|           1|           2|
    |xor_ln621_fu_1661_p2           |    xor   |      0|   0|    2|           1|           2|
    |xor_ln631_fu_1500_p2           |    xor   |      0|   0|    2|           1|           2|
    |xor_ln639_1_fu_1381_p2         |    xor   |      0|   0|    2|           1|           2|
    |xor_ln652_1_fu_1610_p2         |    xor   |      0|   0|    2|           1|           2|
    |xor_ln652_2_fu_1593_p2         |    xor   |      0|   0|    2|           2|           1|
    |xor_ln658_1_fu_1712_p2         |    xor   |      0|   0|    2|           1|           2|
    |xor_ln658_fu_1695_p2           |    xor   |      0|   0|    2|           1|           2|
    |xor_ln659_fu_1729_p2           |    xor   |      0|   0|    2|           2|           1|
    |xor_ln779_1_fu_600_p2          |    xor   |      0|   0|    2|           1|           2|
    |xor_ln779_2_fu_1987_p2         |    xor   |      0|   0|    2|           1|           2|
    |xor_ln779_fu_377_p2            |    xor   |      0|   0|    2|           1|           2|
    |xor_ln785_1_fu_426_p2          |    xor   |      0|   0|    2|           1|           2|
    |xor_ln785_2_fu_640_p2          |    xor   |      0|   0|    2|           1|           1|
    |xor_ln785_3_fu_649_p2          |    xor   |      0|   0|    2|           1|           2|
    |xor_ln785_4_fu_2013_p2         |    xor   |      0|   0|    2|           1|           2|
    |xor_ln785_5_fu_2025_p2         |    xor   |      0|   0|    2|           1|           2|
    |xor_ln785_fu_417_p2            |    xor   |      0|   0|    2|           1|           1|
    |xor_ln786_1_fu_665_p2          |    xor   |      0|   0|    2|           1|           2|
    |xor_ln786_2_fu_2049_p2         |    xor   |      0|   0|    2|           1|           2|
    |xor_ln786_fu_442_p2            |    xor   |      0|   0|    2|           1|           2|
    |xor_ln949_fu_850_p2            |    xor   |      0|   0|    2|           1|           2|
    +-------------------------------+----------+-------+----+-----+------------+------------+
    |Total                          |          |      0|  40| 2766|        1268|        1618|
    +-------------------------------+----------+-------+----+-----+------------+------------+

    * Multiplexer: 
    +--------------------------+----+-----------+-----+-----------+
    |           Name           | LUT| Input Size| Bits| Total Bits|
    +--------------------------+----+-----------+-----+-----------+
    |ap_NS_fsm                 |  21|          4|    1|          4|
    |ap_enable_reg_pp0_iter1   |   9|          2|    1|          2|
    |ap_enable_reg_pp0_iter87  |   9|          2|    1|          2|
    |i_0_reg_243               |   9|          2|    9|         18|
    +--------------------------+----+-----------+-----+-----------+
    |Total                     |  48|         10|   12|         26|
    +--------------------------+----+-----------+-----+-----------+

    * Register: 
    +-------------------------------------+----+-----+-----+-----------+
    |                 Name                | FF | LUT | Bits| Const Bits|
    +-------------------------------------+----+-----+-----+-----------+
    |F2_reg_2350                          |  12|    0|   12|          0|
    |QUAN_INC_reg_2359                    |   1|    0|    1|          0|
    |QUAN_INC_reg_2359_pp0_iter44_reg     |   1|    0|    1|          0|
    |Range1_all_ones_3_reg_2452           |   1|    0|    1|          0|
    |Range1_all_zeros_1_reg_2481          |   1|    0|    1|          0|
    |Range2_V_1_reg_2475                  |  54|    0|   54|          0|
    |Range2_all_ones_5_reg_2203           |   1|    0|    1|          0|
    |Range2_all_ones_6_reg_2238           |   1|    0|    1|          0|
    |add_ln958_reg_2288                   |  32|    0|   32|          0|
    |and_ln642_reg_2486                   |   1|    0|    1|          0|
    |and_ln659_reg_2511                   |   1|    0|    1|          0|
    |and_ln781_2_reg_2543                 |   1|    0|    1|          0|
    |and_ln786_2_reg_2244                 |   1|    0|    1|          0|
    |and_ln786_4_reg_2553                 |   1|    0|    1|          0|
    |and_ln786_reg_2209                   |   1|    0|    1|          0|
    |ap_CS_fsm                            |   3|    0|    3|          0|
    |ap_enable_reg_pp0_iter0              |   1|    0|    1|          0|
    |ap_enable_reg_pp0_iter1              |   1|    0|    1|          0|
    |ap_enable_reg_pp0_iter10             |   1|    0|    1|          0|
    |ap_enable_reg_pp0_iter11             |   1|    0|    1|          0|
    |ap_enable_reg_pp0_iter12             |   1|    0|    1|          0|
    |ap_enable_reg_pp0_iter13             |   1|    0|    1|          0|
    |ap_enable_reg_pp0_iter14             |   1|    0|    1|          0|
    |ap_enable_reg_pp0_iter15             |   1|    0|    1|          0|
    |ap_enable_reg_pp0_iter16             |   1|    0|    1|          0|
    |ap_enable_reg_pp0_iter17             |   1|    0|    1|          0|
    |ap_enable_reg_pp0_iter18             |   1|    0|    1|          0|
    |ap_enable_reg_pp0_iter19             |   1|    0|    1|          0|
    |ap_enable_reg_pp0_iter2              |   1|    0|    1|          0|
    |ap_enable_reg_pp0_iter20             |   1|    0|    1|          0|
    |ap_enable_reg_pp0_iter21             |   1|    0|    1|          0|
    |ap_enable_reg_pp0_iter22             |   1|    0|    1|          0|
    |ap_enable_reg_pp0_iter23             |   1|    0|    1|          0|
    |ap_enable_reg_pp0_iter24             |   1|    0|    1|          0|
    |ap_enable_reg_pp0_iter25             |   1|    0|    1|          0|
    |ap_enable_reg_pp0_iter26             |   1|    0|    1|          0|
    |ap_enable_reg_pp0_iter27             |   1|    0|    1|          0|
    |ap_enable_reg_pp0_iter28             |   1|    0|    1|          0|
    |ap_enable_reg_pp0_iter29             |   1|    0|    1|          0|
    |ap_enable_reg_pp0_iter3              |   1|    0|    1|          0|
    |ap_enable_reg_pp0_iter30             |   1|    0|    1|          0|
    |ap_enable_reg_pp0_iter31             |   1|    0|    1|          0|
    |ap_enable_reg_pp0_iter32             |   1|    0|    1|          0|
    |ap_enable_reg_pp0_iter33             |   1|    0|    1|          0|
    |ap_enable_reg_pp0_iter34             |   1|    0|    1|          0|
    |ap_enable_reg_pp0_iter35             |   1|    0|    1|          0|
    |ap_enable_reg_pp0_iter36             |   1|    0|    1|          0|
    |ap_enable_reg_pp0_iter37             |   1|    0|    1|          0|
    |ap_enable_reg_pp0_iter38             |   1|    0|    1|          0|
    |ap_enable_reg_pp0_iter39             |   1|    0|    1|          0|
    |ap_enable_reg_pp0_iter4              |   1|    0|    1|          0|
    |ap_enable_reg_pp0_iter40             |   1|    0|    1|          0|
    |ap_enable_reg_pp0_iter41             |   1|    0|    1|          0|
    |ap_enable_reg_pp0_iter42             |   1|    0|    1|          0|
    |ap_enable_reg_pp0_iter43             |   1|    0|    1|          0|
    |ap_enable_reg_pp0_iter44             |   1|    0|    1|          0|
    |ap_enable_reg_pp0_iter45             |   1|    0|    1|          0|
    |ap_enable_reg_pp0_iter46             |   1|    0|    1|          0|
    |ap_enable_reg_pp0_iter47             |   1|    0|    1|          0|
    |ap_enable_reg_pp0_iter48             |   1|    0|    1|          0|
    |ap_enable_reg_pp0_iter49             |   1|    0|    1|          0|
    |ap_enable_reg_pp0_iter5              |   1|    0|    1|          0|
    |ap_enable_reg_pp0_iter50             |   1|    0|    1|          0|
    |ap_enable_reg_pp0_iter51             |   1|    0|    1|          0|
    |ap_enable_reg_pp0_iter52             |   1|    0|    1|          0|
    |ap_enable_reg_pp0_iter53             |   1|    0|    1|          0|
    |ap_enable_reg_pp0_iter54             |   1|    0|    1|          0|
    |ap_enable_reg_pp0_iter55             |   1|    0|    1|          0|
    |ap_enable_reg_pp0_iter56             |   1|    0|    1|          0|
    |ap_enable_reg_pp0_iter57             |   1|    0|    1|          0|
    |ap_enable_reg_pp0_iter58             |   1|    0|    1|          0|
    |ap_enable_reg_pp0_iter59             |   1|    0|    1|          0|
    |ap_enable_reg_pp0_iter6              |   1|    0|    1|          0|
    |ap_enable_reg_pp0_iter60             |   1|    0|    1|          0|
    |ap_enable_reg_pp0_iter61             |   1|    0|    1|          0|
    |ap_enable_reg_pp0_iter62             |   1|    0|    1|          0|
    |ap_enable_reg_pp0_iter63             |   1|    0|    1|          0|
    |ap_enable_reg_pp0_iter64             |   1|    0|    1|          0|
    |ap_enable_reg_pp0_iter65             |   1|    0|    1|          0|
    |ap_enable_reg_pp0_iter66             |   1|    0|    1|          0|
    |ap_enable_reg_pp0_iter67             |   1|    0|    1|          0|
    |ap_enable_reg_pp0_iter68             |   1|    0|    1|          0|
    |ap_enable_reg_pp0_iter69             |   1|    0|    1|          0|
    |ap_enable_reg_pp0_iter7              |   1|    0|    1|          0|
    |ap_enable_reg_pp0_iter70             |   1|    0|    1|          0|
    |ap_enable_reg_pp0_iter71             |   1|    0|    1|          0|
    |ap_enable_reg_pp0_iter72             |   1|    0|    1|          0|
    |ap_enable_reg_pp0_iter73             |   1|    0|    1|          0|
    |ap_enable_reg_pp0_iter74             |   1|    0|    1|          0|
    |ap_enable_reg_pp0_iter75             |   1|    0|    1|          0|
    |ap_enable_reg_pp0_iter76             |   1|    0|    1|          0|
    |ap_enable_reg_pp0_iter77             |   1|    0|    1|          0|
    |ap_enable_reg_pp0_iter78             |   1|    0|    1|          0|
    |ap_enable_reg_pp0_iter79             |   1|    0|    1|          0|
    |ap_enable_reg_pp0_iter8              |   1|    0|    1|          0|
    |ap_enable_reg_pp0_iter80             |   1|    0|    1|          0|
    |ap_enable_reg_pp0_iter81             |   1|    0|    1|          0|
    |ap_enable_reg_pp0_iter82             |   1|    0|    1|          0|
    |ap_enable_reg_pp0_iter83             |   1|    0|    1|          0|
    |ap_enable_reg_pp0_iter84             |   1|    0|    1|          0|
    |ap_enable_reg_pp0_iter85             |   1|    0|    1|          0|
    |ap_enable_reg_pp0_iter86             |   1|    0|    1|          0|
    |ap_enable_reg_pp0_iter87             |   1|    0|    1|          0|
    |ap_enable_reg_pp0_iter9              |   1|    0|    1|          0|
    |carry_1_reg_2192                     |   1|    0|    1|          0|
    |carry_3_reg_2227                     |   1|    0|    1|          0|
    |h_V_addr_reg_2133                    |   9|    0|    9|          0|
    |i_0_reg_243                          |   9|    0|    9|          0|
    |icmp45_reg_2427                      |   1|    0|    1|          0|
    |icmp45_reg_2427_pp0_iter45_reg       |   1|    0|    1|          0|
    |icmp_ln49_reg_2124                   |   1|    0|    1|          0|
    |icmp_ln571_reg_2342                  |   1|    0|    1|          0|
    |icmp_ln578_reg_2421                  |   1|    0|    1|          0|
    |icmp_ln582_reg_2391                  |   1|    0|    1|          0|
    |icmp_ln591_reg_2376                  |   1|    0|    1|          0|
    |icmp_ln603_reg_2370                  |   1|    0|    1|          0|
    |icmp_ln603_reg_2370_pp0_iter44_reg   |   1|    0|    1|          0|
    |icmp_ln621_reg_2438                  |   1|    0|    1|          0|
    |icmp_ln631_reg_2464                  |   1|    0|    1|          0|
    |icmp_ln935_reg_2250                  |   1|    0|    1|          0|
    |icmp_ln958_reg_2283                  |   1|    0|    1|          0|
    |ireg_V_reg_2318                      |  64|    0|   64|          0|
    |l_reg_2268                           |  32|    0|   32|          0|
    |man_V_1_reg_2337                     |  54|    0|   54|          0|
    |or_ln340_7_reg_2563                  |   1|    0|    1|          0|
    |or_ln_reg_2278                       |   1|    0|   32|         31|
    |overflow_2_reg_2505                  |   1|    0|    1|          0|
    |p_Result_20_reg_2180                 |   1|    0|    1|          0|
    |p_Result_22_reg_2198                 |   1|    0|    1|          0|
    |p_Result_23_reg_2215                 |   1|    0|    1|          0|
    |p_Result_25_reg_2233                 |   1|    0|    1|          0|
    |p_Result_26_reg_2255                 |   1|    0|    1|          0|
    |p_Result_26_reg_2255_pp0_iter9_reg   |   1|    0|    1|          0|
    |p_Result_29_reg_2323                 |   1|    0|    1|          0|
    |p_Result_29_reg_2323_pp0_iter44_reg  |   1|    0|    1|          0|
    |p_Result_30_reg_2332                 |  52|    0|   54|          2|
    |p_Result_31_reg_2403                 |   1|    0|    1|          0|
    |p_Val2_18_reg_2409                   |  16|    0|   16|          0|
    |p_Val2_19_reg_2492                   |  16|    0|   16|          0|
    |p_Val2_25_reg_2537                   |  16|    0|   16|          0|
    |p_Val2_4_reg_2186                    |  16|    0|   16|          0|
    |p_Val2_9_reg_2221                    |  16|    0|   16|          0|
    |params_V_addr_reg_2144               |   9|    0|    9|          0|
    |pos1_reg_2433                        |  12|    0|   12|          0|
    |r_V_3_reg_2165                       |  23|    0|   23|          0|
    |sdiv_ln1148_reg_2532                 |  36|    0|   36|          0|
    |select_ln557_reg_2499                |   1|    0|    1|          0|
    |select_ln66_reg_2308                 |  64|    0|   64|          0|
    |sext_ln581_reg_2386                  |  32|    0|   32|          0|
    |sh_amt_reg_2364                      |  12|    0|   12|          0|
    |sub_ln958_reg_2293                   |  32|    0|   32|          0|
    |temp2_V_reg_2150                     |  16|    0|   16|          0|
    |temp3_V_reg_2527                     |  16|    0|   16|          0|
    |tmp_24_reg_2415                      |   1|    0|    1|          0|
    |tmp_25_reg_2381                      |  10|    0|   10|          0|
    |tmp_28_reg_2459                      |   1|    0|    1|          0|
    |tmp_V_4_reg_2260                     |  16|    0|   16|          0|
    |tmp_V_4_reg_2260_pp0_iter9_reg       |  16|    0|   16|          0|
    |trunc_ln583_reg_2397                 |  16|    0|   16|          0|
    |trunc_ln738_reg_2298                 |  32|    0|   32|          0|
    |trunc_ln943_reg_2273                 |   8|    0|    8|          0|
    |trunc_ln943_reg_2273_pp0_iter9_reg   |   8|    0|    8|          0|
    |underflow_3_reg_2558                 |   1|    0|    1|          0|
    |v_assign_reg_2313                    |  64|    0|   64|          0|
    |xor_ln621_1_reg_2445                 |   1|    0|    1|          0|
    |xor_ln785_5_reg_2548                 |   1|    0|    1|          0|
    |zext_ln635_reg_2470                  |  32|    0|   54|         22|
    |h_V_addr_reg_2133                    |  64|   32|    9|          0|
    |icmp_ln49_reg_2124                   |  64|  114|    1|          0|
    |icmp_ln571_reg_2342                  |  64|   32|    1|          0|
    |icmp_ln935_reg_2250                  |  64|   32|    1|          0|
    |params_V_addr_reg_2144               |  64|  114|    9|          0|
    |r_V_3_reg_2165                       |  64|   64|   23|          0|
    |temp2_V_reg_2150                     |  64|   32|   16|          0|
    +-------------------------------------+----+-----+-----+-----------+
    |Total                                |1436|  420| 1103|         55|
    +-------------------------------------+----+-----+-----+-----------+



================================================================
== Interface
================================================================
* Summary: 
+-------------------+-----+-----+------------+--------------+--------------+
|     RTL Ports     | Dir | Bits|  Protocol  | Source Object|    C Type    |
+-------------------+-----+-----+------------+--------------+--------------+
|ap_clk             |  in |    1| ap_ctrl_hs |    updateb   | return value |
|ap_rst             |  in |    1| ap_ctrl_hs |    updateb   | return value |
|ap_start           |  in |    1| ap_ctrl_hs |    updateb   | return value |
|ap_done            | out |    1| ap_ctrl_hs |    updateb   | return value |
|ap_idle            | out |    1| ap_ctrl_hs |    updateb   | return value |
|ap_ready           | out |    1| ap_ctrl_hs |    updateb   | return value |
|params_V_address0  | out |    9|  ap_memory |   params_V   |     array    |
|params_V_ce0       | out |    1|  ap_memory |   params_V   |     array    |
|params_V_q0        |  in |   16|  ap_memory |   params_V   |     array    |
|params_V_address1  | out |    9|  ap_memory |   params_V   |     array    |
|params_V_ce1       | out |    1|  ap_memory |   params_V   |     array    |
|params_V_we1       | out |    1|  ap_memory |   params_V   |     array    |
|params_V_d1        | out |   16|  ap_memory |   params_V   |     array    |
|grads_V_address0   | out |    9|  ap_memory |    grads_V   |     array    |
|grads_V_ce0        | out |    1|  ap_memory |    grads_V   |     array    |
|grads_V_q0         |  in |   16|  ap_memory |    grads_V   |     array    |
|h_V_address0       | out |    9|  ap_memory |      h_V     |     array    |
|h_V_ce0            | out |    1|  ap_memory |      h_V     |     array    |
|h_V_q0             |  in |   16|  ap_memory |      h_V     |     array    |
|h_V_address1       | out |    9|  ap_memory |      h_V     |     array    |
|h_V_ce1            | out |    1|  ap_memory |      h_V     |     array    |
|h_V_we1            | out |    1|  ap_memory |      h_V     |     array    |
|h_V_d1             | out |   16|  ap_memory |      h_V     |     array    |
+-------------------+-----+-----+------------+--------------+--------------+

