

================================================================
== Vivado HLS Report for 'forward_1'
================================================================
* Date:           Fri Oct 23 11:08:19 2020

* Version:        2019.1 (Build 2552052 on Fri May 24 15:28:33 MDT 2019)
* Project:        kerneldl
* Solution:       solution
* Product family: virtexuplus
* Target device:  xcu200-fsgd2104-2-e


================================================================
== Performance Estimates
================================================================
+ Timing (ns): 
    * Summary: 
    +--------+-------+----------+------------+
    |  Clock | Target| Estimated| Uncertainty|
    +--------+-------+----------+------------+
    |ap_clk  |   3.33|     2.342|        0.90|
    +--------+-------+----------+------------+

+ Latency (clock cycles): 
    * Summary: 
    +-----------+-----------+-----------+-----------+---------+
    |        Latency        |        Interval       | Pipeline|
    |    min    |    max    |    min    |    max    |   Type  |
    +-----------+-----------+-----------+-----------+---------+
    |  234316003|  234316003|  234316003|  234316003|   none  |
    +-----------+-----------+-----------+-----------+---------+

    + Detail: 
        * Instance: 
        N/A

        * Loop: 
        +-------------+-----------+-----------+----------+-----------+-----------+--------+----------+
        |             |        Latency        | Iteration|  Initiation Interval  |  Trip  |          |
        |  Loop Name  |    min    |    max    |  Latency |  achieved |   target  |  Count | Pipelined|
        +-------------+-----------+-----------+----------+-----------+-----------+--------+----------+
        |- Loop 1     |       4000|       4000|         2|          1|          1|    4000|    yes   |
        |- Loop 2     |  234312000|  234312000|       751|          -|          -|  312000|    no    |
        | + Loop 2.1  |        736|        736|        16|          7|          1|     104|    yes   |
        +-------------+-----------+-----------+----------+-----------+-----------+--------+----------+



================================================================
== Utilization Estimates
================================================================
* Summary: 
+---------------------+---------+-------+---------+---------+-----+
|         Name        | BRAM_18K| DSP48E|    FF   |   LUT   | URAM|
+---------------------+---------+-------+---------+---------+-----+
|DSP                  |        -|      2|        -|        -|    -|
|Expression           |        -|      0|        0|      255|    -|
|FIFO                 |        -|      -|        -|        -|    -|
|Instance             |        -|      5|      461|      276|    -|
|Memory               |        -|      -|        -|        -|    -|
|Multiplexer          |        -|      -|        -|      285|    -|
|Register             |        0|      -|      464|       32|    -|
+---------------------+---------+-------+---------+---------+-----+
|Total                |        0|      7|      925|      848|    0|
+---------------------+---------+-------+---------+---------+-----+
|Available SLR        |     1440|   2280|   788160|   394080|  320|
+---------------------+---------+-------+---------+---------+-----+
|Utilization SLR (%)  |        0|   ~0  |    ~0   |    ~0   |    0|
+---------------------+---------+-------+---------+---------+-----+
|Available            |     4320|   6840|  2364480|  1182240|  960|
+---------------------+---------+-------+---------+---------+-----+
|Utilization (%)      |        0|   ~0  |    ~0   |    ~0   |    0|
+---------------------+---------+-------+---------+---------+-----+

+ Detail: 
    * Instance: 
    +---------------------------------------------+-----------------------------------------+---------+-------+-----+-----+-----+
    |                   Instance                  |                  Module                 | BRAM_18K| DSP48E|  FF | LUT | URAM|
    +---------------------------------------------+-----------------------------------------+---------+-------+-----+-----+-----+
    |kerneldl_fadd_32ns_32ns_32_7_full_dsp_1_U15  |kerneldl_fadd_32ns_32ns_32_7_full_dsp_1  |        0|      2|  318|  198|    0|
    |kerneldl_fmul_32ns_32ns_32_4_max_dsp_1_U16   |kerneldl_fmul_32ns_32ns_32_4_max_dsp_1   |        0|      3|  143|   78|    0|
    +---------------------------------------------+-----------------------------------------+---------+-------+-----+-----+-----+
    |Total                                        |                                         |        0|      5|  461|  276|    0|
    +---------------------------------------------+-----------------------------------------+---------+-------+-----+-----+-----+

    * DSP48E: 
    +----------------------------------------------+------------------------------------------+--------------+
    |                   Instance                   |                  Module                  |  Expression  |
    +----------------------------------------------+------------------------------------------+--------------+
    |kerneldl_mac_muladd_3ns_6ns_16ns_16_4_1_U18   |kerneldl_mac_muladd_3ns_6ns_16ns_16_4_1   | i0 * i1 + i2 |
    |kerneldl_mac_muladd_9ns_11ns_10ns_19_4_1_U17  |kerneldl_mac_muladd_9ns_11ns_10ns_19_4_1  | i0 * i1 + i2 |
    +----------------------------------------------+------------------------------------------+--------------+

    * Memory: 
    N/A

    * FIFO: 
    N/A

    * Expression: 
    +--------------------------+----------+-------+---+----+------------+------------+
    |       Variable Name      | Operation| DSP48E| FF| LUT| Bitwidth P0| Bitwidth P1|
    +--------------------------+----------+-------+---+----+------------+------------+
    |mul_ln359_1_fu_320_p2     |     *    |      0|  0|  49|           9|           7|
    |add_ln356_1_fu_296_p2     |     +    |      0|  0|   9|           9|           1|
    |add_ln356_fu_276_p2       |     +    |      0|  0|  19|          19|           1|
    |add_ln364_1_fu_356_p2     |     +    |      0|  0|   4|           3|           1|
    |add_ln364_fu_336_p2       |     +    |      0|  0|   7|           7|           1|
    |add_ln369_1_fu_393_p2     |     +    |      0|  0|  12|          12|          12|
    |add_ln369_fu_380_p2       |     +    |      0|  0|  10|          10|          10|
    |grp_fu_439_p2             |     +    |      0|  0|  16|          16|          16|
    |i_11_fu_425_p2            |     +    |      0|  0|  10|          10|           1|
    |i_fu_259_p2               |     +    |      0|  0|  12|          12|           1|
    |k_fu_416_p2               |     +    |      0|  0|   6|           5|           1|
    |icmp_ln349_fu_253_p2      |   icmp   |      0|  0|  13|          12|           8|
    |icmp_ln356_fu_270_p2      |   icmp   |      0|  0|  20|          19|          19|
    |icmp_ln361_fu_282_p2      |   icmp   |      0|  0|  13|          10|           7|
    |icmp_ln364_fu_330_p2      |   icmp   |      0|  0|  11|           7|           6|
    |icmp_ln367_fu_342_p2      |   icmp   |      0|  0|  11|           5|           4|
    |select_ln359_1_fu_302_p3  |  select  |      0|  0|   9|           1|           9|
    |select_ln359_fu_288_p3    |  select  |      0|  0|  10|           1|           1|
    |select_ln364_1_fu_362_p3  |  select  |      0|  0|   3|           1|           3|
    |select_ln364_fu_348_p3    |  select  |      0|  0|   5|           1|           1|
    |ap_enable_pp0             |    xor   |      0|  0|   2|           1|           2|
    |ap_enable_pp1             |    xor   |      0|  0|   2|           1|           2|
    |ap_enable_reg_pp0_iter1   |    xor   |      0|  0|   2|           2|           1|
    +--------------------------+----------+-------+---+----+------------+------------+
    |Total                     |          |      0|  0| 255|         173|         115|
    +--------------------------+----------+-------+---+----+------------+------------+

    * Multiplexer: 
    +-----------------------------------------+-----+-----------+-----+-----------+
    |                   Name                  | LUT | Input Size| Bits| Total Bits|
    +-----------------------------------------+-----+-----------+-----+-----------+
    |ap_NS_fsm                                |  117|         25|    1|         25|
    |ap_enable_reg_pp0_iter1                  |   15|          3|    1|          3|
    |ap_enable_reg_pp1_iter2                  |    9|          2|    1|          2|
    |ap_phi_mux_indvar_flatten_phi_fu_203_p4  |    9|          2|    7|         14|
    |ap_phi_mux_k_0_phi_fu_237_p4             |    9|          2|    5|         10|
    |ap_phi_mux_t_0_phi_fu_214_p4             |    9|          2|    3|          6|
    |empty_26_reg_221                         |    9|          2|   32|         64|
    |grp_fu_244_p0                            |   15|          3|   32|         96|
    |grp_fu_244_p1                            |   15|          3|   32|         96|
    |i_0_reg_155                              |    9|          2|   12|         24|
    |in_r_address0                            |   15|          3|   12|         36|
    |indvar_flatten8_reg_166                  |    9|          2|   19|         38|
    |indvar_flatten_reg_199                   |    9|          2|    7|         14|
    |j_reg_188                                |    9|          2|   10|         20|
    |k_0_reg_233                              |    9|          2|    5|         10|
    |nk_0_reg_177                             |    9|          2|    9|         18|
    |t_0_reg_210                              |    9|          2|    3|          6|
    +-----------------------------------------+-----+-----------+-----+-----------+
    |Total                                    |  285|         61|  191|        482|
    +-----------------------------------------+-----+-----------+-----+-----------+

    * Register: 
    +-------------------------+----+----+-----+-----------+
    |           Name          | FF | LUT| Bits| Const Bits|
    +-------------------------+----+----+-----+-----------+
    |add_ln356_reg_470        |  19|   0|   19|          0|
    |add_ln364_reg_513        |   7|   0|    7|          0|
    |ap_CS_fsm                |  24|   0|   24|          0|
    |ap_enable_reg_pp0_iter0  |   1|   0|    1|          0|
    |ap_enable_reg_pp0_iter1  |   1|   0|    1|          0|
    |ap_enable_reg_pp1_iter0  |   1|   0|    1|          0|
    |ap_enable_reg_pp1_iter1  |   1|   0|    1|          0|
    |ap_enable_reg_pp1_iter2  |   1|   0|    1|          0|
    |b_load_reg_586           |  32|   0|   32|          0|
    |empty_26_reg_221         |  32|   0|   32|          0|
    |i_0_reg_155              |  12|   0|   12|          0|
    |i_11_reg_581             |  10|   0|   10|          0|
    |icmp_ln349_reg_448       |   1|   0|    1|          0|
    |icmp_ln364_reg_509       |   1|   0|    1|          0|
    |in_load_1_reg_541        |  32|   0|   32|          0|
    |indvar_flatten8_reg_166  |  19|   0|   19|          0|
    |indvar_flatten_reg_199   |   7|   0|    7|          0|
    |j_reg_188                |  10|   0|   10|          0|
    |k_0_reg_233              |   5|   0|    5|          0|
    |k_reg_561                |   5|   0|    5|          0|
    |kernel_load_reg_556      |  32|   0|   32|          0|
    |mul_ln359_1_reg_499      |  13|   0|   16|          3|
    |nk_0_reg_177             |   9|   0|    9|          0|
    |out_addr_reg_504         |  19|   0|   19|          0|
    |select_ln359_1_reg_483   |   9|   0|    9|          0|
    |select_ln359_reg_475     |  10|   0|   10|          0|
    |select_ln364_1_reg_525   |   3|   0|    3|          0|
    |select_ln364_reg_518     |   5|   0|    5|          0|
    |t_0_reg_210              |   3|   0|    3|          0|
    |tmp_reg_591              |  32|   0|   32|          0|
    |tmp_s_reg_566            |  32|   0|   32|          0|
    |zext_ln351_reg_457       |  12|   0|   64|         52|
    |icmp_ln364_reg_509       |  64|  32|    1|          0|
    +-------------------------+----+----+-----+-----------+
    |Total                    | 464|  32|  456|         55|
    +-------------------------+----+----+-----+-----------+



================================================================
== Interface
================================================================
* Summary: 
+----------------------+-----+-----+------------+--------------+--------------+
|       RTL Ports      | Dir | Bits|  Protocol  | Source Object|    C Type    |
+----------------------+-----+-----+------------+--------------+--------------+
|ap_clk                |  in |    1| ap_ctrl_hs |   forward.1  | return value |
|ap_rst                |  in |    1| ap_ctrl_hs |   forward.1  | return value |
|ap_start              |  in |    1| ap_ctrl_hs |   forward.1  | return value |
|ap_done               | out |    1| ap_ctrl_hs |   forward.1  | return value |
|ap_idle               | out |    1| ap_ctrl_hs |   forward.1  | return value |
|ap_ready              | out |    1| ap_ctrl_hs |   forward.1  | return value |
|conv1d_actc_address0  | out |   12|  ap_memory |  conv1d_actc |     array    |
|conv1d_actc_ce0       | out |    1|  ap_memory |  conv1d_actc |     array    |
|conv1d_actc_we0       | out |    1|  ap_memory |  conv1d_actc |     array    |
|conv1d_actc_d0        | out |   32|  ap_memory |  conv1d_actc |     array    |
|in_r_address0         | out |   12|  ap_memory |     in_r     |     array    |
|in_r_ce0              | out |    1|  ap_memory |     in_r     |     array    |
|in_r_q0               |  in |   32|  ap_memory |     in_r     |     array    |
|out_r_address0        | out |   19|  ap_memory |     out_r    |     array    |
|out_r_ce0             | out |    1|  ap_memory |     out_r    |     array    |
|out_r_we0             | out |    1|  ap_memory |     out_r    |     array    |
|out_r_d0              | out |   32|  ap_memory |     out_r    |     array    |
|kernel_address0       | out |   16|  ap_memory |    kernel    |     array    |
|kernel_ce0            | out |    1|  ap_memory |    kernel    |     array    |
|kernel_q0             |  in |   32|  ap_memory |    kernel    |     array    |
|b_address0            | out |   19|  ap_memory |       b      |     array    |
|b_ce0                 | out |    1|  ap_memory |       b      |     array    |
|b_q0                  |  in |   32|  ap_memory |       b      |     array    |
+----------------------+-----+-----+------------+--------------+--------------+

