

================================================================
== Vivado HLS Report for 'forward'
================================================================
* Date:           Fri Oct 23 11:08:20 2020

* Version:        2019.1 (Build 2552052 on Fri May 24 15:28:33 MDT 2019)
* Project:        kerneldl
* Solution:       solution
* Product family: virtexuplus
* Target device:  xcu200-fsgd2104-2-e


================================================================
== Performance Estimates
================================================================
+ Timing (ns): 
    * Summary: 
    +--------+-------+----------+------------+
    |  Clock | Target| Estimated| Uncertainty|
    +--------+-------+----------+------------+
    |ap_clk  |   3.33|     2.820|        0.90|
    +--------+-------+----------+------------+

+ Latency (clock cycles): 
    * Summary: 
    +---------+---------+---------+---------+---------+
    |      Latency      |      Interval     | Pipeline|
    |   min   |   max   |   min   |   max   |   Type  |
    +---------+---------+---------+---------+---------+
    |  2880007|  2880007|  2880007|  2880007|   none  |
    +---------+---------+---------+---------+---------+

    + Detail: 
        * Instance: 
        +-----------------------------------+------------------------+-----+-----+-----+-----+----------+
        |                                   |                        |  Latency  |  Interval | Pipeline |
        |              Instance             |         Module         | min | max | min | max |   Type   |
        +-----------------------------------+------------------------+-----+-----+-----+-----+----------+
        |grp_p_hls_fptosi_float_i32_fu_567  |p_hls_fptosi_float_i32  |    1|    1|    1|    1| function |
        +-----------------------------------+------------------------+-----+-----+-----+-----+----------+

        * Loop: 
        +----------+---------+---------+----------+-----------+-----------+--------+----------+
        |          |      Latency      | Iteration|  Initiation Interval  |  Trip  |          |
        | Loop Name|   min   |   max   |  Latency |  achieved |   target  |  Count | Pipelined|
        +----------+---------+---------+----------+-----------+-----------+--------+----------+
        |- Loop 1  |   312000|   312000|         1|          1|          1|  312000|    yes   |
        |- Loop 2  |  2568003|  2568003|       111|        107|          1|   24000|    yes   |
        +----------+---------+---------+----------+-----------+-----------+--------+----------+



================================================================
== Utilization Estimates
================================================================
* Summary: 
+---------------------+---------+-------+---------+---------+-----+
|         Name        | BRAM_18K| DSP48E|    FF   |   LUT   | URAM|
+---------------------+---------+-------+---------+---------+-----+
|DSP                  |        -|      2|        -|        -|    -|
|Expression           |        -|      0|        0|     1357|    -|
|FIFO                 |        -|      -|        -|        -|    -|
|Instance             |        -|      0|      363|      841|    -|
|Memory               |        -|      -|        -|        -|    -|
|Multiplexer          |        -|      -|        -|     1110|    -|
|Register             |        -|      -|     2189|        -|    -|
+---------------------+---------+-------+---------+---------+-----+
|Total                |        0|      2|     2552|     3308|    0|
+---------------------+---------+-------+---------+---------+-----+
|Available SLR        |     1440|   2280|   788160|   394080|  320|
+---------------------+---------+-------+---------+---------+-----+
|Utilization SLR (%)  |        0|   ~0  |    ~0   |    ~0   |    0|
+---------------------+---------+-------+---------+---------+-----+
|Available            |     4320|   6840|  2364480|  1182240|  960|
+---------------------+---------+-------+---------+---------+-----+
|Utilization (%)      |        0|   ~0  |    ~0   |    ~0   |    0|
+---------------------+---------+-------+---------+---------+-----+

+ Detail: 
    * Instance: 
    +-----------------------------------+-------------------------------+---------+-------+-----+-----+-----+
    |              Instance             |             Module            | BRAM_18K| DSP48E|  FF | LUT | URAM|
    +-----------------------------------+-------------------------------+---------+-------+-----+-----+-----+
    |kerneldl_fcmp_32ns_32ns_1_2_1_U27  |kerneldl_fcmp_32ns_32ns_1_2_1  |        0|      0|   66|   46|    0|
    |kerneldl_sitofp_32ns_32_5_1_U26    |kerneldl_sitofp_32ns_32_5_1    |        0|      0|  231|  355|    0|
    |grp_p_hls_fptosi_float_i32_fu_567  |p_hls_fptosi_float_i32         |        0|      0|   66|  440|    0|
    +-----------------------------------+-------------------------------+---------+-------+-----+-----+-----+
    |Total                              |                               |        0|      0|  363|  841|    0|
    +-----------------------------------+-------------------------------+---------+-------+-----+-----+-----+

    * DSP48E: 
    +---------------------------------------------+-----------------------------------------+--------------+
    |                   Instance                  |                  Module                 |  Expression  |
    +---------------------------------------------+-----------------------------------------+--------------+
    |kerneldl_mac_muladd_5ns_7ns_19ns_19_4_1_U29  |kerneldl_mac_muladd_5ns_7ns_19ns_19_4_1  | i0 + i1 * i2 |
    |kerneldl_mul_mul_11ns_9ns_19_4_1_U28         |kerneldl_mul_mul_11ns_9ns_19_4_1         |    i0 * i1   |
    +---------------------------------------------+-----------------------------------------+--------------+

    * Memory: 
    N/A

    * FIFO: 
    N/A

    * Expression: 
    +----------------------------------+----------+-------+---+----+------------+------------+
    |           Variable Name          | Operation| DSP48E| FF| LUT| Bitwidth P0| Bitwidth P1|
    +----------------------------------+----------+-------+---+----+------------+------------+
    |mul_ln506_1_fu_670_p2             |     *    |      0|  0|  49|           7|           9|
    |add_ln503_1_fu_649_p2             |     +    |      0|  0|   9|           1|           9|
    |add_ln503_fu_629_p2               |     +    |      0|  0|  15|          15|           1|
    |add_ln517_10_fu_824_p2            |     +    |      0|  0|  19|           4|          19|
    |add_ln517_11_fu_834_p2            |     +    |      0|  0|  19|           4|          19|
    |add_ln517_12_fu_844_p2            |     +    |      0|  0|  19|           4|          19|
    |add_ln517_1_fu_692_p2             |     +    |      0|  0|  19|           1|          19|
    |add_ln517_2_fu_702_p2             |     +    |      0|  0|  19|           2|          19|
    |add_ln517_3_fu_712_p2             |     +    |      0|  0|  19|           2|          19|
    |add_ln517_4_fu_722_p2             |     +    |      0|  0|  19|           3|          19|
    |add_ln517_5_fu_774_p2             |     +    |      0|  0|  19|           3|          19|
    |add_ln517_6_fu_784_p2             |     +    |      0|  0|  19|           3|          19|
    |add_ln517_7_fu_794_p2             |     +    |      0|  0|  19|           3|          19|
    |add_ln517_8_fu_804_p2             |     +    |      0|  0|  19|           4|          19|
    |add_ln517_9_fu_814_p2             |     +    |      0|  0|  19|           4|          19|
    |add_ln525_fu_682_p2               |     +    |      0|  0|  15|          15|          15|
    |i_12_fu_1832_p2                   |     +    |      0|  0|   7|           7|           1|
    |i_fu_612_p2                       |     +    |      0|  0|  19|          19|           1|
    |and_ln517_10_fu_1254_p2           |    and   |      0|  0|   2|           1|           1|
    |and_ln517_11_fu_1329_p2           |    and   |      0|  0|   2|           1|           1|
    |and_ln517_12_fu_1335_p2           |    and   |      0|  0|   2|           1|           1|
    |and_ln517_13_fu_1410_p2           |    and   |      0|  0|   2|           1|           1|
    |and_ln517_14_fu_1416_p2           |    and   |      0|  0|   2|           1|           1|
    |and_ln517_15_fu_1491_p2           |    and   |      0|  0|   2|           1|           1|
    |and_ln517_16_fu_1497_p2           |    and   |      0|  0|   2|           1|           1|
    |and_ln517_17_fu_1572_p2           |    and   |      0|  0|   2|           1|           1|
    |and_ln517_18_fu_1578_p2           |    and   |      0|  0|   2|           1|           1|
    |and_ln517_19_fu_1653_p2           |    and   |      0|  0|   2|           1|           1|
    |and_ln517_1_fu_923_p2             |    and   |      0|  0|   2|           1|           1|
    |and_ln517_20_fu_1659_p2           |    and   |      0|  0|   2|           1|           1|
    |and_ln517_21_fu_1734_p2           |    and   |      0|  0|   2|           1|           1|
    |and_ln517_22_fu_1740_p2           |    and   |      0|  0|   2|           1|           1|
    |and_ln517_23_fu_1815_p2           |    and   |      0|  0|   2|           1|           1|
    |and_ln517_24_fu_1821_p2           |    and   |      0|  0|   2|           1|           1|
    |and_ln517_2_fu_929_p2             |    and   |      0|  0|   2|           1|           1|
    |and_ln517_3_fu_1004_p2            |    and   |      0|  0|   2|           1|           1|
    |and_ln517_4_fu_1010_p2            |    and   |      0|  0|   2|           1|           1|
    |and_ln517_5_fu_1086_p2            |    and   |      0|  0|   2|           1|           1|
    |and_ln517_6_fu_1092_p2            |    and   |      0|  0|   2|           1|           1|
    |and_ln517_7_fu_1167_p2            |    and   |      0|  0|   2|           1|           1|
    |and_ln517_8_fu_1173_p2            |    and   |      0|  0|   2|           1|           1|
    |and_ln517_9_fu_1248_p2            |    and   |      0|  0|   2|           1|           1|
    |and_ln517_fu_768_p2               |    and   |      0|  0|   2|           1|           1|
    |ap_condition_3411                 |    and   |      0|  0|   2|           1|           1|
    |ap_condition_3414                 |    and   |      0|  0|   2|           1|           1|
    |ap_condition_3418                 |    and   |      0|  0|   2|           1|           1|
    |ap_condition_3421                 |    and   |      0|  0|   2|           1|           1|
    |ap_condition_3425                 |    and   |      0|  0|   2|           1|           1|
    |ap_condition_3428                 |    and   |      0|  0|   2|           1|           1|
    |ap_condition_3432                 |    and   |      0|  0|   2|           1|           1|
    |ap_condition_3435                 |    and   |      0|  0|   2|           1|           1|
    |ap_condition_3439                 |    and   |      0|  0|   2|           1|           1|
    |ap_condition_3442                 |    and   |      0|  0|   2|           1|           1|
    |ap_condition_3446                 |    and   |      0|  0|   2|           1|           1|
    |ap_condition_3449                 |    and   |      0|  0|   2|           1|           1|
    |ap_condition_3453                 |    and   |      0|  0|   2|           1|           1|
    |ap_condition_3456                 |    and   |      0|  0|   2|           1|           1|
    |ap_condition_3460                 |    and   |      0|  0|   2|           1|           1|
    |ap_condition_3463                 |    and   |      0|  0|   2|           1|           1|
    |ap_condition_3467                 |    and   |      0|  0|   2|           1|           1|
    |ap_condition_3470                 |    and   |      0|  0|   2|           1|           1|
    |ap_condition_3474                 |    and   |      0|  0|   2|           1|           1|
    |ap_condition_3477                 |    and   |      0|  0|   2|           1|           1|
    |ap_condition_3481                 |    and   |      0|  0|   2|           1|           1|
    |ap_condition_3484                 |    and   |      0|  0|   2|           1|           1|
    |ap_condition_3488                 |    and   |      0|  0|   2|           1|           1|
    |ap_condition_3491                 |    and   |      0|  0|   2|           1|           1|
    |ap_condition_3495                 |    and   |      0|  0|   2|           1|           1|
    |ap_condition_3498                 |    and   |      0|  0|   2|           1|           1|
    |ap_predicate_op189_call_state11   |    and   |      0|  0|   2|           1|           1|
    |ap_predicate_op258_call_state19   |    and   |      0|  0|   2|           1|           1|
    |ap_predicate_op285_call_state27   |    and   |      0|  0|   2|           1|           1|
    |ap_predicate_op312_call_state35   |    and   |      0|  0|   2|           1|           1|
    |ap_predicate_op339_call_state43   |    and   |      0|  0|   2|           1|           1|
    |ap_predicate_op366_call_state51   |    and   |      0|  0|   2|           1|           1|
    |ap_predicate_op393_call_state59   |    and   |      0|  0|   2|           1|           1|
    |ap_predicate_op420_call_state67   |    and   |      0|  0|   2|           1|           1|
    |ap_predicate_op447_call_state75   |    and   |      0|  0|   2|           1|           1|
    |ap_predicate_op474_call_state83   |    and   |      0|  0|   2|           1|           1|
    |ap_predicate_op501_call_state91   |    and   |      0|  0|   2|           1|           1|
    |ap_predicate_op528_call_state99   |    and   |      0|  0|   2|           1|           1|
    |ap_predicate_op555_call_state107  |    and   |      0|  0|   2|           1|           1|
    |icmp_ln498_fu_606_p2              |   icmp   |      0|  0|  20|          19|          19|
    |icmp_ln503_fu_623_p2              |   icmp   |      0|  0|  13|          15|          15|
    |icmp_ln508_fu_635_p2              |   icmp   |      0|  0|  11|           7|           7|
    |icmp_ln517_10_fu_1064_p2          |   icmp   |      0|  0|  11|           8|           2|
    |icmp_ln517_11_fu_1070_p2          |   icmp   |      0|  0|  20|          23|           1|
    |icmp_ln517_12_fu_1034_p2          |   icmp   |      0|  0|  11|           8|           2|
    |icmp_ln517_13_fu_1040_p2          |   icmp   |      0|  0|  20|          23|           1|
    |icmp_ln517_14_fu_1145_p2          |   icmp   |      0|  0|  11|           8|           2|
    |icmp_ln517_15_fu_1151_p2          |   icmp   |      0|  0|  20|          23|           1|
    |icmp_ln517_16_fu_1116_p2          |   icmp   |      0|  0|  11|           8|           2|
    |icmp_ln517_17_fu_1122_p2          |   icmp   |      0|  0|  20|          23|           1|
    |icmp_ln517_18_fu_1226_p2          |   icmp   |      0|  0|  11|           8|           2|
    |icmp_ln517_19_fu_1232_p2          |   icmp   |      0|  0|  20|          23|           1|
    |icmp_ln517_1_fu_756_p2            |   icmp   |      0|  0|  20|          23|           1|
    |icmp_ln517_20_fu_1197_p2          |   icmp   |      0|  0|  11|           8|           2|
    |icmp_ln517_21_fu_1203_p2          |   icmp   |      0|  0|  20|          23|           1|
    |icmp_ln517_22_fu_1307_p2          |   icmp   |      0|  0|  11|           8|           2|
    |icmp_ln517_23_fu_1313_p2          |   icmp   |      0|  0|  20|          23|           1|
    |icmp_ln517_24_fu_1278_p2          |   icmp   |      0|  0|  11|           8|           2|
    |icmp_ln517_25_fu_1284_p2          |   icmp   |      0|  0|  20|          23|           1|
    |icmp_ln517_26_fu_1388_p2          |   icmp   |      0|  0|  11|           8|           2|
    |icmp_ln517_27_fu_1394_p2          |   icmp   |      0|  0|  20|          23|           1|
    |icmp_ln517_28_fu_1359_p2          |   icmp   |      0|  0|  11|           8|           2|
    |icmp_ln517_29_fu_1365_p2          |   icmp   |      0|  0|  20|          23|           1|
    |icmp_ln517_2_fu_901_p2            |   icmp   |      0|  0|  11|           8|           2|
    |icmp_ln517_30_fu_1469_p2          |   icmp   |      0|  0|  11|           8|           2|
    |icmp_ln517_31_fu_1475_p2          |   icmp   |      0|  0|  20|          23|           1|
    |icmp_ln517_32_fu_1440_p2          |   icmp   |      0|  0|  11|           8|           2|
    |icmp_ln517_33_fu_1446_p2          |   icmp   |      0|  0|  20|          23|           1|
    |icmp_ln517_34_fu_1550_p2          |   icmp   |      0|  0|  11|           8|           2|
    |icmp_ln517_35_fu_1556_p2          |   icmp   |      0|  0|  20|          23|           1|
    |icmp_ln517_36_fu_1521_p2          |   icmp   |      0|  0|  11|           8|           2|
    |icmp_ln517_37_fu_1527_p2          |   icmp   |      0|  0|  20|          23|           1|
    |icmp_ln517_38_fu_1631_p2          |   icmp   |      0|  0|  11|           8|           2|
    |icmp_ln517_39_fu_1637_p2          |   icmp   |      0|  0|  20|          23|           1|
    |icmp_ln517_3_fu_907_p2            |   icmp   |      0|  0|  20|          23|           1|
    |icmp_ln517_40_fu_1602_p2          |   icmp   |      0|  0|  11|           8|           2|
    |icmp_ln517_41_fu_1608_p2          |   icmp   |      0|  0|  20|          23|           1|
    |icmp_ln517_42_fu_1712_p2          |   icmp   |      0|  0|  11|           8|           2|
    |icmp_ln517_43_fu_1718_p2          |   icmp   |      0|  0|  20|          23|           1|
    |icmp_ln517_44_fu_1683_p2          |   icmp   |      0|  0|  11|           8|           2|
    |icmp_ln517_45_fu_1689_p2          |   icmp   |      0|  0|  20|          23|           1|
    |icmp_ln517_46_fu_1793_p2          |   icmp   |      0|  0|  11|           8|           2|
    |icmp_ln517_47_fu_1799_p2          |   icmp   |      0|  0|  20|          23|           1|
    |icmp_ln517_48_fu_1764_p2          |   icmp   |      0|  0|  11|           8|           2|
    |icmp_ln517_49_fu_1770_p2          |   icmp   |      0|  0|  20|          23|           1|
    |icmp_ln517_4_fu_872_p2            |   icmp   |      0|  0|  11|           8|           2|
    |icmp_ln517_5_fu_878_p2            |   icmp   |      0|  0|  20|          23|           1|
    |icmp_ln517_6_fu_982_p2            |   icmp   |      0|  0|  11|           8|           2|
    |icmp_ln517_7_fu_988_p2            |   icmp   |      0|  0|  20|          23|           1|
    |icmp_ln517_8_fu_953_p2            |   icmp   |      0|  0|  11|           8|           2|
    |icmp_ln517_9_fu_959_p2            |   icmp   |      0|  0|  20|          23|           1|
    |icmp_ln517_fu_750_p2              |   icmp   |      0|  0|  11|           8|           2|
    |or_ln517_10_fu_1244_p2            |    or    |      0|  0|   2|           1|           1|
    |or_ln517_11_fu_1319_p2            |    or    |      0|  0|   2|           1|           1|
    |or_ln517_12_fu_1325_p2            |    or    |      0|  0|   2|           1|           1|
    |or_ln517_13_fu_1400_p2            |    or    |      0|  0|   2|           1|           1|
    |or_ln517_14_fu_1406_p2            |    or    |      0|  0|   2|           1|           1|
    |or_ln517_15_fu_1481_p2            |    or    |      0|  0|   2|           1|           1|
    |or_ln517_16_fu_1487_p2            |    or    |      0|  0|   2|           1|           1|
    |or_ln517_17_fu_1562_p2            |    or    |      0|  0|   2|           1|           1|
    |or_ln517_18_fu_1568_p2            |    or    |      0|  0|   2|           1|           1|
    |or_ln517_19_fu_1643_p2            |    or    |      0|  0|   2|           1|           1|
    |or_ln517_1_fu_913_p2              |    or    |      0|  0|   2|           1|           1|
    |or_ln517_20_fu_1649_p2            |    or    |      0|  0|   2|           1|           1|
    |or_ln517_21_fu_1724_p2            |    or    |      0|  0|   2|           1|           1|
    |or_ln517_22_fu_1730_p2            |    or    |      0|  0|   2|           1|           1|
    |or_ln517_23_fu_1805_p2            |    or    |      0|  0|   2|           1|           1|
    |or_ln517_24_fu_1811_p2            |    or    |      0|  0|   2|           1|           1|
    |or_ln517_2_fu_919_p2              |    or    |      0|  0|   2|           1|           1|
    |or_ln517_3_fu_994_p2              |    or    |      0|  0|   2|           1|           1|
    |or_ln517_4_fu_1000_p2             |    or    |      0|  0|   2|           1|           1|
    |or_ln517_5_fu_1076_p2             |    or    |      0|  0|   2|           1|           1|
    |or_ln517_6_fu_1082_p2             |    or    |      0|  0|   2|           1|           1|
    |or_ln517_7_fu_1157_p2             |    or    |      0|  0|   2|           1|           1|
    |or_ln517_8_fu_1163_p2             |    or    |      0|  0|   2|           1|           1|
    |or_ln517_9_fu_1238_p2             |    or    |      0|  0|   2|           1|           1|
    |or_ln517_fu_762_p2                |    or    |      0|  0|   2|           1|           1|
    |select_ln506_1_fu_655_p3          |  select  |      0|  0|   9|           1|           9|
    |select_ln506_fu_641_p3            |  select  |      0|  0|   7|           1|           1|
    |ap_enable_pp1                     |    xor   |      0|  0|   2|           1|           2|
    +----------------------------------+----------+-------+---+----+------------+------------+
    |Total                             |          |      0|  0|1357|        1009|         481|
    +----------------------------------+----------+-------+---+----+------------+------------+

    * Multiplexer: 
    +-----------------------------------------+-----+-----------+-----+-----------+
    |                   Name                  | LUT | Input Size| Bits| Total Bits|
    +-----------------------------------------+-----+-----------+-----+-----------+
    |ap_NS_fsm                                |  497|        112|    1|        112|
    |ap_enable_reg_pp1_iter1                  |    9|          2|    1|          2|
    |ap_phi_mux_i1_0_phi_fu_273_p4            |    9|          2|    7|         14|
    |ap_phi_mux_indvar_flatten_phi_fu_251_p4  |    9|          2|   15|         30|
    |ap_phi_mux_j_0_phi_fu_262_p4             |    9|          2|    9|         18|
    |ap_phi_reg_pp1_iter0_num_1_0_reg_292     |    9|          2|   19|         38|
    |ap_phi_reg_pp1_iter0_num_1_10_reg_513    |    9|          2|   19|         38|
    |ap_phi_reg_pp1_iter0_num_1_11_reg_535    |    9|          2|   19|         38|
    |ap_phi_reg_pp1_iter0_num_1_12_reg_557    |    9|          2|   19|         38|
    |ap_phi_reg_pp1_iter0_num_1_1_reg_315     |    9|          2|   19|         38|
    |ap_phi_reg_pp1_iter0_num_1_2_reg_337     |    9|          2|   19|         38|
    |ap_phi_reg_pp1_iter0_num_1_3_reg_359     |    9|          2|   19|         38|
    |ap_phi_reg_pp1_iter0_num_1_4_reg_381     |    9|          2|   19|         38|
    |ap_phi_reg_pp1_iter0_num_1_5_reg_403     |    9|          2|   19|         38|
    |ap_phi_reg_pp1_iter0_num_1_6_reg_425     |    9|          2|   19|         38|
    |ap_phi_reg_pp1_iter0_num_1_7_reg_447     |    9|          2|   19|         38|
    |ap_phi_reg_pp1_iter0_num_1_8_reg_469     |    9|          2|   19|         38|
    |ap_phi_reg_pp1_iter0_num_1_9_reg_491     |    9|          2|   19|         38|
    |ap_phi_reg_pp1_iter0_tmp_1_0_reg_280     |    9|          2|   32|         64|
    |ap_phi_reg_pp1_iter0_tmp_1_10_reg_502    |    9|          2|   32|         64|
    |ap_phi_reg_pp1_iter0_tmp_1_11_reg_524    |    9|          2|   32|         64|
    |ap_phi_reg_pp1_iter0_tmp_1_12_reg_546    |    9|          2|   32|         64|
    |ap_phi_reg_pp1_iter0_tmp_1_1_reg_304     |    9|          2|   32|         64|
    |ap_phi_reg_pp1_iter0_tmp_1_2_reg_326     |    9|          2|   32|         64|
    |ap_phi_reg_pp1_iter0_tmp_1_3_reg_348     |    9|          2|   32|         64|
    |ap_phi_reg_pp1_iter0_tmp_1_4_reg_370     |    9|          2|   32|         64|
    |ap_phi_reg_pp1_iter0_tmp_1_5_reg_392     |    9|          2|   32|         64|
    |ap_phi_reg_pp1_iter0_tmp_1_6_reg_414     |    9|          2|   32|         64|
    |ap_phi_reg_pp1_iter0_tmp_1_7_reg_436     |    9|          2|   32|         64|
    |ap_phi_reg_pp1_iter0_tmp_1_8_reg_458     |    9|          2|   32|         64|
    |ap_phi_reg_pp1_iter0_tmp_1_9_reg_480     |    9|          2|   32|         64|
    |grp_fu_572_p0                            |   59|         14|   32|        448|
    |grp_fu_588_p0                            |   56|         13|   32|        416|
    |grp_fu_588_p1                            |   15|          3|   32|         96|
    |grp_p_hls_fptosi_float_i32_fu_567_x      |   56|         13|   32|        416|
    |i1_0_reg_269                             |    9|          2|    7|         14|
    |i_0_reg_236                              |    9|          2|   19|         38|
    |in_r_address0                            |   44|          9|   19|        171|
    |in_r_address1                            |   38|          7|   19|        133|
    |indvar_flatten_reg_247                   |    9|          2|   15|         30|
    |j_0_reg_258                              |    9|          2|    9|         18|
    |mpool_max_address0                       |   15|          3|   19|         57|
    |mpool_max_d0                             |   15|          3|    2|          6|
    |reg_593                                  |    9|          2|   32|         64|
    +-----------------------------------------+-----+-----------+-----+-----------+
    |Total                                    | 1110|        247|  965|       3409|
    +-----------------------------------------+-----+-----------+-----+-----------+

    * Register: 
    +---------------------------------------+-----+----+-----+-----------+
    |                  Name                 |  FF | LUT| Bits| Const Bits|
    +---------------------------------------+-----+----+-----+-----------+
    |add_ln503_reg_1868                     |   15|   0|   15|          0|
    |add_ln517_10_reg_2076                  |   19|   0|   19|          0|
    |add_ln517_11_reg_2100                  |   19|   0|   19|          0|
    |add_ln517_12_reg_2110                  |   19|   0|   19|          0|
    |add_ln517_1_reg_1928                   |   19|   0|   19|          0|
    |add_ln517_2_reg_1938                   |   19|   0|   19|          0|
    |add_ln517_3_reg_1962                   |   19|   0|   19|          0|
    |add_ln517_4_reg_1972                   |   19|   0|   19|          0|
    |add_ln517_5_reg_1993                   |   19|   0|   19|          0|
    |add_ln517_6_reg_2003                   |   19|   0|   19|          0|
    |add_ln517_7_reg_2032                   |   19|   0|   19|          0|
    |add_ln517_8_reg_2042                   |   19|   0|   19|          0|
    |add_ln517_9_reg_2066                   |   19|   0|   19|          0|
    |add_ln517_reg_1906                     |   19|   0|   19|          0|
    |add_ln525_reg_1896                     |   15|   0|   15|          0|
    |add_ln525_reg_1896_pp1_iter1_reg       |   15|   0|   15|          0|
    |and_ln517_10_reg_2220                  |    1|   0|    1|          0|
    |and_ln517_12_reg_2239                  |    1|   0|    1|          0|
    |and_ln517_14_reg_2258                  |    1|   0|    1|          0|
    |and_ln517_16_reg_2277                  |    1|   0|    1|          0|
    |and_ln517_18_reg_2296                  |    1|   0|    1|          0|
    |and_ln517_20_reg_2315                  |    1|   0|    1|          0|
    |and_ln517_22_reg_2334                  |    1|   0|    1|          0|
    |and_ln517_24_reg_2353                  |    1|   0|    1|          0|
    |and_ln517_2_reg_2144                   |    1|   0|    1|          0|
    |and_ln517_4_reg_2163                   |    1|   0|    1|          0|
    |and_ln517_6_reg_2182                   |    1|   0|    1|          0|
    |and_ln517_8_reg_2201                   |    1|   0|    1|          0|
    |and_ln517_reg_1982                     |    1|   0|    1|          0|
    |ap_CS_fsm                              |  111|   0|  111|          0|
    |ap_enable_reg_pp1_iter0                |    1|   0|    1|          0|
    |ap_enable_reg_pp1_iter1                |    1|   0|    1|          0|
    |ap_phi_reg_pp1_iter0_num_1_0_reg_292   |   19|   0|   19|          0|
    |ap_phi_reg_pp1_iter0_num_1_10_reg_513  |   19|   0|   19|          0|
    |ap_phi_reg_pp1_iter0_num_1_11_reg_535  |   19|   0|   19|          0|
    |ap_phi_reg_pp1_iter0_num_1_12_reg_557  |   19|   0|   19|          0|
    |ap_phi_reg_pp1_iter0_num_1_1_reg_315   |   19|   0|   19|          0|
    |ap_phi_reg_pp1_iter0_num_1_2_reg_337   |   19|   0|   19|          0|
    |ap_phi_reg_pp1_iter0_num_1_3_reg_359   |   19|   0|   19|          0|
    |ap_phi_reg_pp1_iter0_num_1_4_reg_381   |   19|   0|   19|          0|
    |ap_phi_reg_pp1_iter0_num_1_5_reg_403   |   19|   0|   19|          0|
    |ap_phi_reg_pp1_iter0_num_1_6_reg_425   |   19|   0|   19|          0|
    |ap_phi_reg_pp1_iter0_num_1_7_reg_447   |   19|   0|   19|          0|
    |ap_phi_reg_pp1_iter0_num_1_8_reg_469   |   19|   0|   19|          0|
    |ap_phi_reg_pp1_iter0_num_1_9_reg_491   |   19|   0|   19|          0|
    |ap_phi_reg_pp1_iter0_tmp_1_0_reg_280   |   32|   0|   32|          0|
    |ap_phi_reg_pp1_iter0_tmp_1_10_reg_502  |   32|   0|   32|          0|
    |ap_phi_reg_pp1_iter0_tmp_1_11_reg_524  |   32|   0|   32|          0|
    |ap_phi_reg_pp1_iter0_tmp_1_12_reg_546  |   32|   0|   32|          0|
    |ap_phi_reg_pp1_iter0_tmp_1_1_reg_304   |   32|   0|   32|          0|
    |ap_phi_reg_pp1_iter0_tmp_1_2_reg_326   |   32|   0|   32|          0|
    |ap_phi_reg_pp1_iter0_tmp_1_3_reg_348   |   32|   0|   32|          0|
    |ap_phi_reg_pp1_iter0_tmp_1_4_reg_370   |   32|   0|   32|          0|
    |ap_phi_reg_pp1_iter0_tmp_1_5_reg_392   |   32|   0|   32|          0|
    |ap_phi_reg_pp1_iter0_tmp_1_6_reg_414   |   32|   0|   32|          0|
    |ap_phi_reg_pp1_iter0_tmp_1_7_reg_436   |   32|   0|   32|          0|
    |ap_phi_reg_pp1_iter0_tmp_1_8_reg_458   |   32|   0|   32|          0|
    |ap_phi_reg_pp1_iter0_tmp_1_9_reg_480   |   32|   0|   32|          0|
    |i1_0_reg_269                           |    7|   0|    7|          0|
    |i_0_reg_236                            |   19|   0|   19|          0|
    |i_12_reg_2362                          |    7|   0|    7|          0|
    |icmp_ln503_reg_1864                    |    1|   0|    1|          0|
    |icmp_ln503_reg_1864_pp1_iter1_reg      |    1|   0|    1|          0|
    |icmp_ln517_12_reg_2172                 |    1|   0|    1|          0|
    |icmp_ln517_13_reg_2177                 |    1|   0|    1|          0|
    |icmp_ln517_16_reg_2191                 |    1|   0|    1|          0|
    |icmp_ln517_17_reg_2196                 |    1|   0|    1|          0|
    |icmp_ln517_20_reg_2210                 |    1|   0|    1|          0|
    |icmp_ln517_21_reg_2215                 |    1|   0|    1|          0|
    |icmp_ln517_24_reg_2229                 |    1|   0|    1|          0|
    |icmp_ln517_25_reg_2234                 |    1|   0|    1|          0|
    |icmp_ln517_28_reg_2248                 |    1|   0|    1|          0|
    |icmp_ln517_29_reg_2253                 |    1|   0|    1|          0|
    |icmp_ln517_32_reg_2267                 |    1|   0|    1|          0|
    |icmp_ln517_33_reg_2272                 |    1|   0|    1|          0|
    |icmp_ln517_36_reg_2286                 |    1|   0|    1|          0|
    |icmp_ln517_37_reg_2291                 |    1|   0|    1|          0|
    |icmp_ln517_40_reg_2305                 |    1|   0|    1|          0|
    |icmp_ln517_41_reg_2310                 |    1|   0|    1|          0|
    |icmp_ln517_44_reg_2324                 |    1|   0|    1|          0|
    |icmp_ln517_45_reg_2329                 |    1|   0|    1|          0|
    |icmp_ln517_48_reg_2343                 |    1|   0|    1|          0|
    |icmp_ln517_49_reg_2348                 |    1|   0|    1|          0|
    |icmp_ln517_4_reg_2134                  |    1|   0|    1|          0|
    |icmp_ln517_5_reg_2139                  |    1|   0|    1|          0|
    |icmp_ln517_8_reg_2153                  |    1|   0|    1|          0|
    |icmp_ln517_9_reg_2158                  |    1|   0|    1|          0|
    |in_load_10_reg_2093                    |   32|   0|   32|          0|
    |in_load_11_reg_2120                    |   32|   0|   32|          0|
    |in_load_12_reg_2127                    |   32|   0|   32|          0|
    |in_load_1_reg_1948                     |   32|   0|   32|          0|
    |in_load_2_reg_1955                     |   32|   0|   32|          0|
    |in_load_4_reg_1986                     |   32|   0|   32|          0|
    |in_load_5_reg_2018                     |   32|   0|   32|          0|
    |in_load_6_reg_2025                     |   32|   0|   32|          0|
    |in_load_7_reg_2052                     |   32|   0|   32|          0|
    |in_load_8_reg_2059                     |   32|   0|   32|          0|
    |in_load_9_reg_2086                     |   32|   0|   32|          0|
    |indvar_flatten_reg_247                 |   15|   0|   15|          0|
    |j_0_reg_258                            |    9|   0|    9|          0|
    |num_1_10_reg_513                       |   19|   0|   19|          0|
    |num_1_11_reg_535                       |   19|   0|   19|          0|
    |num_1_1_reg_315                        |   19|   0|   19|          0|
    |num_1_2_reg_337                        |   19|   0|   19|          0|
    |num_1_3_reg_359                        |   19|   0|   19|          0|
    |num_1_4_reg_381                        |   19|   0|   19|          0|
    |num_1_5_reg_403                        |   19|   0|   19|          0|
    |num_1_6_reg_425                        |   19|   0|   19|          0|
    |num_1_7_reg_447                        |   19|   0|   19|          0|
    |num_1_8_reg_469                        |   19|   0|   19|          0|
    |num_1_9_reg_491                        |   19|   0|   19|          0|
    |reg_593                                |   32|   0|   32|          0|
    |reg_600                                |   32|   0|   32|          0|
    |select_ln506_1_reg_1880                |    9|   0|    9|          0|
    |select_ln506_reg_1873                  |    7|   0|    7|          0|
    |tmp_1_0_reg_280                        |   32|   0|   32|          0|
    |tmp_1_10_reg_502                       |   32|   0|   32|          0|
    |tmp_1_11_reg_524                       |   32|   0|   32|          0|
    |tmp_1_1_reg_304                        |   32|   0|   32|          0|
    |tmp_1_2_reg_326                        |   32|   0|   32|          0|
    |tmp_1_3_reg_348                        |   32|   0|   32|          0|
    |tmp_1_4_reg_370                        |   32|   0|   32|          0|
    |tmp_1_5_reg_392                        |   32|   0|   32|          0|
    |tmp_1_6_reg_414                        |   32|   0|   32|          0|
    |tmp_1_7_reg_436                        |   32|   0|   32|          0|
    |tmp_1_8_reg_458                        |   32|   0|   32|          0|
    |tmp_1_9_reg_480                        |   32|   0|   32|          0|
    +---------------------------------------+-----+----+-----+-----------+
    |Total                                  | 2189|   0| 2189|          0|
    +---------------------------------------+-----+----+-----+-----------+



================================================================
== Interface
================================================================
* Summary: 
+--------------------+-----+-----+------------+--------------+--------------+
|      RTL Ports     | Dir | Bits|  Protocol  | Source Object|    C Type    |
+--------------------+-----+-----+------------+--------------+--------------+
|ap_clk              |  in |    1| ap_ctrl_hs |    forward   | return value |
|ap_rst              |  in |    1| ap_ctrl_hs |    forward   | return value |
|ap_start            |  in |    1| ap_ctrl_hs |    forward   | return value |
|ap_done             | out |    1| ap_ctrl_hs |    forward   | return value |
|ap_idle             | out |    1| ap_ctrl_hs |    forward   | return value |
|ap_ready            | out |    1| ap_ctrl_hs |    forward   | return value |
|mpool_max_address0  | out |   19|  ap_memory |   mpool_max  |     array    |
|mpool_max_ce0       | out |    1|  ap_memory |   mpool_max  |     array    |
|mpool_max_we0       | out |    1|  ap_memory |   mpool_max  |     array    |
|mpool_max_d0        | out |    2|  ap_memory |   mpool_max  |     array    |
|in_r_address0       | out |   19|  ap_memory |     in_r     |     array    |
|in_r_ce0            | out |    1|  ap_memory |     in_r     |     array    |
|in_r_we0            | out |    1|  ap_memory |     in_r     |     array    |
|in_r_d0             | out |   32|  ap_memory |     in_r     |     array    |
|in_r_q0             |  in |   32|  ap_memory |     in_r     |     array    |
|in_r_address1       | out |   19|  ap_memory |     in_r     |     array    |
|in_r_ce1            | out |    1|  ap_memory |     in_r     |     array    |
|in_r_q1             |  in |   32|  ap_memory |     in_r     |     array    |
+--------------------+-----+-----+------------+--------------+--------------+

