

================================================================
== Vivado HLS Report for 'p_hls_fptosi_float_i32'
================================================================
* Date:           Fri Oct 23 11:08:20 2020

* Version:        2019.1 (Build 2552052 on Fri May 24 15:28:33 MDT 2019)
* Project:        kerneldl
* Solution:       solution
* Product family: virtexuplus
* Target device:  xcu200-fsgd2104-2-e


================================================================
== Performance Estimates
================================================================
+ Timing (ns): 
    * Summary: 
    +--------+-------+----------+------------+
    |  Clock | Target| Estimated| Uncertainty|
    +--------+-------+----------+------------+
    |ap_clk  |   3.33|     1.837|        0.90|
    +--------+-------+----------+------------+

+ Latency (clock cycles): 
    * Summary: 
    +-----+-----+-----+-----+----------+
    |  Latency  |  Interval | Pipeline |
    | min | max | min | max |   Type   |
    +-----+-----+-----+-----+----------+
    |    1|    1|    1|    1| function |
    +-----+-----+-----+-----+----------+

    + Detail: 
        * Instance: 
        N/A

        * Loop: 
        N/A



================================================================
== Utilization Estimates
================================================================
* Summary: 
+---------------------+---------+-------+---------+---------+-----+
|         Name        | BRAM_18K| DSP48E|    FF   |   LUT   | URAM|
+---------------------+---------+-------+---------+---------+-----+
|DSP                  |        -|      -|        -|        -|    -|
|Expression           |        -|      -|        0|      431|    -|
|FIFO                 |        -|      -|        -|        -|    -|
|Instance             |        -|      -|        -|        -|    -|
|Memory               |        -|      -|        -|        -|    -|
|Multiplexer          |        -|      -|        -|        9|    -|
|Register             |        -|      -|       66|        -|    -|
+---------------------+---------+-------+---------+---------+-----+
|Total                |        0|      0|       66|      440|    0|
+---------------------+---------+-------+---------+---------+-----+
|Available SLR        |     1440|   2280|   788160|   394080|  320|
+---------------------+---------+-------+---------+---------+-----+
|Utilization SLR (%)  |        0|      0|    ~0   |    ~0   |    0|
+---------------------+---------+-------+---------+---------+-----+
|Available            |     4320|   6840|  2364480|  1182240|  960|
+---------------------+---------+-------+---------+---------+-----+
|Utilization (%)      |        0|      0|    ~0   |    ~0   |    0|
+---------------------+---------+-------+---------+---------+-----+

+ Detail: 
    * Instance: 
    N/A

    * DSP48E: 
    N/A

    * Memory: 
    N/A

    * FIFO: 
    N/A

    * Expression: 
    +----------------------+----------+-------+---+-----+------------+------------+
    |     Variable Name    | Operation| DSP48E| FF| LUT | Bitwidth P0| Bitwidth P1|
    +----------------------+----------+-------+---+-----+------------+------------+
    |add_ln339_fu_88_p2    |     +    |      0|  0|    9|           8|           9|
    |result_V_1_fu_174_p2  |     -    |      0|  0|   32|           1|          32|
    |sub_ln1311_fu_102_p2  |     -    |      0|  0|    8|           7|           8|
    |r_V_fu_132_p2         |   lshr   |      0|  0|   66|          25|          25|
    |p_Val2_5_fu_166_p3    |  select  |      0|  0|   32|           1|          32|
    |p_Val2_6_fu_179_p3    |  select  |      0|  0|   32|           1|          32|
    |ush_fu_112_p3         |  select  |      0|  0|    9|           1|           9|
    |r_V_1_fu_138_p2       |    shl   |      0|  0|  243|          79|          79|
    +----------------------+----------+-------+---+-----+------------+------------+
    |Total                 |          |      0|  0|  431|         123|         226|
    +----------------------+----------+-------+---+-----+------------+------------+

    * Multiplexer: 
    +-----------+----+-----------+-----+-----------+
    |    Name   | LUT| Input Size| Bits| Total Bits|
    +-----------+----+-----------+-----+-----------+
    |ap_return  |   9|          2|   32|         64|
    +-----------+----+-----------+-----+-----------+
    |Total      |   9|          2|   32|         64|
    +-----------+----+-----------+-----+-----------+

    * Register: 
    +--------------------+----+----+-----+-----------+
    |        Name        | FF | LUT| Bits| Const Bits|
    +--------------------+----+----+-----+-----------+
    |ap_ce_reg           |   1|   0|    1|          0|
    |ap_return_int_reg   |  32|   0|   32|          0|
    |p_Result_s_reg_185  |   1|   0|    1|          0|
    |p_Val2_5_reg_190    |  32|   0|   32|          0|
    +--------------------+----+----+-----+-----------+
    |Total               |  66|   0|   66|          0|
    +--------------------+----+----+-----+-----------+



================================================================
== Interface
================================================================
* Summary: 
+-----------+-----+-----+------------+------------------------+--------------+
| RTL Ports | Dir | Bits|  Protocol  |      Source Object     |    C Type    |
+-----------+-----+-----+------------+------------------------+--------------+
|ap_clk     |  in |    1| ap_ctrl_hs | __hls_fptosi_float_i32 | return value |
|ap_rst     |  in |    1| ap_ctrl_hs | __hls_fptosi_float_i32 | return value |
|ap_return  | out |   32| ap_ctrl_hs | __hls_fptosi_float_i32 | return value |
|ap_ce      |  in |    1| ap_ctrl_hs | __hls_fptosi_float_i32 | return value |
|x          |  in |   32|   ap_none  |            x           |    scalar    |
+-----------+-----+-----+------------+------------------------+--------------+

