INFO: [VRFC 10-2263] Analyzing Verilog file "/home/centos/single_cont_qDanQ/_x.hw_emu.xilinx_aws-vu9p-f1-04261818_dynamic_5_0/link/vivado/vpl/prj/prj.ip_user_files/bd/emu/ip/emu_dma_pcie_aclk_0/sim/emu_dma_pcie_aclk_0.v" into library xil_defaultlib
INFO: [VRFC 10-311] analyzing module emu_dma_pcie_aclk_0
INFO: [VRFC 10-2263] Analyzing Verilog file "/home/centos/single_cont_qDanQ/_x.hw_emu.xilinx_aws-vu9p-f1-04261818_dynamic_5_0/link/vivado/vpl/prj/prj.ip_user_files/bd/emu/ipshared/eb46/hdl/sim_aximm_master_v1_0.v" into library xil_defaultlib
INFO: [VRFC 10-311] analyzing module sim_aximm_master_v1_0
INFO: [VRFC 10-2458] undeclared symbol m00_axi_txn_done, assumed default net type wire [/home/centos/single_cont_qDanQ/_x.hw_emu.xilinx_aws-vu9p-f1-04261818_dynamic_5_0/link/vivado/vpl/prj/prj.ip_user_files/bd/emu/ipshared/eb46/hdl/sim_aximm_master_v1_0.v:65]
INFO: [VRFC 10-2263] Analyzing Verilog file "/home/centos/single_cont_qDanQ/_x.hw_emu.xilinx_aws-vu9p-f1-04261818_dynamic_5_0/link/vivado/vpl/prj/prj.ip_user_files/bd/emu/ip/emu_xdma_dummy_0/sim/emu_xdma_dummy_0.v" into library xil_defaultlib
INFO: [VRFC 10-311] analyzing module emu_xdma_dummy_0
INFO: [VRFC 10-2263] Analyzing Verilog file "/home/centos/single_cont_qDanQ/_x.hw_emu.xilinx_aws-vu9p-f1-04261818_dynamic_5_0/link/vivado/vpl/prj/prj.ip_user_files/bd/emu/ip/emu_kernel_clk_0/sim/emu_kernel_clk_0.v" into library xil_defaultlib
INFO: [VRFC 10-311] analyzing module emu_kernel_clk_0
INFO: [VRFC 10-2263] Analyzing Verilog file "/home/centos/single_cont_qDanQ/_x.hw_emu.xilinx_aws-vu9p-f1-04261818_dynamic_5_0/link/vivado/vpl/prj/prj.ip_user_files/bd/emu/ip/emu_kernel2_clk_0/sim/emu_kernel2_clk_0.v" into library xil_defaultlib
INFO: [VRFC 10-311] analyzing module emu_kernel2_clk_0
INFO: [VRFC 10-2263] Analyzing Verilog file "/home/centos/single_cont_qDanQ/_x.hw_emu.xilinx_aws-vu9p-f1-04261818_dynamic_5_0/link/vivado/vpl/prj/prj.ip_user_files/bd/emu/ip/emu_axi_lite_control_clk_0/sim/emu_axi_lite_control_clk_0.v" into library xil_defaultlib
INFO: [VRFC 10-311] analyzing module emu_axi_lite_control_clk_0
INFO: [VRFC 10-2263] Analyzing SystemVerilog file "/home/centos/single_cont_qDanQ/_x.hw_emu.xilinx_aws-vu9p-f1-04261818_dynamic_5_0/link/vivado/vpl/prj/prj.ip_user_files/bd/emu/ip/emu_sdaccel_generic_pcie_0_0/sim/emu_sdaccel_generic_pcie_0_0.sv" into library xil_defaultlib
INFO: [VRFC 10-311] analyzing module emu_sdaccel_generic_pcie_0_0
INFO: [VRFC 10-2263] Analyzing SystemVerilog file "/home/centos/single_cont_qDanQ/_x.hw_emu.xilinx_aws-vu9p-f1-04261818_dynamic_5_0/link/vivado/vpl/prj/prj.ip_user_files/bd/emu/ip/emu_systemc_synchronizer_0_0/sim/emu_systemc_synchronizer_0_0.sv" into library xil_defaultlib
INFO: [VRFC 10-311] analyzing module emu_systemc_synchronizer_0_0
INFO: [VRFC 10-2263] Analyzing Verilog file "/home/centos/single_cont_qDanQ/_x.hw_emu.xilinx_aws-vu9p-f1-04261818_dynamic_5_0/link/vivado/vpl/prj/prj.ip_user_files/bd/emu/ipshared/efc9/hdl/sim_axilite_slave_v1_0.v" into library xil_defaultlib
INFO: [VRFC 10-311] analyzing module sim_axilite_slave_v1_0
INFO: [VRFC 10-2263] Analyzing Verilog file "/home/centos/single_cont_qDanQ/_x.hw_emu.xilinx_aws-vu9p-f1-04261818_dynamic_5_0/link/vivado/vpl/prj/prj.ip_user_files/bd/emu/ip/emu_to_delete_kernel_ctrl_0/sim/emu_to_delete_kernel_ctrl_0.v" into library xil_defaultlib
INFO: [VRFC 10-311] analyzing module emu_to_delete_kernel_ctrl_0
INFO: [VRFC 10-2263] Analyzing Verilog file "/home/centos/single_cont_qDanQ/_x.hw_emu.xilinx_aws-vu9p-f1-04261818_dynamic_5_0/link/vivado/vpl/prj/prj.ip_user_files/bd/emu/ip/emu_ddr0_ui_clk_0/sim/emu_ddr0_ui_clk_0.v" into library xil_defaultlib
INFO: [VRFC 10-311] analyzing module emu_ddr0_ui_clk_0
INFO: [VRFC 10-2263] Analyzing Verilog file "/home/centos/single_cont_qDanQ/_x.hw_emu.xilinx_aws-vu9p-f1-04261818_dynamic_5_0/link/vivado/vpl/prj/prj.ip_user_files/bd/emu/ip/emu_ddr1_ui_clk_0/sim/emu_ddr1_ui_clk_0.v" into library xil_defaultlib
INFO: [VRFC 10-311] analyzing module emu_ddr1_ui_clk_0
INFO: [VRFC 10-2263] Analyzing Verilog file "/home/centos/single_cont_qDanQ/_x.hw_emu.xilinx_aws-vu9p-f1-04261818_dynamic_5_0/link/vivado/vpl/prj/prj.ip_user_files/bd/emu/ip/emu_ddr2_ui_clk_0/sim/emu_ddr2_ui_clk_0.v" into library xil_defaultlib
INFO: [VRFC 10-311] analyzing module emu_ddr2_ui_clk_0
INFO: [VRFC 10-2263] Analyzing Verilog file "/home/centos/single_cont_qDanQ/_x.hw_emu.xilinx_aws-vu9p-f1-04261818_dynamic_5_0/link/vivado/vpl/prj/prj.ip_user_files/bd/emu/ip/emu_ddr3_ui_clk_0/sim/emu_ddr3_ui_clk_0.v" into library xil_defaultlib
INFO: [VRFC 10-311] analyzing module emu_ddr3_ui_clk_0
INFO: [VRFC 10-2263] Analyzing Verilog file "/home/centos/single_cont_qDanQ/_x.hw_emu.xilinx_aws-vu9p-f1-04261818_dynamic_5_0/link/vivado/vpl/prj/prj.ip_user_files/bd/emu/sim/emu.v" into library xil_defaultlib
INFO: [VRFC 10-311] analyzing module emu
INFO: [VRFC 10-311] analyzing module emu_interconnect_axilite_user_0
INFO: [VRFC 10-311] analyzing module emu_interconnect_aximm_ddrmem0_0
INFO: [VRFC 10-311] analyzing module emu_interconnect_aximm_ddrmem1_0
INFO: [VRFC 10-311] analyzing module emu_interconnect_aximm_ddrmem2_0
INFO: [VRFC 10-311] analyzing module emu_interconnect_aximm_ddrmem3_0
INFO: [VRFC 10-311] analyzing module emu_interconnect_aximm_host_0
INFO: [VRFC 10-311] analyzing module m00_couplers_imp_22V5CA
INFO: [VRFC 10-311] analyzing module m00_couplers_imp_9CW7ZN
INFO: [VRFC 10-311] analyzing module m00_couplers_imp_V0RRUK
INFO: [VRFC 10-311] analyzing module m01_couplers_imp_1DHK7JT
INFO: [VRFC 10-311] analyzing module m01_couplers_imp_1XYWBUE
INFO: [VRFC 10-311] analyzing module m02_couplers_imp_4BHP87
INFO: [VRFC 10-311] analyzing module m03_couplers_imp_1M9XOXE
INFO: [VRFC 10-311] analyzing module s00_couplers_imp_11X62IX
INFO: [VRFC 10-311] analyzing module s00_couplers_imp_1CEDJHS
INFO: [VRFC 10-311] analyzing module s00_couplers_imp_1J6CUBQ
INFO: [VRFC 10-311] analyzing module s00_couplers_imp_1YGPZZO
INFO: [VRFC 10-311] analyzing module s00_couplers_imp_BLF2CZ
INFO: [VRFC 10-311] analyzing module s00_couplers_imp_XXVXO7
INFO: [VRFC 10-311] analyzing module s01_couplers_imp_W6GCC5
INFO: [VRFC 10-2263] Analyzing Verilog file "/home/centos/single_cont_qDanQ/_x.hw_emu.xilinx_aws-vu9p-f1-04261818_dynamic_5_0/link/vivado/vpl/prj/prj.ip_user_files/bd/emu/ip/emu_xbar_0/sim/emu_xbar_0.v" into library xil_defaultlib
INFO: [VRFC 10-311] analyzing module emu_xbar_0
INFO: [VRFC 10-2263] Analyzing Verilog file "/home/centos/single_cont_qDanQ/_x.hw_emu.xilinx_aws-vu9p-f1-04261818_dynamic_5_0/link/vivado/vpl/prj/prj.ip_user_files/bd/emu/ip/emu_xbar_2/sim/emu_xbar_2.v" into library xil_defaultlib
INFO: [VRFC 10-311] analyzing module emu_xbar_2
INFO: [VRFC 10-2263] Analyzing Verilog file "/home/centos/single_cont_qDanQ/_x.hw_emu.xilinx_aws-vu9p-f1-04261818_dynamic_5_0/link/vivado/vpl/prj/prj.ip_user_files/bd/emu/ip/emu_xbar_1/sim/emu_xbar_1.v" into library xil_defaultlib
INFO: [VRFC 10-311] analyzing module emu_xbar_1
INFO: [VRFC 10-2263] Analyzing Verilog file "/home/centos/single_cont_qDanQ/_x.hw_emu.xilinx_aws-vu9p-f1-04261818_dynamic_5_0/link/vivado/vpl/prj/prj.srcs/sources_1/bd/emu/ipshared/4ea0/hdl/verilog/kerneldl_backward.v" into library xil_defaultlib
INFO: [VRFC 10-311] analyzing module kerneldl_backward
INFO: [VRFC 10-2263] Analyzing Verilog file "/home/centos/single_cont_qDanQ/_x.hw_emu.xilinx_aws-vu9p-f1-04261818_dynamic_5_0/link/vivado/vpl/prj/prj.srcs/sources_1/bd/emu/ipshared/4ea0/hdl/verilog/kerneldl_backward9.v" into library xil_defaultlib
INFO: [VRFC 10-311] analyzing module kerneldl_backward9
INFO: [VRFC 10-2263] Analyzing Verilog file "/home/centos/single_cont_qDanQ/_x.hw_emu.xilinx_aws-vu9p-f1-04261818_dynamic_5_0/link/vivado/vpl/prj/prj.srcs/sources_1/bd/emu/ipshared/4ea0/hdl/verilog/kerneldl_backward_di_V.v" into library xil_defaultlib
INFO: [VRFC 10-311] analyzing module kerneldl_backward_di_V_ram
INFO: [VRFC 10-311] analyzing module kerneldl_backward_di_V
INFO: [VRFC 10-2263] Analyzing Verilog file "/home/centos/single_cont_qDanQ/_x.hw_emu.xilinx_aws-vu9p-f1-04261818_dynamic_5_0/link/vivado/vpl/prj/prj.srcs/sources_1/bd/emu/ipshared/4ea0/hdl/verilog/kerneldl_exp_generic_double_s.v" into library xil_defaultlib
INFO: [VRFC 10-311] analyzing module kerneldl_exp_generic_double_s
INFO: [VRFC 10-2263] Analyzing Verilog file "/home/centos/single_cont_qDanQ/_x.hw_emu.xilinx_aws-vu9p-f1-04261818_dynamic_5_0/link/vivado/vpl/prj/prj.srcs/sources_1/bd/emu/ipshared/4ea0/hdl/verilog/kerneldl_exp_generic_double_s_table_exp_Z1_ap_ufixed_58_1_ap_q_mode_5_ap_o_mode_3_0_array_V.v" into library xil_defaultlib
INFO: [VRFC 10-311] analyzing module kerneldl_exp_generic_double_s_table_exp_Z1_ap_ufixed_58_1_ap_q_mode_5_ap_o_mode_3_0_array_V_rom
INFO: [VRFC 10-311] analyzing module kerneldl_exp_generic_double_s_table_exp_Z1_ap_ufixed_58_1_ap_q_mode_5_ap_o_mode_3_0_array_V
INFO: [VRFC 10-2263] Analyzing Verilog file "/home/centos/single_cont_qDanQ/_x.hw_emu.xilinx_aws-vu9p-f1-04261818_dynamic_5_0/link/vivado/vpl/prj/prj.srcs/sources_1/bd/emu/ipshared/4ea0/hdl/verilog/kerneldl_exp_generic_double_s_table_f_Z2_ap_ufixed_59_0_ap_q_mode_5_ap_o_mode_3_0_array_V.v" into library xil_defaultlib
INFO: [VRFC 10-311] analyzing module kerneldl_exp_generic_double_s_table_f_Z2_ap_ufixed_59_0_ap_q_mode_5_ap_o_mode_3_0_array_V_rom
INFO: [VRFC 10-311] analyzing module kerneldl_exp_generic_double_s_table_f_Z2_ap_ufixed_59_0_ap_q_mode_5_ap_o_mode_3_0_array_V
INFO: [VRFC 10-2263] Analyzing Verilog file "/home/centos/single_cont_qDanQ/_x.hw_emu.xilinx_aws-vu9p-f1-04261818_dynamic_5_0/link/vivado/vpl/prj/prj.srcs/sources_1/bd/emu/ipshared/4ea0/hdl/verilog/kerneldl_exp_generic_double_s_table_f_Z3_ap_ufixed_59_0_ap_q_mode_5_ap_o_mode_3_0_array_V.v" into library xil_defaultlib
INFO: [VRFC 10-311] analyzing module kerneldl_exp_generic_double_s_table_f_Z3_ap_ufixed_59_0_ap_q_mode_5_ap_o_mode_3_0_array_V_rom
INFO: [VRFC 10-311] analyzing module kerneldl_exp_generic_double_s_table_f_Z3_ap_ufixed_59_0_ap_q_mode_5_ap_o_mode_3_0_array_V
INFO: [VRFC 10-2263] Analyzing Verilog file "/home/centos/single_cont_qDanQ/_x.hw_emu.xilinx_aws-vu9p-f1-04261818_dynamic_5_0/link/vivado/vpl/prj/prj.srcs/sources_1/bd/emu/ipshared/4ea0/hdl/verilog/kerneldl_forward.v" into library xil_defaultlib
INFO: [VRFC 10-311] analyzing module kerneldl_forward
INFO: [VRFC 10-2263] Analyzing Verilog file "/home/centos/single_cont_qDanQ/_x.hw_emu.xilinx_aws-vu9p-f1-04261818_dynamic_5_0/link/vivado/vpl/prj/prj.srcs/sources_1/bd/emu/ipshared/4ea0/hdl/verilog/kerneldl_forward7.v" into library xil_defaultlib
INFO: [VRFC 10-311] analyzing module kerneldl_forward7
INFO: [VRFC 10-2263] Analyzing Verilog file "/home/centos/single_cont_qDanQ/_x.hw_emu.xilinx_aws-vu9p-f1-04261818_dynamic_5_0/link/vivado/vpl/prj/prj.srcs/sources_1/bd/emu/ipshared/4ea0/hdl/verilog/kerneldl_generic_tanh_double_s.v" into library xil_defaultlib
INFO: [VRFC 10-311] analyzing module kerneldl_generic_tanh_double_s
INFO: [VRFC 10-2263] Analyzing Verilog file "/home/centos/single_cont_qDanQ/_x.hw_emu.xilinx_aws-vu9p-f1-04261818_dynamic_5_0/link/vivado/vpl/prj/prj.srcs/sources_1/bd/emu/ipshared/4ea0/hdl/verilog/kerneldl_gradient.v" into library xil_defaultlib
INFO: [VRFC 10-311] analyzing module kerneldl_gradient
INFO: [VRFC 10-2263] Analyzing Verilog file "/home/centos/single_cont_qDanQ/_x.hw_emu.xilinx_aws-vu9p-f1-04261818_dynamic_5_0/link/vivado/vpl/prj/prj.srcs/sources_1/bd/emu/ipshared/4ea0/hdl/verilog/kerneldl_gradient_dc_V.v" into library xil_defaultlib
INFO: [VRFC 10-311] analyzing module kerneldl_gradient_dc_V_ram
INFO: [VRFC 10-311] analyzing module kerneldl_gradient_dc_V
INFO: [VRFC 10-2263] Analyzing Verilog file "/home/centos/single_cont_qDanQ/_x.hw_emu.xilinx_aws-vu9p-f1-04261818_dynamic_5_0/link/vivado/vpl/prj/prj.srcs/sources_1/bd/emu/ipshared/4ea0/hdl/verilog/kerneldl_kerneldl_bufferd_V.v" into library xil_defaultlib
INFO: [VRFC 10-311] analyzing module kerneldl_kerneldl_bufferd_V_ram
INFO: [VRFC 10-311] analyzing module kerneldl_kerneldl_bufferd_V
INFO: [VRFC 10-2263] Analyzing Verilog file "/home/centos/single_cont_qDanQ/_x.hw_emu.xilinx_aws-vu9p-f1-04261818_dynamic_5_0/link/vivado/vpl/prj/prj.srcs/sources_1/bd/emu/ipshared/4ea0/hdl/verilog/kerneldl_kerneldl_bufferx_V.v" into library xil_defaultlib
INFO: [VRFC 10-311] analyzing module kerneldl_kerneldl_bufferx_V_ram
INFO: [VRFC 10-311] analyzing module kerneldl_kerneldl_bufferx_V
INFO: [VRFC 10-2263] Analyzing Verilog file "/home/centos/single_cont_qDanQ/_x.hw_emu.xilinx_aws-vu9p-f1-04261818_dynamic_5_0/link/vivado/vpl/prj/prj.srcs/sources_1/bd/emu/ipshared/4ea0/hdl/verilog/kerneldl_kerneldl_control_s_axi.v" into library xil_defaultlib
INFO: [VRFC 10-311] analyzing module kerneldl_kerneldl_control_s_axi
INFO: [VRFC 10-2263] Analyzing Verilog file "/home/centos/single_cont_qDanQ/_x.hw_emu.xilinx_aws-vu9p-f1-04261818_dynamic_5_0/link/vivado/vpl/prj/prj.srcs/sources_1/bd/emu/ipshared/4ea0/hdl/verilog/kerneldl_kerneldl_dadd_64ns_64ns_64_5_full_dsp_1.v" into library xil_defaultlib
INFO: [VRFC 10-311] analyzing module kerneldl_kerneldl_dadd_64ns_64ns_64_5_full_dsp_1
INFO: [VRFC 10-2263] Analyzing Verilog file "/home/centos/single_cont_qDanQ/_x.hw_emu.xilinx_aws-vu9p-f1-04261818_dynamic_5_0/link/vivado/vpl/prj/prj.srcs/sources_1/bd/emu/ipshared/4ea0/hdl/verilog/kerneldl_kerneldl_dcmp_64ns_64ns_1_2_1.v" into library xil_defaultlib
INFO: [VRFC 10-311] analyzing module kerneldl_kerneldl_dcmp_64ns_64ns_1_2_1
INFO: [VRFC 10-2263] Analyzing Verilog file "/home/centos/single_cont_qDanQ/_x.hw_emu.xilinx_aws-vu9p-f1-04261818_dynamic_5_0/link/vivado/vpl/prj/prj.srcs/sources_1/bd/emu/ipshared/4ea0/hdl/verilog/kerneldl_kerneldl_ddiv_64ns_64ns_64_31_1.v" into library xil_defaultlib
INFO: [VRFC 10-311] analyzing module kerneldl_kerneldl_ddiv_64ns_64ns_64_31_1
INFO: [VRFC 10-2263] Analyzing Verilog file "/home/centos/single_cont_qDanQ/_x.hw_emu.xilinx_aws-vu9p-f1-04261818_dynamic_5_0/link/vivado/vpl/prj/prj.srcs/sources_1/bd/emu/ipshared/4ea0/hdl/verilog/kerneldl_kerneldl_dexp_64ns_64ns_64_20_full_dsp_1.v" into library xil_defaultlib
INFO: [VRFC 10-311] analyzing module kerneldl_kerneldl_dexp_64ns_64ns_64_20_full_dsp_1
INFO: [VRFC 10-2263] Analyzing Verilog file "/home/centos/single_cont_qDanQ/_x.hw_emu.xilinx_aws-vu9p-f1-04261818_dynamic_5_0/link/vivado/vpl/prj/prj.srcs/sources_1/bd/emu/ipshared/4ea0/hdl/verilog/kerneldl_kerneldl_dmul_64ns_64ns_64_6_max_dsp_1.v" into library xil_defaultlib
INFO: [VRFC 10-311] analyzing module kerneldl_kerneldl_dmul_64ns_64ns_64_6_max_dsp_1
INFO: [VRFC 10-2263] Analyzing Verilog file "/home/centos/single_cont_qDanQ/_x.hw_emu.xilinx_aws-vu9p-f1-04261818_dynamic_5_0/link/vivado/vpl/prj/prj.srcs/sources_1/bd/emu/ipshared/4ea0/hdl/verilog/kerneldl_kerneldl_dsqrt_64ns_64ns_64_21_1.v" into library xil_defaultlib
INFO: [VRFC 10-311] analyzing module kerneldl_kerneldl_dsqrt_64ns_64ns_64_21_1
INFO: [VRFC 10-2263] Analyzing Verilog file "/home/centos/single_cont_qDanQ/_x.hw_emu.xilinx_aws-vu9p-f1-04261818_dynamic_5_0/link/vivado/vpl/prj/prj.srcs/sources_1/bd/emu/ipshared/4ea0/hdl/verilog/kerneldl_kerneldl_dsub_64ns_64ns_64_5_full_dsp_1.v" into library xil_defaultlib
INFO: [VRFC 10-311] analyzing module kerneldl_kerneldl_dsub_64ns_64ns_64_5_full_dsp_1
INFO: [VRFC 10-2263] Analyzing Verilog file "/home/centos/single_cont_qDanQ/_x.hw_emu.xilinx_aws-vu9p-f1-04261818_dynamic_5_0/link/vivado/vpl/prj/prj.srcs/sources_1/bd/emu/ipshared/4ea0/hdl/verilog/kerneldl_kerneldl_fadd_32ns_32ns_32_7_full_dsp_1.v" into library xil_defaultlib
INFO: [VRFC 10-311] analyzing module kerneldl_kerneldl_fadd_32ns_32ns_32_7_full_dsp_1
INFO: [VRFC 10-2263] Analyzing Verilog file "/home/centos/single_cont_qDanQ/_x.hw_emu.xilinx_aws-vu9p-f1-04261818_dynamic_5_0/link/vivado/vpl/prj/prj.srcs/sources_1/bd/emu/ipshared/4ea0/hdl/verilog/kerneldl_kerneldl_fdiv_32ns_32ns_32_12_1.v" into library xil_defaultlib
INFO: [VRFC 10-311] analyzing module kerneldl_kerneldl_fdiv_32ns_32ns_32_12_1
INFO: [VRFC 10-2263] Analyzing Verilog file "/home/centos/single_cont_qDanQ/_x.hw_emu.xilinx_aws-vu9p-f1-04261818_dynamic_5_0/link/vivado/vpl/prj/prj.srcs/sources_1/bd/emu/ipshared/4ea0/hdl/verilog/kerneldl_kerneldl_fmul_32ns_32ns_32_4_max_dsp_1.v" into library xil_defaultlib
INFO: [VRFC 10-311] analyzing module kerneldl_kerneldl_fmul_32ns_32ns_32_4_max_dsp_1
INFO: [VRFC 10-2263] Analyzing Verilog file "/home/centos/single_cont_qDanQ/_x.hw_emu.xilinx_aws-vu9p-f1-04261818_dynamic_5_0/link/vivado/vpl/prj/prj.srcs/sources_1/bd/emu/ipshared/4ea0/hdl/verilog/kerneldl_kerneldl_fpext_32ns_64_2_1.v" into library xil_defaultlib
INFO: [VRFC 10-311] analyzing module kerneldl_kerneldl_fpext_32ns_64_2_1
INFO: [VRFC 10-2263] Analyzing Verilog file "/home/centos/single_cont_qDanQ/_x.hw_emu.xilinx_aws-vu9p-f1-04261818_dynamic_5_0/link/vivado/vpl/prj/prj.srcs/sources_1/bd/emu/ipshared/4ea0/hdl/verilog/kerneldl_kerneldl_fptrunc_64ns_32_2_1.v" into library xil_defaultlib
INFO: [VRFC 10-311] analyzing module kerneldl_kerneldl_fptrunc_64ns_32_2_1
INFO: [VRFC 10-2263] Analyzing Verilog file "/home/centos/single_cont_qDanQ/_x.hw_emu.xilinx_aws-vu9p-f1-04261818_dynamic_5_0/link/vivado/vpl/prj/prj.srcs/sources_1/bd/emu/ipshared/4ea0/hdl/verilog/kerneldl_kerneldl_gmem_m_axi.v" into library xil_defaultlib
INFO: [VRFC 10-311] analyzing module kerneldl_kerneldl_gmem_m_axi
INFO: [VRFC 10-311] analyzing module kerneldl_kerneldl_gmem_m_axi_reg_slice
INFO: [VRFC 10-311] analyzing module kerneldl_kerneldl_gmem_m_axi_fifo
INFO: [VRFC 10-311] analyzing module kerneldl_kerneldl_gmem_m_axi_buffer
INFO: [VRFC 10-311] analyzing module kerneldl_kerneldl_gmem_m_axi_decoder
INFO: [VRFC 10-311] analyzing module kerneldl_kerneldl_gmem_m_axi_throttl
INFO: [VRFC 10-311] analyzing module kerneldl_kerneldl_gmem_m_axi_read
INFO: [VRFC 10-311] analyzing module kerneldl_kerneldl_gmem_m_axi_write
INFO: [VRFC 10-2263] Analyzing Verilog file "/home/centos/single_cont_qDanQ/_x.hw_emu.xilinx_aws-vu9p-f1-04261818_dynamic_5_0/link/vivado/vpl/prj/prj.srcs/sources_1/bd/emu/ipshared/4ea0/hdl/verilog/kerneldl_kerneldl_mac_muladd_16ns_16s_19s_31_4_1.v" into library xil_defaultlib
INFO: [VRFC 10-311] analyzing module kerneldl_kerneldl_mac_muladd_16ns_16s_19s_31_4_1_DSP48_0
INFO: [VRFC 10-311] analyzing module kerneldl_kerneldl_mac_muladd_16ns_16s_19s_31_4_1
INFO: [VRFC 10-2263] Analyzing Verilog file "/home/centos/single_cont_qDanQ/_x.hw_emu.xilinx_aws-vu9p-f1-04261818_dynamic_5_0/link/vivado/vpl/prj/prj.srcs/sources_1/bd/emu/ipshared/4ea0/hdl/verilog/kerneldl_kerneldl_mac_mulsub_16s_16s_26ns_32_4_1.v" into library xil_defaultlib
INFO: [VRFC 10-311] analyzing module kerneldl_kerneldl_mac_mulsub_16s_16s_26ns_32_4_1_DSP48_2
INFO: [VRFC 10-311] analyzing module kerneldl_kerneldl_mac_mulsub_16s_16s_26ns_32_4_1
INFO: [VRFC 10-2263] Analyzing Verilog file "/home/centos/single_cont_qDanQ/_x.hw_emu.xilinx_aws-vu9p-f1-04261818_dynamic_5_0/link/vivado/vpl/prj/prj.srcs/sources_1/bd/emu/ipshared/4ea0/hdl/verilog/kerneldl_kerneldl_mul_16s_32s_48_4_1.v" into library xil_defaultlib
INFO: [VRFC 10-311] analyzing module kerneldl_kerneldl_mul_16s_32s_48_4_1_Mul4S_3
INFO: [VRFC 10-311] analyzing module kerneldl_kerneldl_mul_16s_32s_48_4_1
INFO: [VRFC 10-2263] Analyzing Verilog file "/home/centos/single_cont_qDanQ/_x.hw_emu.xilinx_aws-vu9p-f1-04261818_dynamic_5_0/link/vivado/vpl/prj/prj.srcs/sources_1/bd/emu/ipshared/4ea0/hdl/verilog/kerneldl_kerneldl_mul_17s_48s_62_4_1.v" into library xil_defaultlib
INFO: [VRFC 10-311] analyzing module kerneldl_kerneldl_mul_17s_48s_62_4_1_Mul4S_5
INFO: [VRFC 10-311] analyzing module kerneldl_kerneldl_mul_17s_48s_62_4_1
INFO: [VRFC 10-2263] Analyzing Verilog file "/home/centos/single_cont_qDanQ/_x.hw_emu.xilinx_aws-vu9p-f1-04261818_dynamic_5_0/link/vivado/vpl/prj/prj.srcs/sources_1/bd/emu/ipshared/4ea0/hdl/verilog/kerneldl_kerneldl_mul_32s_32s_62_4_1.v" into library xil_defaultlib
INFO: [VRFC 10-311] analyzing module kerneldl_kerneldl_mul_32s_32s_62_4_1_Mul4S_4
INFO: [VRFC 10-311] analyzing module kerneldl_kerneldl_mul_32s_32s_62_4_1
INFO: [VRFC 10-2263] Analyzing Verilog file "/home/centos/single_cont_qDanQ/_x.hw_emu.xilinx_aws-vu9p-f1-04261818_dynamic_5_0/link/vivado/vpl/prj/prj.srcs/sources_1/bd/emu/ipshared/4ea0/hdl/verilog/kerneldl_kerneldl_mul_36ns_43ns_79_4_1.v" into library xil_defaultlib
INFO: [VRFC 10-311] analyzing module kerneldl_kerneldl_mul_36ns_43ns_79_4_1_Mul4S_0
INFO: [VRFC 10-311] analyzing module kerneldl_kerneldl_mul_36ns_43ns_79_4_1
INFO: [VRFC 10-2263] Analyzing Verilog file "/home/centos/single_cont_qDanQ/_x.hw_emu.xilinx_aws-vu9p-f1-04261818_dynamic_5_0/link/vivado/vpl/prj/prj.srcs/sources_1/bd/emu/ipshared/4ea0/hdl/verilog/kerneldl_kerneldl_mul_44ns_49ns_93_4_1.v" into library xil_defaultlib
INFO: [VRFC 10-311] analyzing module kerneldl_kerneldl_mul_44ns_49ns_93_4_1_Mul4S_1
INFO: [VRFC 10-311] analyzing module kerneldl_kerneldl_mul_44ns_49ns_93_4_1
INFO: [VRFC 10-2263] Analyzing Verilog file "/home/centos/single_cont_qDanQ/_x.hw_emu.xilinx_aws-vu9p-f1-04261818_dynamic_5_0/link/vivado/vpl/prj/prj.srcs/sources_1/bd/emu/ipshared/4ea0/hdl/verilog/kerneldl_kerneldl_mul_50ns_50ns_100_4_1.v" into library xil_defaultlib
INFO: [VRFC 10-311] analyzing module kerneldl_kerneldl_mul_50ns_50ns_100_4_1_Mul4S_2
INFO: [VRFC 10-311] analyzing module kerneldl_kerneldl_mul_50ns_50ns_100_4_1
INFO: [VRFC 10-2263] Analyzing Verilog file "/home/centos/single_cont_qDanQ/_x.hw_emu.xilinx_aws-vu9p-f1-04261818_dynamic_5_0/link/vivado/vpl/prj/prj.srcs/sources_1/bd/emu/ipshared/4ea0/hdl/verilog/kerneldl_kerneldl_mul_72ns_13s_84_5_1.v" into library xil_defaultlib
INFO: [VRFC 10-311] analyzing module kerneldl_kerneldl_mul_72ns_13s_84_5_1_MulnS_0
INFO: [VRFC 10-311] analyzing module kerneldl_kerneldl_mul_72ns_13s_84_5_1
INFO: [VRFC 10-2263] Analyzing Verilog file "/home/centos/single_cont_qDanQ/_x.hw_emu.xilinx_aws-vu9p-f1-04261818_dynamic_5_0/link/vivado/vpl/prj/prj.srcs/sources_1/bd/emu/ipshared/4ea0/hdl/verilog/kerneldl_kerneldl_mul_mul_7ns_16s_23_4_1.v" into library xil_defaultlib
INFO: [VRFC 10-311] analyzing module kerneldl_kerneldl_mul_mul_7ns_16s_23_4_1_DSP48_3
INFO: [VRFC 10-311] analyzing module kerneldl_kerneldl_mul_mul_7ns_16s_23_4_1
INFO: [VRFC 10-2263] Analyzing Verilog file "/home/centos/single_cont_qDanQ/_x.hw_emu.xilinx_aws-vu9p-f1-04261818_dynamic_5_0/link/vivado/vpl/prj/prj.srcs/sources_1/bd/emu/ipshared/4ea0/hdl/verilog/kerneldl_kerneldl_mul_mul_13ns_16s_29_4_1.v" into library xil_defaultlib
INFO: [VRFC 10-311] analyzing module kerneldl_kerneldl_mul_mul_13ns_16s_29_4_1_DSP48_5
INFO: [VRFC 10-311] analyzing module kerneldl_kerneldl_mul_mul_13ns_16s_29_4_1
INFO: [VRFC 10-2263] Analyzing Verilog file "/home/centos/single_cont_qDanQ/_x.hw_emu.xilinx_aws-vu9p-f1-04261818_dynamic_5_0/link/vivado/vpl/prj/prj.srcs/sources_1/bd/emu/ipshared/4ea0/hdl/verilog/kerneldl_kerneldl_mul_mul_16s_16s_32_4_1.v" into library xil_defaultlib
INFO: [VRFC 10-311] analyzing module kerneldl_kerneldl_mul_mul_16s_16s_32_4_1_DSP48_1
INFO: [VRFC 10-311] analyzing module kerneldl_kerneldl_mul_mul_16s_16s_32_4_1
INFO: [VRFC 10-2263] Analyzing Verilog file "/home/centos/single_cont_qDanQ/_x.hw_emu.xilinx_aws-vu9p-f1-04261818_dynamic_5_0/link/vivado/vpl/prj/prj.srcs/sources_1/bd/emu/ipshared/4ea0/hdl/verilog/kerneldl_kerneldl_mul_mul_16s_23s_39_4_1.v" into library xil_defaultlib
INFO: [VRFC 10-311] analyzing module kerneldl_kerneldl_mul_mul_16s_23s_39_4_1_DSP48_4
INFO: [VRFC 10-311] analyzing module kerneldl_kerneldl_mul_mul_16s_23s_39_4_1
INFO: [VRFC 10-2263] Analyzing Verilog file "/home/centos/single_cont_qDanQ/_x.hw_emu.xilinx_aws-vu9p-f1-04261818_dynamic_5_0/link/vivado/vpl/prj/prj.srcs/sources_1/bd/emu/ipshared/4ea0/hdl/verilog/kerneldl_kerneldl_sdiv_36s_16s_36_40_1.v" into library xil_defaultlib
INFO: [VRFC 10-311] analyzing module kerneldl_kerneldl_sdiv_36s_16s_36_40_1_div_u
INFO: [VRFC 10-311] analyzing module kerneldl_kerneldl_sdiv_36s_16s_36_40_1_div
INFO: [VRFC 10-311] analyzing module kerneldl_kerneldl_sdiv_36s_16s_36_40_1
INFO: [VRFC 10-2263] Analyzing Verilog file "/home/centos/single_cont_qDanQ/_x.hw_emu.xilinx_aws-vu9p-f1-04261818_dynamic_5_0/link/vivado/vpl/prj/prj.srcs/sources_1/bd/emu/ipshared/4ea0/hdl/verilog/kerneldl_kerneldl_z_gradswxf_V.v" into library xil_defaultlib
INFO: [VRFC 10-311] analyzing module kerneldl_kerneldl_z_gradswxf_V_ram
INFO: [VRFC 10-311] analyzing module kerneldl_kerneldl_z_gradswxf_V
INFO: [VRFC 10-2263] Analyzing Verilog file "/home/centos/single_cont_qDanQ/_x.hw_emu.xilinx_aws-vu9p-f1-04261818_dynamic_5_0/link/vivado/vpl/prj/prj.srcs/sources_1/bd/emu/ipshared/4ea0/hdl/verilog/kerneldl_kerneldl_z_hs_V.v" into library xil_defaultlib
INFO: [VRFC 10-311] analyzing module kerneldl_kerneldl_z_hs_V_ram
INFO: [VRFC 10-311] analyzing module kerneldl_kerneldl_z_hs_V
INFO: [VRFC 10-2263] Analyzing Verilog file "/home/centos/single_cont_qDanQ/_x.hw_emu.xilinx_aws-vu9p-f1-04261818_dynamic_5_0/link/vivado/vpl/prj/prj.srcs/sources_1/bd/emu/ipshared/4ea0/hdl/verilog/kerneldl_kerneldl_z_lstm_cache_V.v" into library xil_defaultlib
INFO: [VRFC 10-311] analyzing module kerneldl_kerneldl_z_lstm_cache_V_ram
INFO: [VRFC 10-311] analyzing module kerneldl_kerneldl_z_lstm_cache_V
INFO: [VRFC 10-2263] Analyzing Verilog file "/home/centos/single_cont_qDanQ/_x.hw_emu.xilinx_aws-vu9p-f1-04261818_dynamic_5_0/link/vivado/vpl/prj/prj.srcs/sources_1/bd/emu/ipshared/4ea0/hdl/verilog/kerneldl_kerneldl_z_lstm_f_V.v" into library xil_defaultlib
INFO: [VRFC 10-311] analyzing module kerneldl_kerneldl_z_lstm_f_V_ram
INFO: [VRFC 10-311] analyzing module kerneldl_kerneldl_z_lstm_f_V
INFO: [VRFC 10-2263] Analyzing Verilog file "/home/centos/single_cont_qDanQ/_x.hw_emu.xilinx_aws-vu9p-f1-04261818_dynamic_5_0/link/vivado/vpl/prj/prj.srcs/sources_1/bd/emu/ipshared/4ea0/hdl/verilog/kerneldl_predict.v" into library xil_defaultlib
INFO: [VRFC 10-311] analyzing module kerneldl_predict
INFO: [VRFC 10-2263] Analyzing Verilog file "/home/centos/single_cont_qDanQ/_x.hw_emu.xilinx_aws-vu9p-f1-04261818_dynamic_5_0/link/vivado/vpl/prj/prj.srcs/sources_1/bd/emu/ipshared/4ea0/hdl/verilog/kerneldl_update.v" into library xil_defaultlib
INFO: [VRFC 10-311] analyzing module kerneldl_update
INFO: [VRFC 10-2263] Analyzing Verilog file "/home/centos/single_cont_qDanQ/_x.hw_emu.xilinx_aws-vu9p-f1-04261818_dynamic_5_0/link/vivado/vpl/prj/prj.srcs/sources_1/bd/emu/ipshared/4ea0/hdl/verilog/kerneldl_update10.v" into library xil_defaultlib
INFO: [VRFC 10-311] analyzing module kerneldl_update10
INFO: [VRFC 10-2263] Analyzing Verilog file "/home/centos/single_cont_qDanQ/_x.hw_emu.xilinx_aws-vu9p-f1-04261818_dynamic_5_0/link/vivado/vpl/prj/prj.srcs/sources_1/bd/emu/ipshared/4ea0/hdl/verilog/kerneldl_update1015.v" into library xil_defaultlib
INFO: [VRFC 10-311] analyzing module kerneldl_update1015
INFO: [VRFC 10-2263] Analyzing Verilog file "/home/centos/single_cont_qDanQ/_x.hw_emu.xilinx_aws-vu9p-f1-04261818_dynamic_5_0/link/vivado/vpl/prj/prj.srcs/sources_1/bd/emu/ipshared/4ea0/hdl/verilog/kerneldl_update101520.v" into library xil_defaultlib
INFO: [VRFC 10-311] analyzing module kerneldl_update101520
INFO: [VRFC 10-2263] Analyzing Verilog file "/home/centos/single_cont_qDanQ/_x.hw_emu.xilinx_aws-vu9p-f1-04261818_dynamic_5_0/link/vivado/vpl/prj/prj.srcs/sources_1/bd/emu/ipshared/4ea0/hdl/verilog/kerneldl_update10152025.v" into library xil_defaultlib
INFO: [VRFC 10-311] analyzing module kerneldl_update10152025
INFO: [VRFC 10-2263] Analyzing Verilog file "/home/centos/single_cont_qDanQ/_x.hw_emu.xilinx_aws-vu9p-f1-04261818_dynamic_5_0/link/vivado/vpl/prj/prj.srcs/sources_1/bd/emu/ipshared/4ea0/hdl/verilog/kerneldl_update1015202530.v" into library xil_defaultlib
INFO: [VRFC 10-311] analyzing module kerneldl_update1015202530
INFO: [VRFC 10-2263] Analyzing Verilog file "/home/centos/single_cont_qDanQ/_x.hw_emu.xilinx_aws-vu9p-f1-04261818_dynamic_5_0/link/vivado/vpl/prj/prj.srcs/sources_1/bd/emu/ipshared/4ea0/hdl/verilog/kerneldl_update101520253035.v" into library xil_defaultlib
INFO: [VRFC 10-311] analyzing module kerneldl_update101520253035
INFO: [VRFC 10-2263] Analyzing Verilog file "/home/centos/single_cont_qDanQ/_x.hw_emu.xilinx_aws-vu9p-f1-04261818_dynamic_5_0/link/vivado/vpl/prj/prj.srcs/sources_1/bd/emu/ipshared/4ea0/hdl/verilog/kerneldl_update10152025303540.v" into library xil_defaultlib
INFO: [VRFC 10-311] analyzing module kerneldl_update10152025303540
INFO: [VRFC 10-2263] Analyzing Verilog file "/home/centos/single_cont_qDanQ/_x.hw_emu.xilinx_aws-vu9p-f1-04261818_dynamic_5_0/link/vivado/vpl/prj/prj.srcs/sources_1/bd/emu/ipshared/4ea0/hdl/verilog/kerneldl_update1015202530354045.v" into library xil_defaultlib
INFO: [VRFC 10-311] analyzing module kerneldl_update1015202530354045
INFO: [VRFC 10-2263] Analyzing Verilog file "/home/centos/single_cont_qDanQ/_x.hw_emu.xilinx_aws-vu9p-f1-04261818_dynamic_5_0/link/vivado/vpl/prj/prj.srcs/sources_1/bd/emu/ipshared/4ea0/hdl/verilog/kerneldl_update101520253035404550.v" into library xil_defaultlib
INFO: [VRFC 10-311] analyzing module kerneldl_update101520253035404550
INFO: [VRFC 10-2263] Analyzing Verilog file "/home/centos/single_cont_qDanQ/_x.hw_emu.xilinx_aws-vu9p-f1-04261818_dynamic_5_0/link/vivado/vpl/prj/prj.srcs/sources_1/bd/emu/ipshared/4ea0/hdl/verilog/kerneldl_update10152025303540455055.v" into library xil_defaultlib
INFO: [VRFC 10-311] analyzing module kerneldl_update10152025303540455055
INFO: [VRFC 10-2263] Analyzing Verilog file "/home/centos/single_cont_qDanQ/_x.hw_emu.xilinx_aws-vu9p-f1-04261818_dynamic_5_0/link/vivado/vpl/prj/prj.srcs/sources_1/bd/emu/ipshared/4ea0/hdl/verilog/kerneldl_update1015202530354045505560.v" into library xil_defaultlib
INFO: [VRFC 10-311] analyzing module kerneldl_update1015202530354045505560
INFO: [VRFC 10-2263] Analyzing Verilog file "/home/centos/single_cont_qDanQ/_x.hw_emu.xilinx_aws-vu9p-f1-04261818_dynamic_5_0/link/vivado/vpl/prj/prj.srcs/sources_1/bd/emu/ipshared/4ea0/hdl/verilog/kerneldl_update101520253035404550556065.v" into library xil_defaultlib
INFO: [VRFC 10-311] analyzing module kerneldl_update101520253035404550556065
INFO: [VRFC 10-2263] Analyzing Verilog file "/home/centos/single_cont_qDanQ/_x.hw_emu.xilinx_aws-vu9p-f1-04261818_dynamic_5_0/link/vivado/vpl/prj/prj.srcs/sources_1/bd/emu/ipshared/4ea0/hdl/verilog/kerneldl_update10152025303540455055606570.v" into library xil_defaultlib
INFO: [VRFC 10-311] analyzing module kerneldl_update10152025303540455055606570
INFO: [VRFC 10-2263] Analyzing Verilog file "/home/centos/single_cont_qDanQ/_x.hw_emu.xilinx_aws-vu9p-f1-04261818_dynamic_5_0/link/vivado/vpl/prj/prj.srcs/sources_1/bd/emu/ipshared/4ea0/hdl/verilog/kerneldl_update1015202530354045505560657075.v" into library xil_defaultlib
INFO: [VRFC 10-311] analyzing module kerneldl_update1015202530354045505560657075
INFO: [VRFC 10-2263] Analyzing Verilog file "/home/centos/single_cont_qDanQ/_x.hw_emu.xilinx_aws-vu9p-f1-04261818_dynamic_5_0/link/vivado/vpl/prj/prj.srcs/sources_1/bd/emu/ipshared/4ea0/hdl/verilog/kerneldl_update101520253035404550556065707580.v" into library xil_defaultlib
INFO: [VRFC 10-311] analyzing module kerneldl_update101520253035404550556065707580
INFO: [VRFC 10-2263] Analyzing Verilog file "/home/centos/single_cont_qDanQ/_x.hw_emu.xilinx_aws-vu9p-f1-04261818_dynamic_5_0/link/vivado/vpl/prj/prj.srcs/sources_1/bd/emu/ipshared/4ea0/hdl/verilog/kerneldl_updateb.v" into library xil_defaultlib
INFO: [VRFC 10-311] analyzing module kerneldl_updateb
INFO: [VRFC 10-2263] Analyzing Verilog file "/home/centos/single_cont_qDanQ/_x.hw_emu.xilinx_aws-vu9p-f1-04261818_dynamic_5_0/link/vivado/vpl/prj/prj.srcs/sources_1/bd/emu/ipshared/4ea0/hdl/verilog/kerneldl_updateb88.v" into library xil_defaultlib
INFO: [VRFC 10-311] analyzing module kerneldl_updateb88
INFO: [VRFC 10-2263] Analyzing Verilog file "/home/centos/single_cont_qDanQ/_x.hw_emu.xilinx_aws-vu9p-f1-04261818_dynamic_5_0/link/vivado/vpl/prj/prj.srcs/sources_1/bd/emu/ipshared/4ea0/hdl/verilog/kerneldl_updateb8891.v" into library xil_defaultlib
INFO: [VRFC 10-311] analyzing module kerneldl_updateb8891
INFO: [VRFC 10-2263] Analyzing Verilog file "/home/centos/single_cont_qDanQ/_x.hw_emu.xilinx_aws-vu9p-f1-04261818_dynamic_5_0/link/vivado/vpl/prj/prj.srcs/sources_1/bd/emu/ipshared/4ea0/hdl/verilog/kerneldl_updateb889194.v" into library xil_defaultlib
INFO: [VRFC 10-311] analyzing module kerneldl_updateb889194
INFO: [VRFC 10-2263] Analyzing Verilog file "/home/centos/single_cont_qDanQ/_x.hw_emu.xilinx_aws-vu9p-f1-04261818_dynamic_5_0/link/vivado/vpl/prj/prj.srcs/sources_1/bd/emu/ipshared/4ea0/hdl/verilog/kerneldl_updateb88919497.v" into library xil_defaultlib
INFO: [VRFC 10-311] analyzing module kerneldl_updateb88919497
INFO: [VRFC 10-2263] Analyzing Verilog file "/home/centos/single_cont_qDanQ/_x.hw_emu.xilinx_aws-vu9p-f1-04261818_dynamic_5_0/link/vivado/vpl/prj/prj.srcs/sources_1/bd/emu/ipshared/4ea0/hdl/verilog/kerneldl_updateb88919497100.v" into library xil_defaultlib
INFO: [VRFC 10-311] analyzing module kerneldl_updateb88919497100
INFO: [VRFC 10-2263] Analyzing Verilog file "/home/centos/single_cont_qDanQ/_x.hw_emu.xilinx_aws-vu9p-f1-04261818_dynamic_5_0/link/vivado/vpl/prj/prj.srcs/sources_1/bd/emu/ipshared/4ea0/hdl/verilog/kerneldl_updateb88919497100103.v" into library xil_defaultlib
INFO: [VRFC 10-311] analyzing module kerneldl_updateb88919497100103
INFO: [VRFC 10-2263] Analyzing Verilog file "/home/centos/single_cont_qDanQ/_x.hw_emu.xilinx_aws-vu9p-f1-04261818_dynamic_5_0/link/vivado/vpl/prj/prj.srcs/sources_1/bd/emu/ipshared/4ea0/hdl/verilog/kerneldl_updateb88919497100103106.v" into library xil_defaultlib
INFO: [VRFC 10-311] analyzing module kerneldl_updateb88919497100103106
INFO: [VRFC 10-2263] Analyzing Verilog file "/home/centos/single_cont_qDanQ/_x.hw_emu.xilinx_aws-vu9p-f1-04261818_dynamic_5_0/link/vivado/vpl/prj/prj.srcs/sources_1/bd/emu/ipshared/4ea0/hdl/verilog/kerneldl_kerneldl.v" into library xil_defaultlib
INFO: [VRFC 10-311] analyzing module kerneldl_kerneldl
INFO: [VRFC 10-2263] Analyzing SystemVerilog file "/home/centos/single_cont_qDanQ/_x.hw_emu.xilinx_aws-vu9p-f1-04261818_dynamic_5_0/link/vivado/vpl/prj/prj.ip_user_files/bd/emu/ip/emu_sim_axi_perf_mon_0_0/sim/emu_sim_axi_perf_mon_0_0_stub.sv" into library xil_defaultlib
INFO: [VRFC 10-311] analyzing module emu_sim_axi_perf_mon_0_0
INFO: [VRFC 10-2263] Analyzing SystemVerilog file "/home/centos/single_cont_qDanQ/_x.hw_emu.xilinx_aws-vu9p-f1-04261818_dynamic_5_0/link/vivado/vpl/prj/prj.ip_user_files/bd/emu/ip/emu_sim_axi_perf_mon_1_0/sim/emu_sim_axi_perf_mon_1_0_stub.sv" into library xil_defaultlib
INFO: [VRFC 10-311] analyzing module emu_sim_axi_perf_mon_1_0
INFO: [VRFC 10-2263] Analyzing SystemVerilog file "/home/centos/single_cont_qDanQ/_x.hw_emu.xilinx_aws-vu9p-f1-04261818_dynamic_5_0/link/vivado/vpl/prj/prj.ip_user_files/bd/emu/ip/emu_sim_axi_perf_mon_2_0/sim/emu_sim_axi_perf_mon_2_0_stub.sv" into library xil_defaultlib
INFO: [VRFC 10-311] analyzing module emu_sim_axi_perf_mon_2_0
INFO: [VRFC 10-2263] Analyzing SystemVerilog file "/home/centos/single_cont_qDanQ/_x.hw_emu.xilinx_aws-vu9p-f1-04261818_dynamic_5_0/link/vivado/vpl/prj/prj.ip_user_files/bd/emu/ip/emu_sim_axi_perf_mon_3_0/sim/emu_sim_axi_perf_mon_3_0_stub.sv" into library xil_defaultlib
INFO: [VRFC 10-311] analyzing module emu_sim_axi_perf_mon_3_0
INFO: [VRFC 10-2263] Analyzing Verilog file "/home/centos/single_cont_qDanQ/_x.hw_emu.xilinx_aws-vu9p-f1-04261818_dynamic_5_0/link/vivado/vpl/prj/prj.ip_user_files/bd/emu/ip/emu_auto_us_0/sim/emu_auto_us_0.v" into library xil_defaultlib
INFO: [VRFC 10-311] analyzing module emu_auto_us_0
INFO: [VRFC 10-2263] Analyzing Verilog file "/home/centos/single_cont_qDanQ/_x.hw_emu.xilinx_aws-vu9p-f1-04261818_dynamic_5_0/link/vivado/vpl/prj/prj.ip_user_files/bd/emu/ip/emu_auto_cc_0/sim/emu_auto_cc_0.v" into library xil_defaultlib
INFO: [VRFC 10-311] analyzing module emu_auto_cc_0
INFO: [VRFC 10-2263] Analyzing Verilog file "/home/centos/single_cont_qDanQ/_x.hw_emu.xilinx_aws-vu9p-f1-04261818_dynamic_5_0/link/vivado/vpl/prj/prj.ip_user_files/bd/emu/ip/emu_auto_cc_1/sim/emu_auto_cc_1.v" into library xil_defaultlib
INFO: [VRFC 10-311] analyzing module emu_auto_cc_1
INFO: [VRFC 10-2263] Analyzing Verilog file "/home/centos/single_cont_qDanQ/_x.hw_emu.xilinx_aws-vu9p-f1-04261818_dynamic_5_0/link/vivado/vpl/prj/prj.ip_user_files/bd/emu/ip/emu_auto_cc_2/sim/emu_auto_cc_2.v" into library xil_defaultlib
INFO: [VRFC 10-311] analyzing module emu_auto_cc_2
INFO: [VRFC 10-2263] Analyzing Verilog file "/home/centos/single_cont_qDanQ/_x.hw_emu.xilinx_aws-vu9p-f1-04261818_dynamic_5_0/link/vivado/vpl/prj/prj.ip_user_files/bd/emu/ip/emu_auto_cc_3/sim/emu_auto_cc_3.v" into library xil_defaultlib
INFO: [VRFC 10-311] analyzing module emu_auto_cc_3
INFO: [VRFC 10-2263] Analyzing Verilog file "/home/centos/single_cont_qDanQ/_x.hw_emu.xilinx_aws-vu9p-f1-04261818_dynamic_5_0/link/vivado/vpl/prj/prj.ip_user_files/bd/emu/ip/emu_m01_regslice_0/sim/emu_m01_regslice_0.v" into library xil_defaultlib
INFO: [VRFC 10-311] analyzing module emu_m01_regslice_0
INFO: [VRFC 10-2263] Analyzing Verilog file "/home/centos/single_cont_qDanQ/_x.hw_emu.xilinx_aws-vu9p-f1-04261818_dynamic_5_0/link/vivado/vpl/prj/prj.ip_user_files/bd/emu/ip/emu_auto_cc_4/sim/emu_auto_cc_4.v" into library xil_defaultlib
INFO: [VRFC 10-311] analyzing module emu_auto_cc_4
INFO: [VRFC 10-2263] Analyzing Verilog file "/home/centos/single_cont_qDanQ/_x.hw_emu.xilinx_aws-vu9p-f1-04261818_dynamic_5_0/link/vivado/vpl/prj/prj.ip_user_files/bd/emu/ip/emu_s01_regslice_0/sim/emu_s01_regslice_0.v" into library xil_defaultlib
INFO: [VRFC 10-311] analyzing module emu_s01_regslice_0
INFO: [VRFC 10-2263] Analyzing Verilog file "/home/centos/single_cont_qDanQ/_x.hw_emu.xilinx_aws-vu9p-f1-04261818_dynamic_5_0/link/vivado/vpl/prj/prj.ip_user_files/bd/emu/ip/emu_auto_us_cc_df_0/sim/emu_auto_us_cc_df_0.v" into library xil_defaultlib
INFO: [VRFC 10-311] analyzing module emu_auto_us_cc_df_0
INFO: [VRFC 10-2263] Analyzing Verilog file "/home/centos/single_cont_qDanQ/_x.hw_emu.xilinx_aws-vu9p-f1-04261818_dynamic_5_0/link/vivado/vpl/prj/prj.srcs/sources_1/bd/emu/hdl/emu_wrapper.v" into library xil_defaultlib
INFO: [VRFC 10-311] analyzing module emu_wrapper
INFO: [VRFC 10-2263] Analyzing Verilog file "/home/centos/single_cont_qDanQ/_x.hw_emu.xilinx_aws-vu9p-f1-04261818_dynamic_5_0/link/vivado/vpl/prj/prj.sim/sim_1/behav_gdb/xsim/glbl.v" into library xil_defaultlib
INFO: [VRFC 10-311] analyzing module glbl
INFO: [VRFC 10-163] Analyzing VHDL file "/home/centos/single_cont_qDanQ/_x.hw_emu.xilinx_aws-vu9p-f1-04261818_dynamic_5_0/link/vivado/vpl/prj/prj.ip_user_files/bd/emu/ip/emu_psr_dma_pcie_0/sim/emu_psr_dma_pcie_0.vhd" into library xil_defaultlib
INFO: [VRFC 10-3107] analyzing entity 'emu_psr_dma_pcie_0'
INFO: [VRFC 10-163] Analyzing VHDL file "/home/centos/single_cont_qDanQ/_x.hw_emu.xilinx_aws-vu9p-f1-04261818_dynamic_5_0/link/vivado/vpl/prj/prj.ip_user_files/bd/emu/ip/emu_psr_kernel_clk_0/sim/emu_psr_kernel_clk_0.vhd" into library xil_defaultlib
INFO: [VRFC 10-3107] analyzing entity 'emu_psr_kernel_clk_0'
INFO: [VRFC 10-163] Analyzing VHDL file "/home/centos/single_cont_qDanQ/_x.hw_emu.xilinx_aws-vu9p-f1-04261818_dynamic_5_0/link/vivado/vpl/prj/prj.ip_user_files/bd/emu/ip/emu_psr_axi_lite_control_clk_0/sim/emu_psr_axi_lite_control_clk_0.vhd" into library xil_defaultlib
INFO: [VRFC 10-3107] analyzing entity 'emu_psr_axi_lite_control_clk_0'
INFO: [VRFC 10-163] Analyzing VHDL file "/home/centos/single_cont_qDanQ/_x.hw_emu.xilinx_aws-vu9p-f1-04261818_dynamic_5_0/link/vivado/vpl/prj/prj.ip_user_files/bd/emu/ip/emu_psr_kernel2_clk_0/sim/emu_psr_kernel2_clk_0.vhd" into library xil_defaultlib
INFO: [VRFC 10-3107] analyzing entity 'emu_psr_kernel2_clk_0'
INFO: [VRFC 10-163] Analyzing VHDL file "/home/centos/single_cont_qDanQ/_x.hw_emu.xilinx_aws-vu9p-f1-04261818_dynamic_5_0/link/vivado/vpl/prj/prj.srcs/sources_1/bd/emu/ipshared/4ea0/hdl/ip/kerneldl_kerneldl_ap_dadd_3_full_dsp_64.vhd" into library xil_defaultlib
INFO: [VRFC 10-3107] analyzing entity 'kerneldl_kerneldl_ap_dadd_3_full_dsp_64'
INFO: [VRFC 10-163] Analyzing VHDL file "/home/centos/single_cont_qDanQ/_x.hw_emu.xilinx_aws-vu9p-f1-04261818_dynamic_5_0/link/vivado/vpl/prj/prj.srcs/sources_1/bd/emu/ipshared/4ea0/hdl/ip/kerneldl_kerneldl_ap_dcmp_0_no_dsp_64.vhd" into library xil_defaultlib
INFO: [VRFC 10-3107] analyzing entity 'kerneldl_kerneldl_ap_dcmp_0_no_dsp_64'
INFO: [VRFC 10-163] Analyzing VHDL file "/home/centos/single_cont_qDanQ/_x.hw_emu.xilinx_aws-vu9p-f1-04261818_dynamic_5_0/link/vivado/vpl/prj/prj.srcs/sources_1/bd/emu/ipshared/4ea0/hdl/ip/kerneldl_kerneldl_ap_ddiv_29_no_dsp_64.vhd" into library xil_defaultlib
INFO: [VRFC 10-3107] analyzing entity 'kerneldl_kerneldl_ap_ddiv_29_no_dsp_64'
INFO: [VRFC 10-163] Analyzing VHDL file "/home/centos/single_cont_qDanQ/_x.hw_emu.xilinx_aws-vu9p-f1-04261818_dynamic_5_0/link/vivado/vpl/prj/prj.srcs/sources_1/bd/emu/ipshared/4ea0/hdl/ip/kerneldl_kerneldl_ap_dexp_18_full_dsp_64.vhd" into library xil_defaultlib
INFO: [VRFC 10-3107] analyzing entity 'kerneldl_kerneldl_ap_dexp_18_full_dsp_64'
INFO: [VRFC 10-163] Analyzing VHDL file "/home/centos/single_cont_qDanQ/_x.hw_emu.xilinx_aws-vu9p-f1-04261818_dynamic_5_0/link/vivado/vpl/prj/prj.srcs/sources_1/bd/emu/ipshared/4ea0/hdl/ip/kerneldl_kerneldl_ap_dmul_4_max_dsp_64.vhd" into library xil_defaultlib
INFO: [VRFC 10-3107] analyzing entity 'kerneldl_kerneldl_ap_dmul_4_max_dsp_64'
INFO: [VRFC 10-163] Analyzing VHDL file "/home/centos/single_cont_qDanQ/_x.hw_emu.xilinx_aws-vu9p-f1-04261818_dynamic_5_0/link/vivado/vpl/prj/prj.srcs/sources_1/bd/emu/ipshared/4ea0/hdl/ip/kerneldl_kerneldl_ap_dsqrt_19_no_dsp_64.vhd" into library xil_defaultlib
INFO: [VRFC 10-3107] analyzing entity 'kerneldl_kerneldl_ap_dsqrt_19_no_dsp_64'
INFO: [VRFC 10-163] Analyzing VHDL file "/home/centos/single_cont_qDanQ/_x.hw_emu.xilinx_aws-vu9p-f1-04261818_dynamic_5_0/link/vivado/vpl/prj/prj.srcs/sources_1/bd/emu/ipshared/4ea0/hdl/ip/kerneldl_kerneldl_ap_dsub_3_full_dsp_64.vhd" into library xil_defaultlib
INFO: [VRFC 10-3107] analyzing entity 'kerneldl_kerneldl_ap_dsub_3_full_dsp_64'
INFO: [VRFC 10-163] Analyzing VHDL file "/home/centos/single_cont_qDanQ/_x.hw_emu.xilinx_aws-vu9p-f1-04261818_dynamic_5_0/link/vivado/vpl/prj/prj.srcs/sources_1/bd/emu/ipshared/4ea0/hdl/ip/kerneldl_kerneldl_ap_fadd_5_full_dsp_32.vhd" into library xil_defaultlib
INFO: [VRFC 10-3107] analyzing entity 'kerneldl_kerneldl_ap_fadd_5_full_dsp_32'
INFO: [VRFC 10-163] Analyzing VHDL file "/home/centos/single_cont_qDanQ/_x.hw_emu.xilinx_aws-vu9p-f1-04261818_dynamic_5_0/link/vivado/vpl/prj/prj.srcs/sources_1/bd/emu/ipshared/4ea0/hdl/ip/kerneldl_kerneldl_ap_fdiv_10_no_dsp_32.vhd" into library xil_defaultlib
INFO: [VRFC 10-3107] analyzing entity 'kerneldl_kerneldl_ap_fdiv_10_no_dsp_32'
INFO: [VRFC 10-163] Analyzing VHDL file "/home/centos/single_cont_qDanQ/_x.hw_emu.xilinx_aws-vu9p-f1-04261818_dynamic_5_0/link/vivado/vpl/prj/prj.srcs/sources_1/bd/emu/ipshared/4ea0/hdl/ip/kerneldl_kerneldl_ap_fmul_2_max_dsp_32.vhd" into library xil_defaultlib
INFO: [VRFC 10-3107] analyzing entity 'kerneldl_kerneldl_ap_fmul_2_max_dsp_32'
INFO: [VRFC 10-163] Analyzing VHDL file "/home/centos/single_cont_qDanQ/_x.hw_emu.xilinx_aws-vu9p-f1-04261818_dynamic_5_0/link/vivado/vpl/prj/prj.srcs/sources_1/bd/emu/ipshared/4ea0/hdl/ip/kerneldl_kerneldl_ap_fpext_0_no_dsp_32.vhd" into library xil_defaultlib
INFO: [VRFC 10-3107] analyzing entity 'kerneldl_kerneldl_ap_fpext_0_no_dsp_32'
INFO: [VRFC 10-163] Analyzing VHDL file "/home/centos/single_cont_qDanQ/_x.hw_emu.xilinx_aws-vu9p-f1-04261818_dynamic_5_0/link/vivado/vpl/prj/prj.srcs/sources_1/bd/emu/ipshared/4ea0/hdl/ip/kerneldl_kerneldl_ap_fptrunc_0_no_dsp_64.vhd" into library xil_defaultlib
INFO: [VRFC 10-3107] analyzing entity 'kerneldl_kerneldl_ap_fptrunc_0_no_dsp_64'
INFO: [VRFC 10-163] Analyzing VHDL file "/home/centos/single_cont_qDanQ/_x.hw_emu.xilinx_aws-vu9p-f1-04261818_dynamic_5_0/link/vivado/vpl/prj/prj.ip_user_files/bd/emu/ip/emu_kerneldl_1_0/sim/emu_kerneldl_1_0.vhd" into library xil_defaultlib
INFO: [VRFC 10-3107] analyzing entity 'emu_kerneldl_1_0'
Multi-threading is on. Using 6 slave threads.
Running compilation flow
Waiting for 1 sub-compilation(s) to finish...
Done compilation
