Block Memory Generator module emu_wrapper.emu_i.interconnect_aximm_ddrmem0.s01_couplers.auto_us_cc_df.inst.gen_upsizer.gen_full_upsizer.axi_upsizer_inst.USE_WRITE.gen_pktfifo_w_upsizer.pktfifo_write_data_inst.w_buffer.native_mem_module.blk_mem_gen_v8_4_3_inst is using a behavioral model for simulation which will not precisely model memory collision behavior.
WARNING: Behavioral models for independent clock FIFO configurations do not model synchronization delays. The behavioral models are functionally correct, and will represent the behavior of the configured FIFO. See the FIFO Generator User Guide for more information.
WARNING: Behavioral models for independent clock FIFO configurations do not model synchronization delays. The behavioral models are functionally correct, and will represent the behavior of the configured FIFO. See the FIFO Generator User Guide for more information.
WARNING: Behavioral models for independent clock FIFO configurations do not model synchronization delays. The behavioral models are functionally correct, and will represent the behavior of the configured FIFO. See the FIFO Generator User Guide for more information.
WARNING: Behavioral models for independent clock FIFO configurations do not model synchronization delays. The behavioral models are functionally correct, and will represent the behavior of the configured FIFO. See the FIFO Generator User Guide for more information.
WARNING: Behavioral models for independent clock FIFO configurations do not model synchronization delays. The behavioral models are functionally correct, and will represent the behavior of the configured FIFO. See the FIFO Generator User Guide for more information.
WARNING: Behavioral models for independent clock FIFO configurations do not model synchronization delays. The behavioral models are functionally correct, and will represent the behavior of the configured FIFO. See the FIFO Generator User Guide for more information.
WARNING: Behavioral models for independent clock FIFO configurations do not model synchronization delays. The behavioral models are functionally correct, and will represent the behavior of the configured FIFO. See the FIFO Generator User Guide for more information.
WARNING: Behavioral models for independent clock FIFO configurations do not model synchronization delays. The behavioral models are functionally correct, and will represent the behavior of the configured FIFO. See the FIFO Generator User Guide for more information.
WARNING: Behavioral models for independent clock FIFO configurations do not model synchronization delays. The behavioral models are functionally correct, and will represent the behavior of the configured FIFO. See the FIFO Generator User Guide for more information.
WARNING: Behavioral models for independent clock FIFO configurations do not model synchronization delays. The behavioral models are functionally correct, and will represent the behavior of the configured FIFO. See the FIFO Generator User Guide for more information.
WARNING: Behavioral models for independent clock FIFO configurations do not model synchronization delays. The behavioral models are functionally correct, and will represent the behavior of the configured FIFO. See the FIFO Generator User Guide for more information.
WARNING: Behavioral models for independent clock FIFO configurations do not model synchronization delays. The behavioral models are functionally correct, and will represent the behavior of the configured FIFO. See the FIFO Generator User Guide for more information.
WARNING: Behavioral models for independent clock FIFO configurations do not model synchronization delays. The behavioral models are functionally correct, and will represent the behavior of the configured FIFO. See the FIFO Generator User Guide for more information.
WARNING: Behavioral models for independent clock FIFO configurations do not model synchronization delays. The behavioral models are functionally correct, and will represent the behavior of the configured FIFO. See the FIFO Generator User Guide for more information.
WARNING: Behavioral models for independent clock FIFO configurations do not model synchronization delays. The behavioral models are functionally correct, and will represent the behavior of the configured FIFO. See the FIFO Generator User Guide for more information.
WARNING: Behavioral models for independent clock FIFO configurations do not model synchronization delays. The behavioral models are functionally correct, and will represent the behavior of the configured FIFO. See the FIFO Generator User Guide for more information.
WARNING: Behavioral models for independent clock FIFO configurations do not model synchronization delays. The behavioral models are functionally correct, and will represent the behavior of the configured FIFO. See the FIFO Generator User Guide for more information.
WARNING: Behavioral models for independent clock FIFO configurations do not model synchronization delays. The behavioral models are functionally correct, and will represent the behavior of the configured FIFO. See the FIFO Generator User Guide for more information.
WARNING: Behavioral models for independent clock FIFO configurations do not model synchronization delays. The behavioral models are functionally correct, and will represent the behavior of the configured FIFO. See the FIFO Generator User Guide for more information.
WARNING: Behavioral models for independent clock FIFO configurations do not model synchronization delays. The behavioral models are functionally correct, and will represent the behavior of the configured FIFO. See the FIFO Generator User Guide for more information.
WARNING: Behavioral models for independent clock FIFO configurations do not model synchronization delays. The behavioral models are functionally correct, and will represent the behavior of the configured FIFO. See the FIFO Generator User Guide for more information.
WARNING: Behavioral models for independent clock FIFO configurations do not model synchronization delays. The behavioral models are functionally correct, and will represent the behavior of the configured FIFO. See the FIFO Generator User Guide for more information.
WARNING: Behavioral models for independent clock FIFO configurations do not model synchronization delays. The behavioral models are functionally correct, and will represent the behavior of the configured FIFO. See the FIFO Generator User Guide for more information.
WARNING: Behavioral models for independent clock FIFO configurations do not model synchronization delays. The behavioral models are functionally correct, and will represent the behavior of the configured FIFO. See the FIFO Generator User Guide for more information.
WARNING: Behavioral models for independent clock FIFO configurations do not model synchronization delays. The behavioral models are functionally correct, and will represent the behavior of the configured FIFO. See the FIFO Generator User Guide for more information.
Warning: DRC warning : CARRYCASCIN can only be used in the current DSP48E1 instance if the previous DSP48E1  is performing a two input ADD or SUBTRACT operation, or the current DSP48E1 is configured in the MAC extend opmode(6:0) equals 1001000. 
Time: 0 ps  Iteration: 2  Process: /emu_wrapper/emu_i/kerneldl_1/U0/grp_predict_fu_1550/grp_forward_fu_432/kerneldl_dexp_64ns_64ns_64_20_full_dsp_1_U481/kerneldl_kerneldl_ap_dexp_18_full_dsp_64_u/U0/i_synth/exp_op/i_sp_or_dp/OP/i_ccm_ln2/\g_tables(1)\/i_addsub/dsp/two/dsp48e1_add_hi/DSP/prcs_carryinsel_drc  File: /opt/Xilinx/Vivado/2019.1.op2552052/data/vhdl/src/unisims/primitive/DSP48E1.vhd
Warning: DRC warning : DSP48E1 CARRYINSEL is set to 010 with OPMODEREG set to 0. This causes unknown values after reset occurs. It is suggested to use OPMODEREG = 1 when cascading large adders.
Time: 0 ps  Iteration: 2  Process: /emu_wrapper/emu_i/kerneldl_1/U0/grp_predict_fu_1550/grp_forward_fu_432/kerneldl_dexp_64ns_64ns_64_20_full_dsp_1_U481/kerneldl_kerneldl_ap_dexp_18_full_dsp_64_u/U0/i_synth/exp_op/i_sp_or_dp/OP/i_ccm_ln2/\g_tables(1)\/i_addsub/dsp/two/dsp48e1_add_hi/DSP/prcs_carryinsel_drc  File: /opt/Xilinx/Vivado/2019.1.op2552052/data/vhdl/src/unisims/primitive/DSP48E1.vhd
Warning: DRC warning : CARRYCASCIN can only be used in the current DSP48E1 instance if the previous DSP48E1  is performing a two input ADD or SUBTRACT operation, or the current DSP48E1 is configured in the MAC extend opmode(6:0) equals 1001000. 
Time: 0 ps  Iteration: 2  Process: /emu_wrapper/emu_i/kerneldl_1/U0/grp_predict_fu_1550/grp_forward_fu_432/kerneldl_dexp_64ns_64ns_64_20_full_dsp_1_U481/kerneldl_kerneldl_ap_dexp_18_full_dsp_64_u/U0/i_synth/exp_op/i_sp_or_dp/OP/i_ccm_ln2/\g_tables(0)\/i_addsub/dsp/two/dsp48e1_add_hi/DSP/prcs_carryinsel_drc  File: /opt/Xilinx/Vivado/2019.1.op2552052/data/vhdl/src/unisims/primitive/DSP48E1.vhd
Warning: DRC warning : DSP48E1 CARRYINSEL is set to 010 with OPMODEREG set to 0. This causes unknown values after reset occurs. It is suggested to use OPMODEREG = 1 when cascading large adders.
Time: 0 ps  Iteration: 2  Process: /emu_wrapper/emu_i/kerneldl_1/U0/grp_predict_fu_1550/grp_forward_fu_432/kerneldl_dexp_64ns_64ns_64_20_full_dsp_1_U481/kerneldl_kerneldl_ap_dexp_18_full_dsp_64_u/U0/i_synth/exp_op/i_sp_or_dp/OP/i_ccm_ln2/\g_tables(0)\/i_addsub/dsp/two/dsp48e1_add_hi/DSP/prcs_carryinsel_drc  File: /opt/Xilinx/Vivado/2019.1.op2552052/data/vhdl/src/unisims/primitive/DSP48E1.vhd
Warning: DRC warning : CARRYCASCIN can only be used in the current DSP48E1 instance if the previous DSP48E1  is performing a two input ADD or SUBTRACT operation, or the current DSP48E1 is configured in the MAC extend opmode(6:0) equals 1001000. 
Time: 0 ps  Iteration: 2  Process: /emu_wrapper/emu_i/kerneldl_1/U0/grp_predict_fu_1550/grp_forward7_fu_380/kerneldl_dexp_64ns_64ns_64_20_full_dsp_1_U532/kerneldl_kerneldl_ap_dexp_18_full_dsp_64_u/U0/i_synth/exp_op/i_sp_or_dp/OP/i_ccm_ln2/\g_tables(1)\/i_addsub/dsp/two/dsp48e1_add_hi/DSP/prcs_carryinsel_drc  File: /opt/Xilinx/Vivado/2019.1.op2552052/data/vhdl/src/unisims/primitive/DSP48E1.vhd
Warning: DRC warning : DSP48E1 CARRYINSEL is set to 010 with OPMODEREG set to 0. This causes unknown values after reset occurs. It is suggested to use OPMODEREG = 1 when cascading large adders.
Time: 0 ps  Iteration: 2  Process: /emu_wrapper/emu_i/kerneldl_1/U0/grp_predict_fu_1550/grp_forward7_fu_380/kerneldl_dexp_64ns_64ns_64_20_full_dsp_1_U532/kerneldl_kerneldl_ap_dexp_18_full_dsp_64_u/U0/i_synth/exp_op/i_sp_or_dp/OP/i_ccm_ln2/\g_tables(1)\/i_addsub/dsp/two/dsp48e1_add_hi/DSP/prcs_carryinsel_drc  File: /opt/Xilinx/Vivado/2019.1.op2552052/data/vhdl/src/unisims/primitive/DSP48E1.vhd
Warning: DRC warning : CARRYCASCIN can only be used in the current DSP48E1 instance if the previous DSP48E1  is performing a two input ADD or SUBTRACT operation, or the current DSP48E1 is configured in the MAC extend opmode(6:0) equals 1001000. 
Time: 0 ps  Iteration: 2  Process: /emu_wrapper/emu_i/kerneldl_1/U0/grp_predict_fu_1550/grp_forward7_fu_380/kerneldl_dexp_64ns_64ns_64_20_full_dsp_1_U532/kerneldl_kerneldl_ap_dexp_18_full_dsp_64_u/U0/i_synth/exp_op/i_sp_or_dp/OP/i_ccm_ln2/\g_tables(0)\/i_addsub/dsp/two/dsp48e1_add_hi/DSP/prcs_carryinsel_drc  File: /opt/Xilinx/Vivado/2019.1.op2552052/data/vhdl/src/unisims/primitive/DSP48E1.vhd
Warning: DRC warning : DSP48E1 CARRYINSEL is set to 010 with OPMODEREG set to 0. This causes unknown values after reset occurs. It is suggested to use OPMODEREG = 1 when cascading large adders.
Time: 0 ps  Iteration: 2  Process: /emu_wrapper/emu_i/kerneldl_1/U0/grp_predict_fu_1550/grp_forward7_fu_380/kerneldl_dexp_64ns_64ns_64_20_full_dsp_1_U532/kerneldl_kerneldl_ap_dexp_18_full_dsp_64_u/U0/i_synth/exp_op/i_sp_or_dp/OP/i_ccm_ln2/\g_tables(0)\/i_addsub/dsp/two/dsp48e1_add_hi/DSP/prcs_carryinsel_drc  File: /opt/Xilinx/Vivado/2019.1.op2552052/data/vhdl/src/unisims/primitive/DSP48E1.vhd
Warning: OPMODE Input Warning : The OPMODE 011XX11 with CARRYINSEL  000 to DSP48E1 instance is invalid.
Time: 100010 ps  Iteration: 0  Process: /emu_wrapper/emu_i/kerneldl_1/U0/grp_gradient_fu_1598/grp_backward_fu_489/grp_generic_tanh_double_s_fu_1336/kerneldl_dmul_64ns_64ns_64_6_max_dsp_1_U21/kerneldl_kerneldl_ap_dmul_4_max_dsp_64_u/U0/i_synth/mult/OP/i_non_prim/R_AND_R/logic/R_AND_R/dsp48_e1/dsp48e1_add/DSP48E1_ADD/DSP/prcs_opmode_drc  File: /opt/Xilinx/Vivado/2019.1.op2552052/data/vhdl/src/unisims/primitive/DSP48E1.vhd
Warning: OPMODE Input Warning : The OPMODE 001XXXX with CARRYINSEL  000 to DSP48E1 instance is invalid.
Time: 100010 ps  Iteration: 0  Process: /emu_wrapper/emu_i/kerneldl_1/U0/grp_gradient_fu_1598/grp_backward_fu_489/grp_generic_tanh_double_s_fu_1336/kerneldl_dsub_64ns_64ns_64_5_full_dsp_1_U20/kerneldl_kerneldl_ap_dsub_3_full_dsp_64_u/U0/i_synth/addsub_op/ADDSUB/logic_speed/OP/ALIGN_BLK/FRAC_ADDSUB/dsp_add/FRAC_ADDSUB/dsp48e1_add/DSP48E1_ADD/DSP/prcs_opmode_drc  File: /opt/Xilinx/Vivado/2019.1.op2552052/data/vhdl/src/unisims/primitive/DSP48E1.vhd
Warning: OPMODE Input Warning : The OPMODE 001XXXX with CARRYINSEL  000 to DSP48E1 instance is invalid.
Time: 100010 ps  Iteration: 0  Process: /emu_wrapper/emu_i/kerneldl_1/U0/grp_gradient_fu_1598/grp_backward_fu_489/grp_generic_tanh_double_s_fu_1336/kerneldl_dadd_64ns_64ns_64_5_full_dsp_1_U19/kerneldl_kerneldl_ap_dadd_3_full_dsp_64_u/U0/i_synth/addsub_op/ADDSUB/logic_speed/OP/ALIGN_BLK/FRAC_ADDSUB/dsp_add/FRAC_ADDSUB/dsp48e1_add/DSP48E1_ADD/DSP/prcs_opmode_drc  File: /opt/Xilinx/Vivado/2019.1.op2552052/data/vhdl/src/unisims/primitive/DSP48E1.vhd
Warning: OPMODE Input Warning : The OPMODE 001XXXX with CARRYINSEL  000 to DSP48E1 instance is invalid.
Time: 100010 ps  Iteration: 0  Process: /emu_wrapper/emu_i/kerneldl_1/U0/grp_gradient_fu_1598/grp_backward_fu_489/grp_generic_tanh_double_s_fu_1336/kerneldl_dadd_64ns_64ns_64_5_full_dsp_1_U18/kerneldl_kerneldl_ap_dadd_3_full_dsp_64_u/U0/i_synth/addsub_op/ADDSUB/logic_speed/OP/ALIGN_BLK/FRAC_ADDSUB/dsp_add/FRAC_ADDSUB/dsp48e1_add/DSP48E1_ADD/DSP/prcs_opmode_drc  File: /opt/Xilinx/Vivado/2019.1.op2552052/data/vhdl/src/unisims/primitive/DSP48E1.vhd
Warning: OPMODE Input Warning : The OPMODE 001XXXX with CARRYINSEL  000 to DSP48E1 instance is invalid.
Time: 100010 ps  Iteration: 0  Process: /emu_wrapper/emu_i/kerneldl_1/U0/grp_gradient_fu_1598/grp_backward_fu_489/grp_generic_tanh_double_s_fu_1336/kerneldl_dsub_64ns_64ns_64_5_full_dsp_1_U17/kerneldl_kerneldl_ap_dsub_3_full_dsp_64_u/U0/i_synth/addsub_op/ADDSUB/logic_speed/OP/ALIGN_BLK/FRAC_ADDSUB/dsp_add/FRAC_ADDSUB/dsp48e1_add/DSP48E1_ADD/DSP/prcs_opmode_drc  File: /opt/Xilinx/Vivado/2019.1.op2552052/data/vhdl/src/unisims/primitive/DSP48E1.vhd
Warning: OPMODE Input Warning : The OPMODE 001XXXX with CARRYINSEL  000 to DSP48E1 instance is invalid.
Time: 100010 ps  Iteration: 0  Process: /emu_wrapper/emu_i/kerneldl_1/U0/grp_gradient_fu_1598/grp_backward_fu_489/grp_generic_tanh_double_s_fu_1336/kerneldl_dadd_64ns_64ns_64_5_full_dsp_1_U16/kerneldl_kerneldl_ap_dadd_3_full_dsp_64_u/U0/i_synth/addsub_op/ADDSUB/logic_speed/OP/ALIGN_BLK/FRAC_ADDSUB/dsp_add/FRAC_ADDSUB/dsp48e1_add/DSP48E1_ADD/DSP/prcs_opmode_drc  File: /opt/Xilinx/Vivado/2019.1.op2552052/data/vhdl/src/unisims/primitive/DSP48E1.vhd
Warning: OPMODE Input Warning : The OPMODE 001XXXX with CARRYINSEL  000 to DSP48E1 instance is invalid.
Time: 100010 ps  Iteration: 0  Process: /emu_wrapper/emu_i/kerneldl_1/U0/grp_gradient_fu_1598/grp_backward_fu_489/grp_generic_tanh_double_s_fu_1336/kerneldl_dadd_64ns_64ns_64_5_full_dsp_1_U15/kerneldl_kerneldl_ap_dadd_3_full_dsp_64_u/U0/i_synth/addsub_op/ADDSUB/logic_speed/OP/ALIGN_BLK/FRAC_ADDSUB/dsp_add/FRAC_ADDSUB/dsp48e1_add/DSP48E1_ADD/DSP/prcs_opmode_drc  File: /opt/Xilinx/Vivado/2019.1.op2552052/data/vhdl/src/unisims/primitive/DSP48E1.vhd
Warning: OPMODE Input Warning : The OPMODE 011XX11 with CARRYINSEL  000 to DSP48E1 instance is invalid.
Time: 100010 ps  Iteration: 0  Process: /emu_wrapper/emu_i/kerneldl_1/U0/grp_gradient_fu_1598/grp_backward9_fu_422/grp_generic_tanh_double_s_fu_1344/kerneldl_dmul_64ns_64ns_64_6_max_dsp_1_U21/kerneldl_kerneldl_ap_dmul_4_max_dsp_64_u/U0/i_synth/mult/OP/i_non_prim/R_AND_R/logic/R_AND_R/dsp48_e1/dsp48e1_add/DSP48E1_ADD/DSP/prcs_opmode_drc  File: /opt/Xilinx/Vivado/2019.1.op2552052/data/vhdl/src/unisims/primitive/DSP48E1.vhd
Warning: OPMODE Input Warning : The OPMODE 001XXXX with CARRYINSEL  000 to DSP48E1 instance is invalid.
Time: 100010 ps  Iteration: 0  Process: /emu_wrapper/emu_i/kerneldl_1/U0/grp_gradient_fu_1598/grp_backward9_fu_422/grp_generic_tanh_double_s_fu_1344/kerneldl_dsub_64ns_64ns_64_5_full_dsp_1_U20/kerneldl_kerneldl_ap_dsub_3_full_dsp_64_u/U0/i_synth/addsub_op/ADDSUB/logic_speed/OP/ALIGN_BLK/FRAC_ADDSUB/dsp_add/FRAC_ADDSUB/dsp48e1_add/DSP48E1_ADD/DSP/prcs_opmode_drc  File: /opt/Xilinx/Vivado/2019.1.op2552052/data/vhdl/src/unisims/primitive/DSP48E1.vhd
Warning: OPMODE Input Warning : The OPMODE 001XXXX with CARRYINSEL  000 to DSP48E1 instance is invalid.
Time: 100010 ps  Iteration: 0  Process: /emu_wrapper/emu_i/kerneldl_1/U0/grp_gradient_fu_1598/grp_backward9_fu_422/grp_generic_tanh_double_s_fu_1344/kerneldl_dadd_64ns_64ns_64_5_full_dsp_1_U19/kerneldl_kerneldl_ap_dadd_3_full_dsp_64_u/U0/i_synth/addsub_op/ADDSUB/logic_speed/OP/ALIGN_BLK/FRAC_ADDSUB/dsp_add/FRAC_ADDSUB/dsp48e1_add/DSP48E1_ADD/DSP/prcs_opmode_drc  File: /opt/Xilinx/Vivado/2019.1.op2552052/data/vhdl/src/unisims/primitive/DSP48E1.vhd
Warning: OPMODE Input Warning : The OPMODE 001XXXX with CARRYINSEL  000 to DSP48E1 instance is invalid.
Time: 100010 ps  Iteration: 0  Process: /emu_wrapper/emu_i/kerneldl_1/U0/grp_gradient_fu_1598/grp_backward9_fu_422/grp_generic_tanh_double_s_fu_1344/kerneldl_dadd_64ns_64ns_64_5_full_dsp_1_U18/kerneldl_kerneldl_ap_dadd_3_full_dsp_64_u/U0/i_synth/addsub_op/ADDSUB/logic_speed/OP/ALIGN_BLK/FRAC_ADDSUB/dsp_add/FRAC_ADDSUB/dsp48e1_add/DSP48E1_ADD/DSP/prcs_opmode_drc  File: /opt/Xilinx/Vivado/2019.1.op2552052/data/vhdl/src/unisims/primitive/DSP48E1.vhd
Warning: OPMODE Input Warning : The OPMODE 001XXXX with CARRYINSEL  000 to DSP48E1 instance is invalid.
Time: 100010 ps  Iteration: 0  Process: /emu_wrapper/emu_i/kerneldl_1/U0/grp_gradient_fu_1598/grp_backward9_fu_422/grp_generic_tanh_double_s_fu_1344/kerneldl_dsub_64ns_64ns_64_5_full_dsp_1_U17/kerneldl_kerneldl_ap_dsub_3_full_dsp_64_u/U0/i_synth/addsub_op/ADDSUB/logic_speed/OP/ALIGN_BLK/FRAC_ADDSUB/dsp_add/FRAC_ADDSUB/dsp48e1_add/DSP48E1_ADD/DSP/prcs_opmode_drc  File: /opt/Xilinx/Vivado/2019.1.op2552052/data/vhdl/src/unisims/primitive/DSP48E1.vhd
Warning: OPMODE Input Warning : The OPMODE 001XXXX with CARRYINSEL  000 to DSP48E1 instance is invalid.
Time: 100010 ps  Iteration: 0  Process: /emu_wrapper/emu_i/kerneldl_1/U0/grp_gradient_fu_1598/grp_backward9_fu_422/grp_generic_tanh_double_s_fu_1344/kerneldl_dadd_64ns_64ns_64_5_full_dsp_1_U16/kerneldl_kerneldl_ap_dadd_3_full_dsp_64_u/U0/i_synth/addsub_op/ADDSUB/logic_speed/OP/ALIGN_BLK/FRAC_ADDSUB/dsp_add/FRAC_ADDSUB/dsp48e1_add/DSP48E1_ADD/DSP/prcs_opmode_drc  File: /opt/Xilinx/Vivado/2019.1.op2552052/data/vhdl/src/unisims/primitive/DSP48E1.vhd
Warning: OPMODE Input Warning : The OPMODE 001XXXX with CARRYINSEL  000 to DSP48E1 instance is invalid.
Time: 100010 ps  Iteration: 0  Process: /emu_wrapper/emu_i/kerneldl_1/U0/grp_gradient_fu_1598/grp_backward9_fu_422/grp_generic_tanh_double_s_fu_1344/kerneldl_dadd_64ns_64ns_64_5_full_dsp_1_U15/kerneldl_kerneldl_ap_dadd_3_full_dsp_64_u/U0/i_synth/addsub_op/ADDSUB/logic_speed/OP/ALIGN_BLK/FRAC_ADDSUB/dsp_add/FRAC_ADDSUB/dsp48e1_add/DSP48E1_ADD/DSP/prcs_opmode_drc  File: /opt/Xilinx/Vivado/2019.1.op2552052/data/vhdl/src/unisims/primitive/DSP48E1.vhd
Warning: OPMODE Input Warning : The OPMODE 011XX11 with CARRYINSEL  000 to DSP48E1 instance is invalid.
Time: 100010 ps  Iteration: 0  Process: /emu_wrapper/emu_i/kerneldl_1/U0/grp_predict_fu_1550/grp_forward_fu_432/kerneldl_dexp_64ns_64ns_64_20_full_dsp_1_U481/kerneldl_kerneldl_ap_dexp_18_full_dsp_64_u/U0/i_synth/exp_op/i_sp_or_dp/OP/i_renorm_and_round/dsp48_e1/dsp48e1_add/DSP48E1_ADD/DSP/prcs_opmode_drc  File: /opt/Xilinx/Vivado/2019.1.op2552052/data/vhdl/src/unisims/primitive/DSP48E1.vhd
Warning: OPMODE Input Warning : The OPMODE 001XXXX with CARRYINSEL  000 to DSP48E1 instance is invalid.
Time: 100010 ps  Iteration: 0  Process: /emu_wrapper/emu_i/kerneldl_1/U0/grp_predict_fu_1550/grp_forward_fu_432/kerneldl_dadd_64ns_64ns_64_5_full_dsp_1_U479/kerneldl_kerneldl_ap_dadd_3_full_dsp_64_u/U0/i_synth/addsub_op/ADDSUB/logic_speed/OP/ALIGN_BLK/FRAC_ADDSUB/dsp_add/FRAC_ADDSUB/dsp48e1_add/DSP48E1_ADD/DSP/prcs_opmode_drc  File: /opt/Xilinx/Vivado/2019.1.op2552052/data/vhdl/src/unisims/primitive/DSP48E1.vhd
Warning: OPMODE Input Warning : The OPMODE 0110X0X with CARRYINSEL  000 to DSP48E1 instance is invalid.
Time: 100010 ps  Iteration: 0  Process: /emu_wrapper/emu_i/kerneldl_1/U0/grp_predict_fu_1550/grp_forward_fu_432/kerneldl_fadd_32ns_32ns_32_7_full_dsp_1_U474/kerneldl_kerneldl_ap_fadd_5_full_dsp_32_u/U0/i_synth/addsub_op/ADDSUB/dsp/OP/dsp48e1_body/ALIGN_ADD/DSP2/DSP/prcs_opmode_drc  File: /opt/Xilinx/Vivado/2019.1.op2552052/data/vhdl/src/unisims/primitive/DSP48E1.vhd
Warning: OPMODE Input Warning : The OPMODE 011XX11 with CARRYINSEL  000 to DSP48E1 instance is invalid.
Time: 100010 ps  Iteration: 0  Process: /emu_wrapper/emu_i/kerneldl_1/U0/grp_predict_fu_1550/grp_forward_fu_432/grp_generic_tanh_double_s_fu_1049/kerneldl_dmul_64ns_64ns_64_6_max_dsp_1_U21/kerneldl_kerneldl_ap_dmul_4_max_dsp_64_u/U0/i_synth/mult/OP/i_non_prim/R_AND_R/logic/R_AND_R/dsp48_e1/dsp48e1_add/DSP48E1_ADD/DSP/prcs_opmode_drc  File: /opt/Xilinx/Vivado/2019.1.op2552052/data/vhdl/src/unisims/primitive/DSP48E1.vhd
Warning: OPMODE Input Warning : The OPMODE 001XXXX with CARRYINSEL  000 to DSP48E1 instance is invalid.
Time: 100010 ps  Iteration: 0  Process: /emu_wrapper/emu_i/kerneldl_1/U0/grp_predict_fu_1550/grp_forward_fu_432/grp_generic_tanh_double_s_fu_1049/kerneldl_dsub_64ns_64ns_64_5_full_dsp_1_U20/kerneldl_kerneldl_ap_dsub_3_full_dsp_64_u/U0/i_synth/addsub_op/ADDSUB/logic_speed/OP/ALIGN_BLK/FRAC_ADDSUB/dsp_add/FRAC_ADDSUB/dsp48e1_add/DSP48E1_ADD/DSP/prcs_opmode_drc  File: /opt/Xilinx/Vivado/2019.1.op2552052/data/vhdl/src/unisims/primitive/DSP48E1.vhd
Warning: OPMODE Input Warning : The OPMODE 001XXXX with CARRYINSEL  000 to DSP48E1 instance is invalid.
Time: 100010 ps  Iteration: 0  Process: /emu_wrapper/emu_i/kerneldl_1/U0/grp_predict_fu_1550/grp_forward_fu_432/grp_generic_tanh_double_s_fu_1049/kerneldl_dadd_64ns_64ns_64_5_full_dsp_1_U19/kerneldl_kerneldl_ap_dadd_3_full_dsp_64_u/U0/i_synth/addsub_op/ADDSUB/logic_speed/OP/ALIGN_BLK/FRAC_ADDSUB/dsp_add/FRAC_ADDSUB/dsp48e1_add/DSP48E1_ADD/DSP/prcs_opmode_drc  File: /opt/Xilinx/Vivado/2019.1.op2552052/data/vhdl/src/unisims/primitive/DSP48E1.vhd
Warning: OPMODE Input Warning : The OPMODE 001XXXX with CARRYINSEL  000 to DSP48E1 instance is invalid.
Time: 100010 ps  Iteration: 0  Process: /emu_wrapper/emu_i/kerneldl_1/U0/grp_predict_fu_1550/grp_forward_fu_432/grp_generic_tanh_double_s_fu_1049/kerneldl_dadd_64ns_64ns_64_5_full_dsp_1_U18/kerneldl_kerneldl_ap_dadd_3_full_dsp_64_u/U0/i_synth/addsub_op/ADDSUB/logic_speed/OP/ALIGN_BLK/FRAC_ADDSUB/dsp_add/FRAC_ADDSUB/dsp48e1_add/DSP48E1_ADD/DSP/prcs_opmode_drc  File: /opt/Xilinx/Vivado/2019.1.op2552052/data/vhdl/src/unisims/primitive/DSP48E1.vhd
Warning: OPMODE Input Warning : The OPMODE 001XXXX with CARRYINSEL  000 to DSP48E1 instance is invalid.
Time: 100010 ps  Iteration: 0  Process: /emu_wrapper/emu_i/kerneldl_1/U0/grp_predict_fu_1550/grp_forward_fu_432/grp_generic_tanh_double_s_fu_1049/kerneldl_dsub_64ns_64ns_64_5_full_dsp_1_U17/kerneldl_kerneldl_ap_dsub_3_full_dsp_64_u/U0/i_synth/addsub_op/ADDSUB/logic_speed/OP/ALIGN_BLK/FRAC_ADDSUB/dsp_add/FRAC_ADDSUB/dsp48e1_add/DSP48E1_ADD/DSP/prcs_opmode_drc  File: /opt/Xilinx/Vivado/2019.1.op2552052/data/vhdl/src/unisims/primitive/DSP48E1.vhd
Warning: OPMODE Input Warning : The OPMODE 001XXXX with CARRYINSEL  000 to DSP48E1 instance is invalid.
Time: 100010 ps  Iteration: 0  Process: /emu_wrapper/emu_i/kerneldl_1/U0/grp_predict_fu_1550/grp_forward_fu_432/grp_generic_tanh_double_s_fu_1049/kerneldl_dadd_64ns_64ns_64_5_full_dsp_1_U16/kerneldl_kerneldl_ap_dadd_3_full_dsp_64_u/U0/i_synth/addsub_op/ADDSUB/logic_speed/OP/ALIGN_BLK/FRAC_ADDSUB/dsp_add/FRAC_ADDSUB/dsp48e1_add/DSP48E1_ADD/DSP/prcs_opmode_drc  File: /opt/Xilinx/Vivado/2019.1.op2552052/data/vhdl/src/unisims/primitive/DSP48E1.vhd
Warning: OPMODE Input Warning : The OPMODE 001XXXX with CARRYINSEL  000 to DSP48E1 instance is invalid.
Time: 100010 ps  Iteration: 0  Process: /emu_wrapper/emu_i/kerneldl_1/U0/grp_predict_fu_1550/grp_forward_fu_432/grp_generic_tanh_double_s_fu_1049/kerneldl_dadd_64ns_64ns_64_5_full_dsp_1_U15/kerneldl_kerneldl_ap_dadd_3_full_dsp_64_u/U0/i_synth/addsub_op/ADDSUB/logic_speed/OP/ALIGN_BLK/FRAC_ADDSUB/dsp_add/FRAC_ADDSUB/dsp48e1_add/DSP48E1_ADD/DSP/prcs_opmode_drc  File: /opt/Xilinx/Vivado/2019.1.op2552052/data/vhdl/src/unisims/primitive/DSP48E1.vhd
Warning: OPMODE Input Warning : The OPMODE 011XX11 with CARRYINSEL  000 to DSP48E1 instance is invalid.
Time: 100010 ps  Iteration: 0  Process: /emu_wrapper/emu_i/kerneldl_1/U0/grp_predict_fu_1550/grp_forward7_fu_380/kerneldl_dexp_64ns_64ns_64_20_full_dsp_1_U532/kerneldl_kerneldl_ap_dexp_18_full_dsp_64_u/U0/i_synth/exp_op/i_sp_or_dp/OP/i_renorm_and_round/dsp48_e1/dsp48e1_add/DSP48E1_ADD/DSP/prcs_opmode_drc  File: /opt/Xilinx/Vivado/2019.1.op2552052/data/vhdl/src/unisims/primitive/DSP48E1.vhd
Warning: OPMODE Input Warning : The OPMODE 001XXXX with CARRYINSEL  000 to DSP48E1 instance is invalid.
Time: 100010 ps  Iteration: 0  Process: /emu_wrapper/emu_i/kerneldl_1/U0/grp_predict_fu_1550/grp_forward7_fu_380/kerneldl_dadd_64ns_64ns_64_5_full_dsp_1_U530/kerneldl_kerneldl_ap_dadd_3_full_dsp_64_u/U0/i_synth/addsub_op/ADDSUB/logic_speed/OP/ALIGN_BLK/FRAC_ADDSUB/dsp_add/FRAC_ADDSUB/dsp48e1_add/DSP48E1_ADD/DSP/prcs_opmode_drc  File: /opt/Xilinx/Vivado/2019.1.op2552052/data/vhdl/src/unisims/primitive/DSP48E1.vhd
Warning: OPMODE Input Warning : The OPMODE 0110X0X with CARRYINSEL  000 to DSP48E1 instance is invalid.
Time: 100010 ps  Iteration: 0  Process: /emu_wrapper/emu_i/kerneldl_1/U0/grp_predict_fu_1550/grp_forward7_fu_380/kerneldl_fadd_32ns_32ns_32_7_full_dsp_1_U525/kerneldl_kerneldl_ap_fadd_5_full_dsp_32_u/U0/i_synth/addsub_op/ADDSUB/dsp/OP/dsp48e1_body/ALIGN_ADD/DSP2/DSP/prcs_opmode_drc  File: /opt/Xilinx/Vivado/2019.1.op2552052/data/vhdl/src/unisims/primitive/DSP48E1.vhd
Warning: OPMODE Input Warning : The OPMODE 011XX11 with CARRYINSEL  000 to DSP48E1 instance is invalid.
Time: 100010 ps  Iteration: 0  Process: /emu_wrapper/emu_i/kerneldl_1/U0/grp_predict_fu_1550/grp_forward7_fu_380/grp_generic_tanh_double_s_fu_1057/kerneldl_dmul_64ns_64ns_64_6_max_dsp_1_U21/kerneldl_kerneldl_ap_dmul_4_max_dsp_64_u/U0/i_synth/mult/OP/i_non_prim/R_AND_R/logic/R_AND_R/dsp48_e1/dsp48e1_add/DSP48E1_ADD/DSP/prcs_opmode_drc  File: /opt/Xilinx/Vivado/2019.1.op2552052/data/vhdl/src/unisims/primitive/DSP48E1.vhd
Warning: OPMODE Input Warning : The OPMODE 001XXXX with CARRYINSEL  000 to DSP48E1 instance is invalid.
Time: 100010 ps  Iteration: 0  Process: /emu_wrapper/emu_i/kerneldl_1/U0/grp_predict_fu_1550/grp_forward7_fu_380/grp_generic_tanh_double_s_fu_1057/kerneldl_dsub_64ns_64ns_64_5_full_dsp_1_U20/kerneldl_kerneldl_ap_dsub_3_full_dsp_64_u/U0/i_synth/addsub_op/ADDSUB/logic_speed/OP/ALIGN_BLK/FRAC_ADDSUB/dsp_add/FRAC_ADDSUB/dsp48e1_add/DSP48E1_ADD/DSP/prcs_opmode_drc  File: /opt/Xilinx/Vivado/2019.1.op2552052/data/vhdl/src/unisims/primitive/DSP48E1.vhd
Warning: OPMODE Input Warning : The OPMODE 001XXXX with CARRYINSEL  000 to DSP48E1 instance is invalid.
Time: 100010 ps  Iteration: 0  Process: /emu_wrapper/emu_i/kerneldl_1/U0/grp_predict_fu_1550/grp_forward7_fu_380/grp_generic_tanh_double_s_fu_1057/kerneldl_dadd_64ns_64ns_64_5_full_dsp_1_U19/kerneldl_kerneldl_ap_dadd_3_full_dsp_64_u/U0/i_synth/addsub_op/ADDSUB/logic_speed/OP/ALIGN_BLK/FRAC_ADDSUB/dsp_add/FRAC_ADDSUB/dsp48e1_add/DSP48E1_ADD/DSP/prcs_opmode_drc  File: /opt/Xilinx/Vivado/2019.1.op2552052/data/vhdl/src/unisims/primitive/DSP48E1.vhd
Warning: OPMODE Input Warning : The OPMODE 001XXXX with CARRYINSEL  000 to DSP48E1 instance is invalid.
Time: 100010 ps  Iteration: 0  Process: /emu_wrapper/emu_i/kerneldl_1/U0/grp_predict_fu_1550/grp_forward7_fu_380/grp_generic_tanh_double_s_fu_1057/kerneldl_dadd_64ns_64ns_64_5_full_dsp_1_U18/kerneldl_kerneldl_ap_dadd_3_full_dsp_64_u/U0/i_synth/addsub_op/ADDSUB/logic_speed/OP/ALIGN_BLK/FRAC_ADDSUB/dsp_add/FRAC_ADDSUB/dsp48e1_add/DSP48E1_ADD/DSP/prcs_opmode_drc  File: /opt/Xilinx/Vivado/2019.1.op2552052/data/vhdl/src/unisims/primitive/DSP48E1.vhd
Warning: OPMODE Input Warning : The OPMODE 001XXXX with CARRYINSEL  000 to DSP48E1 instance is invalid.
Time: 100010 ps  Iteration: 0  Process: /emu_wrapper/emu_i/kerneldl_1/U0/grp_predict_fu_1550/grp_forward7_fu_380/grp_generic_tanh_double_s_fu_1057/kerneldl_dsub_64ns_64ns_64_5_full_dsp_1_U17/kerneldl_kerneldl_ap_dsub_3_full_dsp_64_u/U0/i_synth/addsub_op/ADDSUB/logic_speed/OP/ALIGN_BLK/FRAC_ADDSUB/dsp_add/FRAC_ADDSUB/dsp48e1_add/DSP48E1_ADD/DSP/prcs_opmode_drc  File: /opt/Xilinx/Vivado/2019.1.op2552052/data/vhdl/src/unisims/primitive/DSP48E1.vhd
Warning: OPMODE Input Warning : The OPMODE 001XXXX with CARRYINSEL  000 to DSP48E1 instance is invalid.
Time: 100010 ps  Iteration: 0  Process: /emu_wrapper/emu_i/kerneldl_1/U0/grp_predict_fu_1550/grp_forward7_fu_380/grp_generic_tanh_double_s_fu_1057/kerneldl_dadd_64ns_64ns_64_5_full_dsp_1_U16/kerneldl_kerneldl_ap_dadd_3_full_dsp_64_u/U0/i_synth/addsub_op/ADDSUB/logic_speed/OP/ALIGN_BLK/FRAC_ADDSUB/dsp_add/FRAC_ADDSUB/dsp48e1_add/DSP48E1_ADD/DSP/prcs_opmode_drc  File: /opt/Xilinx/Vivado/2019.1.op2552052/data/vhdl/src/unisims/primitive/DSP48E1.vhd
Warning: OPMODE Input Warning : The OPMODE 001XXXX with CARRYINSEL  000 to DSP48E1 instance is invalid.
Time: 100010 ps  Iteration: 0  Process: /emu_wrapper/emu_i/kerneldl_1/U0/grp_predict_fu_1550/grp_forward7_fu_380/grp_generic_tanh_double_s_fu_1057/kerneldl_dadd_64ns_64ns_64_5_full_dsp_1_U15/kerneldl_kerneldl_ap_dadd_3_full_dsp_64_u/U0/i_synth/addsub_op/ADDSUB/logic_speed/OP/ALIGN_BLK/FRAC_ADDSUB/dsp_add/FRAC_ADDSUB/dsp48e1_add/DSP48E1_ADD/DSP/prcs_opmode_drc  File: /opt/Xilinx/Vivado/2019.1.op2552052/data/vhdl/src/unisims/primitive/DSP48E1.vhd
