# 
# Steps log generated by SDx
# This log file contains a collection of steps that describe the kernel compilation flow
# Note: Some steps are tagged as internal, these steps are for debugging purposes and 
#       are not expected to be able to run independently.
# 

# The following environment variables are set when running xocc
Environment variables :
------------------------------------------
_RDI_DONT_SET_XILINX_AS_PATH=True
XDG_SESSION_ID=2117
HOSTNAME=alveo
SELINUX_ROLE_REQUESTED=
XILINX_DSP=
SHELL=/bin/bash
TERM=xterm
MAKEFLAGS=DEVICES=xilinx_u200_xdma_201830_2 TARGETS=hw_emu
HISTSIZE=1000
SSH_CLIENT=150.65.118.112 56311 22
MYVIVADO=
SELINUX_USE_CURRENT_RANGE=
RDI_TPS_ROOT=/tools/Xilinx/Vivado/2019.1/tps/lnx64
HDI_PROCESSOR=x86_64
SYNTH_COMMON=/tools/Xilinx/SDx/2019.1/scripts/rt/data
SSH_TTY=/dev/pts/4
RDI_JAVA_VERSION=9.0.4
LC_ALL=C
RT_TCL_PATH=/tools/Xilinx/SDx/2019.1/scripts/rt/base_tcl/tcl
RDI_PREPEND_PATH=/tools/Xilinx/SDK/2019.1/bin
RDI_OPT_EXT=.o
MAKEOVERRIDES=${-*-command-variables-*-}
USER=inaba
LS_COLORS=rs=0:di=01;34:ln=01;36:mh=00:pi=40;33:so=01;35:do=01;35:bd=40;33;01:cd=40;33;01:or=40;31;01:mi=01;05;37;41:su=37;41:sg=30;43:ca=30;41:tw=30;42:ow=34;42:st=37;44:ex=01;32:*.tar=01;31:*.tgz=01;31:*.arc=01;31:*.arj=01;31:*.taz=01;31:*.lha=01;31:*.lz4=01;31:*.lzh=01;31:*.lzma=01;31:*.tlz=01;31:*.txz=01;31:*.tzo=01;31:*.t7z=01;31:*.zip=01;31:*.z=01;31:*.Z=01;31:*.dz=01;31:*.gz=01;31:*.lrz=01;31:*.lz=01;31:*.lzo=01;31:*.xz=01;31:*.bz2=01;31:*.bz=01;31:*.tbz=01;31:*.tbz2=01;31:*.tz=01;31:*.deb=01;31:*.rpm=01;31:*.jar=01;31:*.war=01;31:*.ear=01;31:*.sar=01;31:*.rar=01;31:*.alz=01;31:*.ace=01;31:*.zoo=01;31:*.cpio=01;31:*.7z=01;31:*.rz=01;31:*.cab=01;31:*.jpg=01;35:*.jpeg=01;35:*.gif=01;35:*.bmp=01;35:*.pbm=01;35:*.pgm=01;35:*.ppm=01;35:*.tga=01;35:*.xbm=01;35:*.xpm=01;35:*.tif=01;35:*.tiff=01;35:*.png=01;35:*.svg=01;35:*.svgz=01;35:*.mng=01;35:*.pcx=01;35:*.mov=01;35:*.mpg=01;35:*.mpeg=01;35:*.m2v=01;35:*.mkv=01;35:*.webm=01;35:*.ogm=01;35:*.mp4=01;35:*.m4v=01;35:*.mp4v=01;35:*.vob=01;35:*.qt=01;35:*.nuv=01;35:*.wmv=01;35:*.asf=01;35:*.rm=01;35:*.rmvb=01;35:*.flc=01;35:*.avi=01;35:*.fli=01;35:*.flv=01;35:*.gl=01;35:*.dl=01;35:*.xcf=01;35:*.xwd=01;35:*.yuv=01;35:*.cgm=01;35:*.emf=01;35:*.axv=01;35:*.anx=01;35:*.ogv=01;35:*.ogx=01;35:*.aac=01;36:*.au=01;36:*.flac=01;36:*.mid=01;36:*.midi=01;36:*.mka=01;36:*.mp3=01;36:*.mpc=01;36:*.ogg=01;36:*.ra=01;36:*.wav=01;36:*.axa=01;36:*.oga=01;36:*.spx=01;36:*.xspf=01;36:
LD_LIBRARY_PATH=/tools/Xilinx/SDx/2019.1/lib/lnx64.o/Default:/tools/Xilinx/SDx/2019.1/lib/lnx64.o:/tools/Xilinx/SDx/2019.1/tps/lnx64/jre9.0.4/lib/:/tools/Xilinx/SDx/2019.1/tps/lnx64/jre9.0.4/lib//server:/tools/Xilinx/SDx/2019.1/lib/lnx64.o/Default:/tools/Xilinx/SDx/2019.1/lib/lnx64.o:/opt/xilinx/xrt/lib:/tools/Xilinx/SDx/2019.1/lib/lnx64.o/Default:/tools/Xilinx/SDx/2019.1/lib/lnx64.o:/tools/Xilinx/SDx/2019.1/runtime/lib/x86_64:/opt/xilinx/xrt/lib:/tools/Xilinx/SDx/2019.1/lib/lnx64.o/Default:/tools/Xilinx/SDx/2019.1/lib/lnx64.o:/tools/Xilinx/SDx/2019.1/runtime/lib/x86_64:/opt/xilinx/xrt/lib:/tools/Xilinx/SDx/2019.1/lib/lnx64.o/Default:/tools/Xilinx/SDx/2019.1/lib/lnx64.o:/tools/Xilinx/SDx/2019.1/runtime/lib/x86_64:/tools/Xilinx/SDx/2019.1/bin/../lnx64/tools/dot/lib
RDI_PATCHROOT=
TCL_LIBRARY=/tools/Xilinx/SDx/2019.1/tps/tcl/tcl8.5
RDI_PLATFORM=lnx64
XILINXD_LICENSE_FILE=1717@norisuke.jaist.ac.jp
MAKELEVEL=1
RDI_BUILD=yes
TARGETS=hw_emu
MFLAGS=
RT_LIBPATH=/tools/Xilinx/SDx/2019.1/scripts/rt/data
RDI_LIBDIR=/tools/Xilinx/SDx/2019.1/lib/lnx64.o/Default:/tools/Xilinx/SDx/2019.1/lib/lnx64.o
PATH=/tools/Xilinx/Vivado/2019.1/tps/lnx64/binutils-2.26/bin:/tools/Xilinx/SDK/2019.1/gnu/aarch64/lin/aarch64-linux/bin:/tools/Xilinx/SDx/2019.1/bin/../gnu/ppc64le/4.9.3/lnx64/bin:/tools/Xilinx/SDK/2019.1/gnu/aarch32/lin/gcc-arm-linux-gnueabi/bin:/tools/Xilinx/Vivado/2019.1/tps/lnx64/gcc-6.2.0/bin:/tools/Xilinx/Vivado/2019.1/gnu/microblaze/lin/bin:/tools/Xilinx/SDx/2019.1/bin:/tools/Xilinx/SDx/2019.1/tps/lnx64/jre9.0.4/bin:/tools/Xilinx/SDK/2019.1/bin:/tools/Xilinx/Vivado/2019.1/bin:/opt/xilinx/xrt/bin:/tools/Xilinx/SDK/2019.1/gnu/microblaze/lin/bin:/tools/Xilinx/SDK/2019.1/gnu/arm/lin/bin:/tools/Xilinx/SDK/2019.1/gnu/microblaze/linux_toolchain/lin64_le/bin:/tools/Xilinx/SDK/2019.1/gnu/aarch32/lin/gcc-arm-linux-gnueabi/bin:/tools/Xilinx/SDK/2019.1/gnu/aarch32/lin/gcc-arm-none-eabi/bin:/tools/Xilinx/SDK/2019.1/gnu/aarch64/lin/aarch64-linux/bin:/tools/Xilinx/SDK/2019.1/gnu/aarch64/lin/aarch64-none/bin:/tools/Xilinx/SDK/2019.1/gnu/armr5/lin/gcc-arm-none-eabi/bin:/tools/Xilinx/SDK/2019.1/tps/lnx64/cmake-3.3.2/bin:/tools/Xilinx/DocNav:/usr/local/bin:/usr/bin:/usr/local/sbin:/usr/sbin:/opt/cmake/bin:/home/inaba/.local/bin:/home/inaba/bin
MAIL=/var/spool/mail/inaba
PWD=/home/inaba/alveo/DanQ_fhalf
XILINX_XRT=/opt/xilinx/xrt
XIL_CHECK_TCL_DEBUG=False
LANG=en_US.UTF-8
XILINX_VIVADO_HLS=/tools/Xilinx/Vivado/2019.1
HDI_APPROOT=/tools/Xilinx/SDx/2019.1
SELINUX_LEVEL_REQUESTED=
XILINX_VIVADO=/tools/Xilinx/Vivado/2019.1
HISTCONTROL=ignoredups
XILINX_SDK=/tools/Xilinx/SDK/2019.1
XILINX_OPENCL=/tools/Xilinx/SDx/2019.1
ISL_IOSTREAMS_RSA=/tools/Xilinx/SDx/2019.1/tps/isl
HOME=/home/inaba
SHLVL=3
RDI_BASEROOT=/tools/Xilinx/SDx
RDI_APPROOT=/tools/Xilinx/SDx/2019.1
LOGNAME=inaba
PYTHONPATH=/opt/xilinx/xrt/python:/opt/xilinx/xrt/python:/opt/xilinx/xrt/python:
RDI_JAVA_PLATFORM=
XDG_DATA_DIRS=/home/inaba/.local/share/flatpak/exports/share:/var/lib/flatpak/exports/share:/usr/local/share:/usr/share
SSH_CONNECTION=150.65.118.112 56311 150.65.114.35 22
RDI_BINROOT=/tools/Xilinx/SDx/2019.1/bin
LESSOPEN=||/usr/bin/lesspipe.sh %s
XILINX_SDX=/tools/Xilinx/SDx/2019.1
DEVICES=xilinx_u200_xdma_201830_2
RDI_PROG=/tools/Xilinx/SDx/2019.1/bin/unwrapped/lnx64.o/xocc
XDG_RUNTIME_DIR=/run/user/1006
DISPLAY=localhost:14.0
XIL_NO_OVERRIDE=0
XIL_SUPPRESS_OVERRIDE_WARNINGS=1
XILINX_PLANAHEAD=/tools/Xilinx/SDx/2019.1
HDIPRELDPATH=/tools/Xilinx/SDx/2019.1/lib/lnx64.o/Default:/tools/Xilinx/SDx/2019.1/lib/lnx64.o:/opt/xilinx/xrt/lib:/tools/Xilinx/SDx/2019.1/lib/lnx64.o/Default:/tools/Xilinx/SDx/2019.1/lib/lnx64.o:/tools/Xilinx/SDx/2019.1/runtime/lib/x86_64:/opt/xilinx/xrt/lib:/tools/Xilinx/SDx/2019.1/lib/lnx64.o/Default:/tools/Xilinx/SDx/2019.1/lib/lnx64.o:/tools/Xilinx/SDx/2019.1/runtime/lib/x86_64:/opt/xilinx/xrt/lib:/tools/Xilinx/SDx/2019.1/lib/lnx64.o/Default:/tools/Xilinx/SDx/2019.1/lib/lnx64.o:/tools/Xilinx/SDx/2019.1/runtime/lib/x86_64:/tools/Xilinx/SDx/2019.1/bin/../lnx64/tools/dot/lib
RDI_INSTALLVER=2019.1
RDI_DATADIR=/tools/Xilinx/SDx/2019.1/data
RDI_INSTALLROOT=/tools/Xilinx
_=/tools/Xilinx/SDx/2019.1/bin/unwrapped/lnx64.o/xocc
XILINX_RS_PORT=33785
XILINX_RS_SESSION=aa89b7ab-d048-4761-bad7-efc3ae5dbd1b


XOCC command line :
------------------------------------------
/tools/Xilinx/SDx/2019.1/bin/unwrapped/lnx64.o/xocc -t hw_emu --platform xilinx_u200_xdma_201830_2 --save-temps --temp_dir ./_x.hw_emu.xilinx_u200_xdma_201830_2/ -c -k kerneldl -Isrc/kernel -oxclbin/kerneldl.hw_emu.xilinx_u200_xdma_201830_2.xo src/kernel/kernel.cpp 
  Options from -O    :  --xp "vivado_prop:run.__KERNEL__.{STEPS.SYNTH_DESIGN.ARGS.MORE OPTIONS}={-directive sdx_optimization_effort_high}" --xp "misc:report=type report_timing_summary name impl_report_timing_summary_route_design_summary steps {route_design} runs {impl_1} options {-max_paths 10}" --xp "misc:report=type report_timing_summary name impl_report_timing_summary_post_route_phys_opt_design_summary steps {post_route_phys_opt_design} runs {impl_1} options {-max_paths 10}"
  Options from *.ini : 
  Options from DSA   : 

Target platform : /tools/Xilinx/SDx/2019.1/platforms/xilinx_u200_xdma_201830_2/xilinx_u200_xdma_201830_2.xpfm


==========================================
new:  steps log generated by SDx for new launch 
timestamp: 23 Oct 2020 11:07:24
------------------------------------------
step: performing high-level synthesis for kernel:kerneldl
timestamp: 23 Oct 2020 11:08:46
launch dir: /home/inaba/alveo/DanQ_fhalf/_x.hw_emu.xilinx_u200_xdma_201830_2/kerneldl.hw_emu.xilinx_u200_xdma_201830_2/kerneldl
cmd: vivado_hls -f /home/inaba/alveo/DanQ_fhalf/_x.hw_emu.xilinx_u200_xdma_201830_2/kerneldl.hw_emu.xilinx_u200_xdma_201830_2/kerneldl/kerneldl.tcl -messageDb vivado_hls.pb
------------------------------------------
XOCC internal step: generating system estimate report file
timestamp: 23 Oct 2020 11:08:46
output: /home/inaba/alveo/DanQ_fhalf/_x.hw_emu.xilinx_u200_xdma_201830_2/reports/kerneldl.hw_emu.xilinx_u200_xdma_201830_2/system_estimate_kerneldl.hw_emu.xilinx_u200_xdma_201830_2.xtxt
